Namespace(checkpoint_path='./pretrain-weights/sam_vit_h_4b8939.pth', model_type='vit_h', device='cuda', voc2012_path='./VOC2012', n_emb=6, lr=0.005, batch_size=32, num_workers=24, epoch=100, unseen_classes=[17, 18, 19, 20])
1848
2148
Initializing a generic context
Initial context: "X X X X X X X X X X X X X X X X"
Number of context words (tokens): 16
epoch [0]
mean IoU: 0.464855  background: 0.795454  foreground: 0.134256
mean IoU: 0.167843  background: 0.795454  aeroplane: 0.166313  bicycle: 0.013753  bird: 0.177322  boat: 0.123618  bottle: 0.040413  bus: 0.217132  car: 0.188276  cat: 0.257993  chair: 0.060479  cow: 0.130240  diningtable: 0.036880  dog: 0.181127  horse: 0.149981  motorbike: 0.127277  person: 0.060799  pottedplant: 0.126267  sheep: nan  sofa: nan  train: nan  tvmonitor: nan
mean IoU: 0.645647  background: 0.859275  foreground: 0.432019
mean IoU: 0.465759  background: 0.859275  aeroplane: 0.741058  bicycle: 0.192702  bird: 0.604209  boat: 0.494910  bottle: 0.292589  bus: 0.670076  car: 0.447552  cat: 0.757158  chair: 0.110861  cow: 0.746158  diningtable: 0.023646  dog: 0.709765  horse: 0.642941  motorbike: 0.485625  person: 0.225749  pottedplant: 0.111756  sheep: 0.722891  sofa: 0.117257  train: 0.576424  tvmonitor: 0.248343

epoch [0] has the best iou: 0.432019
epoch [1]
mean IoU: 0.649854  background: 0.870792  foreground: 0.428917
mean IoU: 0.469102  background: 0.870792  aeroplane: 0.739156  bicycle: 0.246006  bird: 0.549014  boat: 0.528751  bottle: 0.123410  bus: 0.719222  car: 0.500511  cat: 0.778227  chair: 0.056743  cow: 0.582579  diningtable: 0.040353  dog: 0.719206  horse: 0.635567  motorbike: 0.595030  person: 0.135383  pottedplant: 0.154790  sheep: nan  sofa: nan  train: nan  tvmonitor: nan
mean IoU: 0.663799  background: 0.869287  foreground: 0.458310
mean IoU: 0.492761  background: 0.869287  aeroplane: 0.771189  bicycle: 0.234333  bird: 0.611853  boat: 0.571490  bottle: 0.240887  bus: 0.804052  car: 0.451574  cat: 0.817148  chair: 0.068435  cow: 0.672338  diningtable: 0.017496  dog: 0.781929  horse: 0.693769  motorbike: 0.666128  person: 0.142006  pottedplant: 0.136722  sheep: 0.671280  sofa: 0.120110  train: 0.725757  tvmonitor: 0.280191

epoch [1] has the best iou: 0.458310
epoch [2]
mean IoU: 0.679411  background: 0.879497  foreground: 0.479326
mean IoU: 0.515390  background: 0.879497  aeroplane: 0.735665  bicycle: 0.307754  bird: 0.673342  boat: 0.604161  bottle: 0.123402  bus: 0.784424  car: 0.513457  cat: 0.791977  chair: 0.090654  cow: 0.638796  diningtable: 0.092659  dog: 0.747436  horse: 0.743549  motorbike: 0.687652  person: 0.204014  pottedplant: 0.143194  sheep: nan  sofa: nan  train: nan  tvmonitor: nan
mean IoU: 0.698420  background: 0.874718  foreground: 0.522121
mean IoU: 0.527126  background: 0.874718  aeroplane: 0.803896  bicycle: 0.257248  bird: 0.639786  boat: 0.563046  bottle: 0.208319  bus: 0.841487  car: 0.455390  cat: 0.764617  chair: 0.063308  cow: 0.782504  diningtable: 0.104818  dog: 0.732082  horse: 0.701517  motorbike: 0.756656  person: 0.382172  pottedplant: 0.128583  sheep: 0.774146  sofa: 0.201435  train: 0.764198  tvmonitor: 0.269720

epoch [2] has the best iou: 0.522121
epoch [3]
mean IoU: 0.712058  background: 0.894016  foreground: 0.530101
mean IoU: 0.536735  background: 0.894016  aeroplane: 0.773801  bicycle: 0.354400  bird: 0.681090  boat: 0.574751  bottle: 0.090544  bus: 0.779234  car: 0.518751  cat: 0.833573  chair: 0.050571  cow: 0.664660  diningtable: 0.165302  dog: 0.741493  horse: 0.729174  motorbike: 0.733636  person: 0.355191  pottedplant: 0.184313  sheep: nan  sofa: nan  train: nan  tvmonitor: nan
mean IoU: 0.715929  background: 0.894405  foreground: 0.537453
mean IoU: 0.507268  background: 0.894405  aeroplane: 0.794256  bicycle: 0.201837  bird: 0.627730  boat: 0.580666  bottle: 0.041762  bus: 0.817851  car: 0.477171  cat: 0.818945  chair: 0.040216  cow: 0.734601  diningtable: 0.136247  dog: 0.786565  horse: 0.709012  motorbike: 0.734441  person: 0.486617  pottedplant: 0.041769  sheep: 0.755642  sofa: 0.139620  train: 0.697811  tvmonitor: 0.135471

epoch [3] has the best iou: 0.537453
epoch [4]
mean IoU: 0.741315  background: 0.905214  foreground: 0.577415
mean IoU: 0.549775  background: 0.905214  aeroplane: 0.804424  bicycle: 0.268786  bird: 0.680939  boat: 0.604088  bottle: 0.090504  bus: 0.804013  car: 0.528667  cat: 0.848603  chair: 0.056057  cow: 0.682133  diningtable: 0.157909  dog: 0.756528  horse: 0.732129  motorbike: 0.771101  person: 0.530605  pottedplant: 0.124484  sheep: nan  sofa: nan  train: nan  tvmonitor: nan
mean IoU: 0.745665  background: 0.901469  foreground: 0.589862
mean IoU: 0.549415  background: 0.901469  aeroplane: 0.830345  bicycle: 0.248252  bird: 0.682852  boat: 0.552927  bottle: 0.203337  bus: 0.814319  car: 0.493692  cat: 0.807720  chair: 0.054804  cow: 0.781631  diningtable: 0.252819  dog: 0.783286  horse: 0.758210  motorbike: 0.761986  person: 0.660735  pottedplant: 0.061631  sheep: 0.783676  sofa: 0.137336  train: 0.743321  tvmonitor: 0.223360

epoch [4] has the best iou: 0.589862
epoch [5]
mean IoU: 0.751719  background: 0.908894  foreground: 0.594545
mean IoU: 0.554361  background: 0.908894  aeroplane: 0.792445  bicycle: 0.332112  bird: 0.688354  boat: 0.563155  bottle: 0.075991  bus: 0.820899  car: 0.533394  cat: 0.866085  chair: 0.066088  cow: 0.667031  diningtable: 0.123131  dog: 0.750174  horse: 0.719008  motorbike: 0.787693  person: 0.614124  pottedplant: 0.115554  sheep: nan  sofa: nan  train: nan  tvmonitor: nan
mean IoU: 0.735757  background: 0.897577  foreground: 0.573937
mean IoU: 0.547996  background: 0.897577  aeroplane: 0.816200  bicycle: 0.300304  bird: 0.643142  boat: 0.626970  bottle: 0.198931  bus: 0.824263  car: 0.480014  cat: 0.780540  chair: 0.084461  cow: 0.770928  diningtable: 0.137386  dog: 0.744698  horse: 0.735274  motorbike: 0.799500  person: 0.622910  pottedplant: 0.135518  sheep: 0.788220  sofa: 0.156799  train: 0.762228  tvmonitor: 0.202052

epoch [6]
mean IoU: 0.760933  background: 0.911233  foreground: 0.610632
mean IoU: 0.570156  background: 0.911233  aeroplane: 0.794529  bicycle: 0.318702  bird: 0.673825  boat: 0.636000  bottle: 0.074098  bus: 0.834572  car: 0.514840  cat: 0.831721  chair: 0.054033  cow: 0.705525  diningtable: 0.175929  dog: 0.759281  horse: 0.783217  motorbike: 0.780173  person: 0.659405  pottedplant: 0.185568  sheep: nan  sofa: nan  train: nan  tvmonitor: nan
mean IoU: 0.751051  background: 0.903926  foreground: 0.598175
mean IoU: 0.555504  background: 0.903926  aeroplane: 0.863440  bicycle: 0.278229  bird: 0.661707  boat: 0.626856  bottle: 0.211529  bus: 0.805288  car: 0.475082  cat: 0.820705  chair: 0.080084  cow: 0.782508  diningtable: 0.221734  dog: 0.788223  horse: 0.734864  motorbike: 0.751243  person: 0.715889  pottedplant: 0.080617  sheep: 0.755152  sofa: 0.131369  train: 0.763330  tvmonitor: 0.213815

epoch [6] has the best iou: 0.598175
epoch [7]
mean IoU: 0.772033  background: 0.916150  foreground: 0.627915
mean IoU: 0.581199  background: 0.916150  aeroplane: 0.809754  bicycle: 0.374825  bird: 0.688133  boat: 0.589219  bottle: 0.086791  bus: 0.830003  car: 0.532516  cat: 0.865388  chair: 0.079010  cow: 0.707826  diningtable: 0.230747  dog: 0.752488  horse: 0.767624  motorbike: 0.789868  person: 0.705648  pottedplant: 0.154397  sheep: nan  sofa: nan  train: nan  tvmonitor: nan
mean IoU: 0.761649  background: 0.904640  foreground: 0.618659
mean IoU: 0.570425  background: 0.904640  aeroplane: 0.848212  bicycle: 0.187049  bird: 0.674296  boat: 0.627497  bottle: 0.230101  bus: 0.864226  car: 0.485848  cat: 0.831496  chair: 0.083164  cow: 0.802007  diningtable: 0.212233  dog: 0.776828  horse: 0.752977  motorbike: 0.787977  person: 0.732484  pottedplant: 0.130472  sheep: 0.776748  sofa: 0.195127  train: 0.818885  tvmonitor: 0.256650

epoch [7] has the best iou: 0.618659
epoch [8]
mean IoU: 0.772679  background: 0.916377  foreground: 0.628981
mean IoU: 0.587197  background: 0.916377  aeroplane: 0.796425  bicycle: 0.330724  bird: 0.727224  boat: 0.636938  bottle: 0.133887  bus: 0.846564  car: 0.534991  cat: 0.863840  chair: 0.088205  cow: 0.683234  diningtable: 0.240293  dog: 0.725951  horse: 0.782821  motorbike: 0.809337  person: 0.699025  pottedplant: 0.166519  sheep: nan  sofa: nan  train: nan  tvmonitor: nan
mean IoU: 0.758149  background: 0.907081  foreground: 0.609217
mean IoU: 0.554626  background: 0.907081  aeroplane: 0.850672  bicycle: 0.238381  bird: 0.671332  boat: 0.652809  bottle: 0.138102  bus: 0.805173  car: 0.468239  cat: 0.805311  chair: 0.071344  cow: 0.753648  diningtable: 0.259557  dog: 0.762729  horse: 0.764332  motorbike: 0.807935  person: 0.734102  pottedplant: 0.044146  sheep: 0.769577  sofa: 0.114498  train: 0.813948  tvmonitor: 0.214225

epoch [9]
mean IoU: 0.778309  background: 0.918187  foreground: 0.638431
mean IoU: 0.596031  background: 0.918187  aeroplane: 0.764621  bicycle: 0.381387  bird: 0.741681  boat: 0.679742  bottle: 0.108426  bus: 0.819191  car: 0.533597  cat: 0.872130  chair: 0.074494  cow: 0.721388  diningtable: 0.236256  dog: 0.755061  horse: 0.788745  motorbike: 0.809839  person: 0.716516  pottedplant: 0.211272  sheep: nan  sofa: nan  train: nan  tvmonitor: nan
mean IoU: 0.757853  background: 0.908568  foreground: 0.607138
mean IoU: 0.561322  background: 0.908568  aeroplane: 0.862141  bicycle: 0.292418  bird: 0.705696  boat: 0.641457  bottle: 0.094646  bus: 0.854789  car: 0.488163  cat: 0.800498  chair: 0.047622  cow: 0.801498  diningtable: 0.265555  dog: 0.778825  horse: 0.766100  motorbike: 0.791072  person: 0.696116  pottedplant: 0.114279  sheep: 0.773660  sofa: 0.118612  train: 0.819660  tvmonitor: 0.166384

epoch [10]
mean IoU: 0.783636  background: 0.921181  foreground: 0.646090
mean IoU: 0.600636  background: 0.921181  aeroplane: 0.822628  bicycle: 0.392347  bird: 0.770545  boat: 0.671288  bottle: 0.143433  bus: 0.837814  car: 0.535852  cat: 0.873155  chair: 0.074761  cow: 0.765500  diningtable: 0.193870  dog: 0.766354  horse: 0.781236  motorbike: 0.809270  person: 0.731405  pottedplant: 0.120169  sheep: nan  sofa: nan  train: nan  tvmonitor: nan
mean IoU: 0.764323  background: 0.910149  foreground: 0.618497
mean IoU: 0.563637  background: 0.910149  aeroplane: 0.821351  bicycle: 0.285382  bird: 0.708408  boat: 0.629722  bottle: 0.237566  bus: 0.829326  car: 0.461606  cat: 0.824350  chair: 0.082535  cow: 0.787781  diningtable: 0.170274  dog: 0.801056  horse: 0.745432  motorbike: 0.798163  person: 0.763550  pottedplant: 0.094016  sheep: 0.752588  sofa: 0.135303  train: 0.788486  tvmonitor: 0.209338

epoch [11]
mean IoU: 0.791198  background: 0.924199  foreground: 0.658196
mean IoU: 0.612464  background: 0.924199  aeroplane: 0.811217  bicycle: 0.403591  bird: 0.757105  boat: 0.689153  bottle: 0.135545  bus: 0.838189  car: 0.536785  cat: 0.880455  chair: 0.103516  cow: 0.765973  diningtable: 0.228455  dog: 0.762090  horse: 0.770619  motorbike: 0.823811  person: 0.749011  pottedplant: 0.232177  sheep: nan  sofa: nan  train: nan  tvmonitor: nan
mean IoU: 0.766970  background: 0.911234  foreground: 0.622706
mean IoU: 0.574317  background: 0.911234  aeroplane: 0.866819  bicycle: 0.332134  bird: 0.675579  boat: 0.639423  bottle: 0.208452  bus: 0.849424  car: 0.476957  cat: 0.831549  chair: 0.106528  cow: 0.826563  diningtable: 0.227032  dog: 0.755713  horse: 0.761013  motorbike: 0.795831  person: 0.753225  pottedplant: 0.113681  sheep: 0.764272  sofa: 0.155926  train: 0.798049  tvmonitor: 0.211244

epoch [11] has the best iou: 0.622706
epoch [12]
mean IoU: 0.797582  background: 0.926417  foreground: 0.668748
mean IoU: 0.625821  background: 0.926417  aeroplane: 0.828115  bicycle: 0.399494  bird: 0.812749  boat: 0.674642  bottle: 0.158729  bus: 0.862158  car: 0.541461  cat: 0.893598  chair: 0.124864  cow: 0.755758  diningtable: 0.310204  dog: 0.759771  horse: 0.788333  motorbike: 0.846369  person: 0.745071  pottedplant: 0.211219  sheep: nan  sofa: nan  train: nan  tvmonitor: nan
mean IoU: 0.765458  background: 0.912048  foreground: 0.618867
mean IoU: 0.561155  background: 0.912048  aeroplane: 0.867992  bicycle: 0.208184  bird: 0.681376  boat: 0.635418  bottle: 0.190915  bus: 0.845019  car: 0.450516  cat: 0.831961  chair: 0.126062  cow: 0.783633  diningtable: 0.294803  dog: 0.796107  horse: 0.748013  motorbike: 0.796668  person: 0.743838  pottedplant: 0.072870  sheep: 0.745953  sofa: 0.145529  train: 0.771783  tvmonitor: 0.135562

epoch [13]
mean IoU: 0.794027  background: 0.925433  foreground: 0.662622
mean IoU: 0.619946  background: 0.925433  aeroplane: 0.838028  bicycle: 0.371402  bird: 0.817317  boat: 0.692801  bottle: 0.203601  bus: 0.851768  car: 0.517774  cat: 0.897800  chair: 0.156331  cow: 0.727191  diningtable: 0.244669  dog: 0.791281  horse: 0.817274  motorbike: 0.792977  person: 0.742541  pottedplant: 0.150894  sheep: nan  sofa: nan  train: nan  tvmonitor: nan
mean IoU: 0.772324  background: 0.909822  foreground: 0.634826
mean IoU: 0.594437  background: 0.909822  aeroplane: 0.858830  bicycle: 0.334904  bird: 0.708930  boat: 0.656454  bottle: 0.281310  bus: 0.861849  car: 0.476153  cat: 0.824984  chair: 0.136181  cow: 0.804902  diningtable: 0.296320  dog: 0.759474  horse: 0.760879  motorbike: 0.789346  person: 0.768121  pottedplant: 0.213179  sheep: 0.784149  sofa: 0.172549  train: 0.822200  tvmonitor: 0.262641

epoch [13] has the best iou: 0.634826
epoch [14]
mean IoU: 0.799284  background: 0.926903  foreground: 0.671665
mean IoU: 0.632977  background: 0.926903  aeroplane: 0.859742  bicycle: 0.432968  bird: 0.782297  boat: 0.737668  bottle: 0.162622  bus: 0.855316  car: 0.549142  cat: 0.877474  chair: 0.160769  cow: 0.755712  diningtable: 0.315048  dog: 0.768731  horse: 0.799932  motorbike: 0.830958  person: 0.756499  pottedplant: 0.188831  sheep: nan  sofa: nan  train: nan  tvmonitor: nan
mean IoU: 0.773674  background: 0.912636  foreground: 0.634713
mean IoU: 0.585466  background: 0.912636  aeroplane: 0.830241  bicycle: 0.315100  bird: 0.674931  boat: 0.647581  bottle: 0.295905  bus: 0.866565  car: 0.485813  cat: 0.823819  chair: 0.150335  cow: 0.797537  diningtable: 0.337270  dog: 0.795950  horse: 0.752620  motorbike: 0.796223  person: 0.774817  pottedplant: 0.111703  sheep: 0.751997  sofa: 0.156869  train: 0.814605  tvmonitor: 0.202263

epoch [15]
mean IoU: 0.805858  background: 0.928991  foreground: 0.682724
mean IoU: 0.641389  background: 0.928991  aeroplane: 0.818109  bicycle: 0.431246  bird: 0.766033  boat: 0.756121  bottle: 0.177546  bus: 0.862411  car: 0.544246  cat: 0.903307  chair: 0.157359  cow: 0.765978  diningtable: 0.387440  dog: 0.777477  horse: 0.816809  motorbike: 0.832466  person: 0.775805  pottedplant: 0.202266  sheep: nan  sofa: nan  train: nan  tvmonitor: nan
mean IoU: 0.772149  background: 0.913521  foreground: 0.630776
mean IoU: 0.572405  background: 0.913521  aeroplane: 0.833888  bicycle: 0.314901  bird: 0.715441  boat: 0.652773  bottle: 0.178083  bus: 0.827074  car: 0.477326  cat: 0.829957  chair: 0.122409  cow: 0.804440  diningtable: 0.244425  dog: 0.781178  horse: 0.778902  motorbike: 0.811448  person: 0.785361  pottedplant: 0.170186  sheep: 0.760237  sofa: 0.167681  train: 0.778212  tvmonitor: 0.073055

epoch [16]
mean IoU: 0.808832  background: 0.930279  foreground: 0.687384
mean IoU: 0.647055  background: 0.930279  aeroplane: 0.842823  bicycle: 0.427530  bird: 0.821216  boat: 0.749382  bottle: 0.204912  bus: 0.852359  car: 0.563059  cat: 0.904341  chair: 0.175777  cow: 0.775267  diningtable: 0.373987  dog: 0.785520  horse: 0.821914  motorbike: 0.833042  person: 0.758333  pottedplant: 0.180199  sheep: nan  sofa: nan  train: nan  tvmonitor: nan
mean IoU: 0.774948  background: 0.913700  foreground: 0.636195
mean IoU: 0.582347  background: 0.913700  aeroplane: 0.858776  bicycle: 0.317157  bird: 0.709071  boat: 0.665996  bottle: 0.310939  bus: 0.874311  car: 0.467427  cat: 0.838447  chair: 0.090154  cow: 0.785471  diningtable: 0.258405  dog: 0.771175  horse: 0.796301  motorbike: 0.798307  person: 0.784400  pottedplant: 0.116375  sheep: 0.742282  sofa: 0.146950  train: 0.833562  tvmonitor: 0.150079

epoch [16] has the best iou: 0.636195
epoch [17]
mean IoU: 0.804274  background: 0.928427  foreground: 0.680122
mean IoU: 0.638265  background: 0.928427  aeroplane: 0.813581  bicycle: 0.423248  bird: 0.785897  boat: 0.758012  bottle: 0.163460  bus: 0.863521  car: 0.593712  cat: 0.905565  chair: 0.180984  cow: 0.776357  diningtable: 0.334227  dog: 0.776313  horse: 0.812740  motorbike: 0.805027  person: 0.768938  pottedplant: 0.160493  sheep: nan  sofa: nan  train: nan  tvmonitor: nan
mean IoU: 0.776831  background: 0.914997  foreground: 0.638664
mean IoU: 0.579696  background: 0.914997  aeroplane: 0.861013  bicycle: 0.296969  bird: 0.689786  boat: 0.657143  bottle: 0.218590  bus: 0.858528  car: 0.493389  cat: 0.825622  chair: 0.176932  cow: 0.813478  diningtable: 0.279218  dog: 0.792798  horse: 0.782288  motorbike: 0.809624  person: 0.779332  pottedplant: 0.104614  sheep: 0.739205  sofa: 0.169909  train: 0.814613  tvmonitor: 0.095559

epoch [17] has the best iou: 0.638664
epoch [18]
mean IoU: 0.814451  background: 0.931929  foreground: 0.696972
mean IoU: 0.655948  background: 0.931929  aeroplane: 0.839904  bicycle: 0.436366  bird: 0.810142  boat: 0.757219  bottle: 0.164881  bus: 0.845502  car: 0.583877  cat: 0.911587  chair: 0.192793  cow: 0.801416  diningtable: 0.393746  dog: 0.787758  horse: 0.797665  motorbike: 0.843234  person: 0.782121  pottedplant: 0.270970  sheep: nan  sofa: nan  train: nan  tvmonitor: nan
mean IoU: 0.776308  background: 0.911801  foreground: 0.640815
mean IoU: 0.597475  background: 0.911801  aeroplane: 0.873765  bicycle: 0.353667  bird: 0.707528  boat: 0.657680  bottle: 0.339206  bus: 0.860868  car: 0.480594  cat: 0.830492  chair: 0.220543  cow: 0.789226  diningtable: 0.258346  dog: 0.745447  horse: 0.801171  motorbike: 0.799218  person: 0.781022  pottedplant: 0.150204  sheep: 0.783563  sofa: 0.200450  train: 0.835429  tvmonitor: 0.166760

epoch [18] has the best iou: 0.640815
epoch [19]
mean IoU: 0.810835  background: 0.930492  foreground: 0.691178
mean IoU: 0.642988  background: 0.930492  aeroplane: 0.866367  bicycle: 0.422928  bird: 0.773118  boat: 0.779448  bottle: 0.098789  bus: 0.855884  car: 0.564435  cat: 0.905409  chair: 0.244619  cow: 0.779762  diningtable: 0.414095  dog: 0.772281  horse: 0.811965  motorbike: 0.814867  person: 0.789512  pottedplant: 0.106835  sheep: nan  sofa: nan  train: nan  tvmonitor: nan
mean IoU: 0.771643  background: 0.911924  foreground: 0.631362
mean IoU: 0.576789  background: 0.911924  aeroplane: 0.879893  bicycle: 0.367268  bird: 0.671412  boat: 0.622853  bottle: 0.204526  bus: 0.844977  car: 0.497312  cat: 0.785535  chair: 0.159164  cow: 0.766481  diningtable: 0.236434  dog: 0.783857  horse: 0.794122  motorbike: 0.807327  person: 0.795629  pottedplant: 0.060667  sheep: 0.739383  sofa: 0.196334  train: 0.810093  tvmonitor: 0.177385

epoch [20]
mean IoU: 0.817981  background: 0.933298  foreground: 0.702665
mean IoU: 0.665353  background: 0.933298  aeroplane: 0.866989  bicycle: 0.445172  bird: 0.806967  boat: 0.768659  bottle: 0.216211  bus: 0.854313  car: 0.633265  cat: 0.894630  chair: 0.215912  cow: 0.763447  diningtable: 0.393821  dog: 0.788473  horse: 0.830100  motorbike: 0.825709  person: 0.782340  pottedplant: 0.291702  sheep: nan  sofa: nan  train: nan  tvmonitor: nan
mean IoU: 0.768480  background: 0.914452  foreground: 0.622508
mean IoU: 0.566744  background: 0.914452  aeroplane: 0.865842  bicycle: 0.344237  bird: 0.710130  boat: 0.629177  bottle: 0.144881  bus: 0.863200  car: 0.324465  cat: 0.818304  chair: 0.173069  cow: 0.739223  diningtable: 0.343306  dog: 0.799939  horse: 0.794720  motorbike: 0.799469  person: 0.760188  pottedplant: 0.101926  sheep: 0.713888  sofa: 0.158677  train: 0.811138  tvmonitor: 0.091399

epoch [21]
mean IoU: 0.815610  background: 0.932717  foreground: 0.698503
mean IoU: 0.661820  background: 0.932717  aeroplane: 0.872620  bicycle: 0.458170  bird: 0.817140  boat: 0.761149  bottle: 0.174838  bus: 0.866718  car: 0.569512  cat: 0.901512  chair: 0.245416  cow: 0.782524  diningtable: 0.395429  dog: 0.793620  horse: 0.826119  motorbike: 0.829765  person: 0.775501  pottedplant: 0.248191  sheep: nan  sofa: nan  train: nan  tvmonitor: nan
mean IoU: 0.765069  background: 0.910888  foreground: 0.619250
mean IoU: 0.558372  background: 0.910888  aeroplane: 0.859851  bicycle: 0.257301  bird: 0.707888  boat: 0.662477  bottle: 0.154456  bus: 0.823627  car: 0.480062  cat: 0.823931  chair: 0.169978  cow: 0.748689  diningtable: 0.322091  dog: 0.734548  horse: 0.723532  motorbike: 0.777790  person: 0.783009  pottedplant: 0.085897  sheep: 0.742231  sofa: 0.122056  train: 0.797978  tvmonitor: 0.037528

epoch [22]
mean IoU: 0.810189  background: 0.930355  foreground: 0.690023
mean IoU: 0.654943  background: 0.930355  aeroplane: 0.884192  bicycle: 0.432492  bird: 0.814908  boat: 0.760454  bottle: 0.222925  bus: 0.851561  car: 0.574323  cat: 0.895978  chair: 0.230512  cow: 0.750709  diningtable: 0.350419  dog: 0.765198  horse: 0.819064  motorbike: 0.851801  person: 0.763426  pottedplant: 0.235708  sheep: nan  sofa: nan  train: nan  tvmonitor: nan
mean IoU: 0.764679  background: 0.911974  foreground: 0.617385
mean IoU: 0.563144  background: 0.911974  aeroplane: 0.852286  bicycle: 0.265605  bird: 0.710813  boat: 0.608427  bottle: 0.204777  bus: 0.837944  car: 0.324022  cat: 0.821431  chair: 0.194428  cow: 0.819101  diningtable: 0.373014  dog: 0.788142  horse: 0.790829  motorbike: 0.798331  person: 0.742524  pottedplant: 0.066371  sheep: 0.763895  sofa: 0.152512  train: 0.764726  tvmonitor: 0.034883

epoch [23]
mean IoU: 0.817952  background: 0.933695  foreground: 0.702210
mean IoU: 0.663980  background: 0.933695  aeroplane: 0.877178  bicycle: 0.492800  bird: 0.830909  boat: 0.781321  bottle: 0.172648  bus: 0.864743  car: 0.593988  cat: 0.922834  chair: 0.212661  cow: 0.819633  diningtable: 0.375937  dog: 0.790423  horse: 0.799362  motorbike: 0.810728  person: 0.776096  pottedplant: 0.232710  sheep: nan  sofa: nan  train: nan  tvmonitor: nan
mean IoU: 0.779973  background: 0.915918  foreground: 0.644028
mean IoU: 0.590459  background: 0.915918  aeroplane: 0.860567  bicycle: 0.343718  bird: 0.722865  boat: 0.639909  bottle: 0.383765  bus: 0.849820  car: 0.488272  cat: 0.843757  chair: 0.067146  cow: 0.749807  diningtable: 0.334926  dog: 0.822019  horse: 0.760374  motorbike: 0.787797  person: 0.794503  pottedplant: 0.114856  sheep: 0.713678  sofa: 0.180802  train: 0.825315  tvmonitor: 0.199823

epoch [23] has the best iou: 0.644028
epoch [24]
mean IoU: 0.822359  background: 0.934960  foreground: 0.709758
mean IoU: 0.674797  background: 0.934960  aeroplane: 0.871965  bicycle: 0.455967  bird: 0.805537  boat: 0.762197  bottle: 0.243382  bus: 0.852862  car: 0.570399  cat: 0.926297  chair: 0.257594  cow: 0.811001  diningtable: 0.387355  dog: 0.789587  horse: 0.844727  motorbike: 0.848690  person: 0.784130  pottedplant: 0.324906  sheep: nan  sofa: nan  train: nan  tvmonitor: nan
mean IoU: 0.778128  background: 0.914705  foreground: 0.641551
mean IoU: 0.590508  background: 0.914705  aeroplane: 0.832937  bicycle: 0.330942  bird: 0.705828  boat: 0.632129  bottle: 0.284590  bus: 0.871212  car: 0.434851  cat: 0.823419  chair: 0.197375  cow: 0.764696  diningtable: 0.338675  dog: 0.809332  horse: 0.769028  motorbike: 0.796768  person: 0.785670  pottedplant: 0.098968  sheep: 0.790008  sofa: 0.218406  train: 0.810666  tvmonitor: 0.190466

epoch [25]
mean IoU: 0.819560  background: 0.934190  foreground: 0.704931
mean IoU: 0.666413  background: 0.934190  aeroplane: 0.837274  bicycle: 0.394626  bird: 0.822094  boat: 0.767802  bottle: 0.205218  bus: 0.845897  car: 0.598289  cat: 0.915462  chair: 0.221787  cow: 0.787229  diningtable: 0.418060  dog: 0.791324  horse: 0.821412  motorbike: 0.853984  person: 0.794924  pottedplant: 0.319457  sheep: nan  sofa: nan  train: nan  tvmonitor: nan
mean IoU: 0.756035  background: 0.910018  foreground: 0.602053
mean IoU: 0.535593  background: 0.910018  aeroplane: 0.844090  bicycle: 0.264763  bird: 0.665869  boat: 0.585320  bottle: 0.115681  bus: 0.818918  car: 0.275083  cat: 0.848335  chair: 0.052981  cow: 0.709087  diningtable: 0.304034  dog: 0.748080  horse: 0.790003  motorbike: 0.791889  person: 0.774824  pottedplant: 0.048366  sheep: 0.765213  sofa: 0.111551  train: 0.778389  tvmonitor: 0.044969

epoch [26]
mean IoU: 0.821032  background: 0.934493  foreground: 0.707572
mean IoU: 0.665196  background: 0.934493  aeroplane: 0.850692  bicycle: 0.435874  bird: 0.838393  boat: 0.763918  bottle: 0.173637  bus: 0.870177  car: 0.612493  cat: 0.912429  chair: 0.142016  cow: 0.765318  diningtable: 0.445723  dog: 0.819753  horse: 0.832114  motorbike: 0.845677  person: 0.780808  pottedplant: 0.284815  sheep: nan  sofa: nan  train: nan  tvmonitor: nan
mean IoU: 0.782316  background: 0.917535  foreground: 0.647097
mean IoU: 0.591655  background: 0.917535  aeroplane: 0.859934  bicycle: 0.331435  bird: 0.697689  boat: 0.645957  bottle: 0.288083  bus: 0.851879  car: 0.468353  cat: 0.849949  chair: 0.230536  cow: 0.777492  diningtable: 0.359915  dog: 0.780463  horse: 0.799172  motorbike: 0.787575  person: 0.790772  pottedplant: 0.096513  sheep: 0.733300  sofa: 0.216251  train: 0.815375  tvmonitor: 0.126579

epoch [26] has the best iou: 0.647097
epoch [27]
mean IoU: 0.829116  background: 0.938106  foreground: 0.720125
mean IoU: 0.684212  background: 0.938106  aeroplane: 0.864023  bicycle: 0.484238  bird: 0.836498  boat: 0.763184  bottle: 0.285067  bus: 0.857369  car: 0.558010  cat: 0.925792  chair: 0.263008  cow: 0.835376  diningtable: 0.408453  dog: 0.822368  horse: 0.830639  motorbike: 0.853376  person: 0.802006  pottedplant: 0.304090  sheep: nan  sofa: nan  train: nan  tvmonitor: nan
mean IoU: 0.763144  background: 0.912061  foreground: 0.614228
mean IoU: 0.550631  background: 0.912061  aeroplane: 0.842904  bicycle: 0.275234  bird: 0.699160  boat: 0.513379  bottle: 0.296435  bus: 0.833833  car: 0.090652  cat: 0.833767  chair: 0.215400  cow: 0.796292  diningtable: 0.336812  dog: 0.778027  horse: 0.799535  motorbike: 0.784865  person: 0.786997  pottedplant: 0.052406  sheep: 0.756430  sofa: 0.170837  train: 0.680627  tvmonitor: 0.107599

epoch [28]
mean IoU: 0.832716  background: 0.938640  foreground: 0.726791
mean IoU: 0.687365  background: 0.938640  aeroplane: 0.856676  bicycle: 0.451201  bird: 0.831162  boat: 0.756595  bottle: 0.265250  bus: 0.863048  car: 0.593117  cat: 0.926863  chair: 0.246360  cow: 0.835874  diningtable: 0.459199  dog: 0.814878  horse: 0.858376  motorbike: 0.866687  person: 0.800696  pottedplant: 0.320581  sheep: nan  sofa: nan  train: nan  tvmonitor: nan
mean IoU: 0.781657  background: 0.915620  foreground: 0.647694
mean IoU: 0.607465  background: 0.915620  aeroplane: 0.873362  bicycle: 0.336252  bird: 0.723614  boat: 0.638312  bottle: 0.432120  bus: 0.842320  car: 0.505946  cat: 0.832079  chair: 0.221426  cow: 0.846673  diningtable: 0.309191  dog: 0.767260  horse: 0.829818  motorbike: 0.806017  person: 0.792233  pottedplant: 0.133127  sheep: 0.766523  sofa: 0.211588  train: 0.810109  tvmonitor: 0.163165

epoch [28] has the best iou: 0.647694
epoch [29]
mean IoU: 0.834380  background: 0.939839  foreground: 0.728921
mean IoU: 0.691382  background: 0.939839  aeroplane: 0.876560  bicycle: 0.446061  bird: 0.806536  boat: 0.782765  bottle: 0.346295  bus: 0.867070  car: 0.600740  cat: 0.924164  chair: 0.275922  cow: 0.858400  diningtable: 0.428505  dog: 0.816594  horse: 0.856610  motorbike: 0.852829  person: 0.809326  pottedplant: 0.265273  sheep: nan  sofa: nan  train: nan  tvmonitor: nan
mean IoU: 0.781979  background: 0.914771  foreground: 0.649186
mean IoU: 0.607967  background: 0.914771  aeroplane: 0.876628  bicycle: 0.340788  bird: 0.696358  boat: 0.674491  bottle: 0.428859  bus: 0.847755  car: 0.470899  cat: 0.846422  chair: 0.238020  cow: 0.790588  diningtable: 0.360498  dog: 0.776797  horse: 0.826500  motorbike: 0.810583  person: 0.793968  pottedplant: 0.091369  sheep: 0.766343  sofa: 0.212465  train: 0.823181  tvmonitor: 0.180022

epoch [29] has the best iou: 0.649186
epoch [30]
mean IoU: 0.834210  background: 0.939350  foreground: 0.729070
mean IoU: 0.697591  background: 0.939350  aeroplane: 0.885046  bicycle: 0.498812  bird: 0.861595  boat: 0.791530  bottle: 0.268771  bus: 0.869990  car: 0.635426  cat: 0.934887  chair: 0.270439  cow: 0.860464  diningtable: 0.432554  dog: 0.809332  horse: 0.856328  motorbike: 0.832816  person: 0.795420  pottedplant: 0.316286  sheep: nan  sofa: nan  train: nan  tvmonitor: nan
mean IoU: 0.776105  background: 0.915510  foreground: 0.636701
mean IoU: 0.587917  background: 0.915510  aeroplane: 0.879802  bicycle: 0.324890  bird: 0.696968  boat: 0.613783  bottle: 0.376933  bus: 0.843777  car: 0.458509  cat: 0.843664  chair: 0.219884  cow: 0.713535  diningtable: 0.265178  dog: 0.770675  horse: 0.803183  motorbike: 0.810001  person: 0.797070  pottedplant: 0.132482  sheep: 0.752402  sofa: 0.211899  train: 0.796005  tvmonitor: 0.120118

epoch [31]
mean IoU: 0.837390  background: 0.940889  foreground: 0.733892
mean IoU: 0.704718  background: 0.940889  aeroplane: 0.891179  bicycle: 0.517868  bird: 0.857404  boat: 0.804248  bottle: 0.292814  bus: 0.884296  car: 0.591851  cat: 0.934458  chair: 0.322607  cow: 0.849602  diningtable: 0.410235  dog: 0.814874  horse: 0.862200  motorbike: 0.874920  person: 0.798623  pottedplant: 0.332149  sheep: nan  sofa: nan  train: nan  tvmonitor: nan
mean IoU: 0.785220  background: 0.918555  foreground: 0.651884
mean IoU: 0.594037  background: 0.918555  aeroplane: 0.885667  bicycle: 0.362478  bird: 0.695106  boat: 0.644192  bottle: 0.224958  bus: 0.857344  car: 0.502530  cat: 0.828911  chair: 0.229404  cow: 0.750864  diningtable: 0.363922  dog: 0.781727  horse: 0.819736  motorbike: 0.816481  person: 0.796872  pottedplant: 0.115770  sheep: 0.782566  sofa: 0.224910  train: 0.804148  tvmonitor: 0.068639

epoch [31] has the best iou: 0.651884
epoch [32]
mean IoU: 0.839490  background: 0.941485  foreground: 0.737495
mean IoU: 0.704654  background: 0.941485  aeroplane: 0.879703  bicycle: 0.480647  bird: 0.856274  boat: 0.769660  bottle: 0.275470  bus: 0.861732  car: 0.642620  cat: 0.918691  chair: 0.347464  cow: 0.868924  diningtable: 0.478147  dog: 0.807137  horse: 0.875886  motorbike: 0.826843  person: 0.798693  pottedplant: 0.349743  sheep: nan  sofa: nan  train: nan  tvmonitor: nan
mean IoU: 0.780455  background: 0.916386  foreground: 0.644525
mean IoU: 0.584959  background: 0.916386  aeroplane: 0.832667  bicycle: 0.335684  bird: 0.686566  boat: 0.636215  bottle: 0.279542  bus: 0.857118  car: 0.390827  cat: 0.826589  chair: 0.219116  cow: 0.798582  diningtable: 0.372772  dog: 0.772458  horse: 0.815160  motorbike: 0.748047  person: 0.790544  pottedplant: 0.111506  sheep: 0.760800  sofa: 0.262273  train: 0.792809  tvmonitor: 0.078471

epoch [33]
mean IoU: 0.841803  background: 0.942380  foreground: 0.741227
mean IoU: 0.705346  background: 0.942380  aeroplane: 0.856400  bicycle: 0.553387  bird: 0.849338  boat: 0.778069  bottle: 0.245249  bus: 0.882871  car: 0.627623  cat: 0.929305  chair: 0.291786  cow: 0.838703  diningtable: 0.479056  dog: 0.816031  horse: 0.870794  motorbike: 0.837494  person: 0.816698  pottedplant: 0.375693  sheep: nan  sofa: nan  train: nan  tvmonitor: nan
mean IoU: 0.778419  background: 0.914074  foreground: 0.642765
mean IoU: 0.603318  background: 0.914074  aeroplane: 0.874056  bicycle: 0.351661  bird: 0.736215  boat: 0.625402  bottle: 0.378019  bus: 0.847029  car: 0.472461  cat: 0.817496  chair: 0.247778  cow: 0.760827  diningtable: 0.360502  dog: 0.747802  horse: 0.802807  motorbike: 0.797534  person: 0.793753  pottedplant: 0.174708  sheep: 0.798576  sofa: 0.234857  train: 0.818618  tvmonitor: 0.115510

epoch [34]
mean IoU: 0.836123  background: 0.939768  foreground: 0.732478
mean IoU: 0.706371  background: 0.939768  aeroplane: 0.886424  bicycle: 0.502565  bird: 0.815118  boat: 0.783170  bottle: 0.391620  bus: 0.860812  car: 0.647015  cat: 0.930947  chair: 0.301019  cow: 0.871889  diningtable: 0.430141  dog: 0.822034  horse: 0.843785  motorbike: 0.842173  person: 0.798444  pottedplant: 0.341385  sheep: nan  sofa: nan  train: nan  tvmonitor: nan
mean IoU: 0.780938  background: 0.915908  foreground: 0.645968
mean IoU: 0.593961  background: 0.915908  aeroplane: 0.845271  bicycle: 0.368980  bird: 0.704674  boat: 0.651357  bottle: 0.207832  bus: 0.844291  car: 0.487488  cat: 0.850140  chair: 0.235626  cow: 0.793634  diningtable: 0.332136  dog: 0.799707  horse: 0.803885  motorbike: 0.802831  person: 0.796340  pottedplant: 0.107492  sheep: 0.784863  sofa: 0.175046  train: 0.809529  tvmonitor: 0.156154

epoch [35]
mean IoU: 0.839962  background: 0.941944  foreground: 0.737981
mean IoU: 0.712625  background: 0.941944  aeroplane: 0.900917  bicycle: 0.542446  bird: 0.836003  boat: 0.804737  bottle: 0.327793  bus: 0.862908  car: 0.646174  cat: 0.931958  chair: 0.326798  cow: 0.838628  diningtable: 0.461811  dog: 0.812255  horse: 0.873976  motorbike: 0.877479  person: 0.793467  pottedplant: 0.335337  sheep: nan  sofa: nan  train: nan  tvmonitor: nan
mean IoU: 0.783464  background: 0.917756  foreground: 0.649173
mean IoU: 0.598124  background: 0.917756  aeroplane: 0.842188  bicycle: 0.365701  bird: 0.731626  boat: 0.615448  bottle: 0.361491  bus: 0.855251  car: 0.443544  cat: 0.843578  chair: 0.236017  cow: 0.775589  diningtable: 0.231680  dog: 0.801144  horse: 0.825359  motorbike: 0.818823  person: 0.793796  pottedplant: 0.140814  sheep: 0.811217  sofa: 0.165764  train: 0.818444  tvmonitor: 0.165378

epoch [36]
mean IoU: 0.839966  background: 0.941218  foreground: 0.738715
mean IoU: 0.705334  background: 0.941218  aeroplane: 0.852118  bicycle: 0.500912  bird: 0.830348  boat: 0.769432  bottle: 0.305281  bus: 0.877981  car: 0.697197  cat: 0.938233  chair: 0.333271  cow: 0.845219  diningtable: 0.442307  dog: 0.799486  horse: 0.868267  motorbike: 0.860202  person: 0.805945  pottedplant: 0.323267  sheep: nan  sofa: nan  train: nan  tvmonitor: nan
mean IoU: 0.783074  background: 0.917929  foreground: 0.648219
mean IoU: 0.589790  background: 0.917929  aeroplane: 0.834818  bicycle: 0.357645  bird: 0.704022  boat: 0.604188  bottle: 0.287389  bus: 0.866743  car: 0.478369  cat: 0.836646  chair: 0.173835  cow: 0.803100  diningtable: 0.326612  dog: 0.800594  horse: 0.828655  motorbike: 0.830615  person: 0.782044  pottedplant: 0.113677  sheep: 0.792368  sofa: 0.175670  train: 0.800186  tvmonitor: 0.070478

epoch [37]
mean IoU: 0.839554  background: 0.940720  foreground: 0.738389
mean IoU: 0.712448  background: 0.940720  aeroplane: 0.880621  bicycle: 0.536916  bird: 0.861671  boat: 0.784140  bottle: 0.371793  bus: 0.863645  car: 0.689793  cat: 0.916084  chair: 0.304392  cow: 0.803865  diningtable: 0.480100  dog: 0.835059  horse: 0.878163  motorbike: 0.820769  person: 0.794132  pottedplant: 0.349753  sheep: nan  sofa: nan  train: nan  tvmonitor: nan
mean IoU: 0.782540  background: 0.918179  foreground: 0.646900
mean IoU: 0.594019  background: 0.918179  aeroplane: 0.834657  bicycle: 0.313223  bird: 0.727352  boat: 0.605263  bottle: 0.388461  bus: 0.867461  car: 0.317143  cat: 0.847274  chair: 0.252924  cow: 0.783779  diningtable: 0.340379  dog: 0.796076  horse: 0.831138  motorbike: 0.787034  person: 0.792704  pottedplant: 0.096424  sheep: 0.816858  sofa: 0.245155  train: 0.797393  tvmonitor: 0.115533

epoch [38]
mean IoU: 0.844493  background: 0.943669  foreground: 0.745318
mean IoU: 0.714134  background: 0.943669  aeroplane: 0.910949  bicycle: 0.522904  bird: 0.814536  boat: 0.796369  bottle: 0.386331  bus: 0.880294  car: 0.576792  cat: 0.923166  chair: 0.355101  cow: 0.859027  diningtable: 0.499380  dog: 0.807402  horse: 0.879862  motorbike: 0.856623  person: 0.811575  pottedplant: 0.316293  sheep: nan  sofa: nan  train: nan  tvmonitor: nan
mean IoU: 0.786046  background: 0.916956  foreground: 0.655137
mean IoU: 0.605758  background: 0.916956  aeroplane: 0.851491  bicycle: 0.327896  bird: 0.751854  boat: 0.655476  bottle: 0.359387  bus: 0.856338  car: 0.505036  cat: 0.844976  chair: 0.278461  cow: 0.814203  diningtable: 0.340075  dog: 0.789820  horse: 0.820104  motorbike: 0.796186  person: 0.790043  pottedplant: 0.115053  sheep: 0.801505  sofa: 0.224137  train: 0.812941  tvmonitor: 0.068990

epoch [38] has the best iou: 0.655137
epoch [39]
mean IoU: 0.846863  background: 0.944399  foreground: 0.749327
mean IoU: 0.716329  background: 0.944399  aeroplane: 0.896970  bicycle: 0.502638  bird: 0.863232  boat: 0.793455  bottle: 0.314809  bus: 0.871952  car: 0.685495  cat: 0.927375  chair: 0.324427  cow: 0.862433  diningtable: 0.485978  dog: 0.824845  horse: 0.875893  motorbike: 0.840625  person: 0.808249  pottedplant: 0.354823  sheep: nan  sofa: nan  train: nan  tvmonitor: nan
mean IoU: 0.784033  background: 0.915748  foreground: 0.652319
mean IoU: 0.608015  background: 0.915748  aeroplane: 0.852159  bicycle: 0.377789  bird: 0.703865  boat: 0.597859  bottle: 0.331391  bus: 0.849981  car: 0.481117  cat: 0.843477  chair: 0.321782  cow: 0.758821  diningtable: 0.396801  dog: 0.799831  horse: 0.793071  motorbike: 0.799817  person: 0.791592  pottedplant: 0.159203  sheep: 0.779944  sofa: 0.230823  train: 0.814651  tvmonitor: 0.168591

epoch [40]
mean IoU: 0.848602  background: 0.944938  foreground: 0.752266
mean IoU: 0.721792  background: 0.944938  aeroplane: 0.896980  bicycle: 0.541464  bird: 0.844954  boat: 0.797034  bottle: 0.333393  bus: 0.882354  car: 0.681985  cat: 0.936333  chair: 0.332130  cow: 0.873166  diningtable: 0.501149  dog: 0.825240  horse: 0.872712  motorbike: 0.859003  person: 0.805312  pottedplant: 0.342315  sheep: nan  sofa: nan  train: nan  tvmonitor: nan
mean IoU: 0.785753  background: 0.918262  foreground: 0.653243
mean IoU: 0.610003  background: 0.918262  aeroplane: 0.850555  bicycle: 0.360575  bird: 0.703428  boat: 0.673104  bottle: 0.328303  bus: 0.865214  car: 0.476789  cat: 0.843338  chair: 0.270391  cow: 0.779242  diningtable: 0.366018  dog: 0.788547  horse: 0.798742  motorbike: 0.845038  person: 0.777319  pottedplant: 0.166041  sheep: 0.758377  sofa: 0.217921  train: 0.830806  tvmonitor: 0.192042

epoch [41]
mean IoU: 0.854194  background: 0.946749  foreground: 0.761639
mean IoU: 0.729798  background: 0.946749  aeroplane: 0.857051  bicycle: 0.533700  bird: 0.863833  boat: 0.796384  bottle: 0.343299  bus: 0.868127  car: 0.654214  cat: 0.936685  chair: 0.409870  cow: 0.874002  diningtable: 0.529702  dog: 0.837237  horse: 0.878006  motorbike: 0.879548  person: 0.818011  pottedplant: 0.380145  sheep: nan  sofa: nan  train: nan  tvmonitor: nan
mean IoU: 0.790433  background: 0.919181  foreground: 0.661686
mean IoU: 0.610573  background: 0.919181  aeroplane: 0.841926  bicycle: 0.381512  bird: 0.703203  boat: 0.632545  bottle: 0.411082  bus: 0.849708  car: 0.513734  cat: 0.847263  chair: 0.217918  cow: 0.782332  diningtable: 0.381438  dog: 0.791278  horse: 0.830449  motorbike: 0.822704  person: 0.800043  pottedplant: 0.160542  sheep: 0.791483  sofa: 0.221189  train: 0.786023  tvmonitor: 0.136485

epoch [41] has the best iou: 0.661686
epoch [42]
mean IoU: 0.850405  background: 0.945623  foreground: 0.755187
mean IoU: 0.725431  background: 0.945623  aeroplane: 0.877636  bicycle: 0.537627  bird: 0.858394  boat: 0.799377  bottle: 0.379673  bus: 0.879863  car: 0.666904  cat: 0.942308  chair: 0.335794  cow: 0.857547  diningtable: 0.503987  dog: 0.839496  horse: 0.867160  motorbike: 0.877589  person: 0.807997  pottedplant: 0.355345  sheep: nan  sofa: nan  train: nan  tvmonitor: nan
mean IoU: 0.779145  background: 0.915849  foreground: 0.642442
mean IoU: 0.595121  background: 0.915849  aeroplane: 0.840858  bicycle: 0.353760  bird: 0.724552  boat: 0.616027  bottle: 0.362627  bus: 0.856060  car: 0.457753  cat: 0.838643  chair: 0.289289  cow: 0.753131  diningtable: 0.279230  dog: 0.779467  horse: 0.823521  motorbike: 0.798066  person: 0.776795  pottedplant: 0.124899  sheep: 0.777316  sofa: 0.209204  train: 0.782068  tvmonitor: 0.138428

epoch [43]
mean IoU: 0.852502  background: 0.946326  foreground: 0.758678
mean IoU: 0.732032  background: 0.946326  aeroplane: 0.908674  bicycle: 0.545327  bird: 0.858041  boat: 0.803379  bottle: 0.372167  bus: 0.875996  car: 0.678999  cat: 0.948590  chair: 0.395276  cow: 0.882763  diningtable: 0.459399  dog: 0.861627  horse: 0.872489  motorbike: 0.848512  person: 0.807566  pottedplant: 0.379409  sheep: nan  sofa: nan  train: nan  tvmonitor: nan
mean IoU: 0.787511  background: 0.918722  foreground: 0.656299
mean IoU: 0.608185  background: 0.918722  aeroplane: 0.857219  bicycle: 0.356728  bird: 0.714177  boat: 0.661100  bottle: 0.428785  bus: 0.848313  car: 0.476993  cat: 0.848833  chair: 0.272787  cow: 0.788278  diningtable: 0.349515  dog: 0.783727  horse: 0.812446  motorbike: 0.803940  person: 0.802809  pottedplant: 0.138820  sheep: 0.803396  sofa: 0.213881  train: 0.784624  tvmonitor: 0.106789

epoch [44]
mean IoU: 0.850376  background: 0.945413  foreground: 0.755340
mean IoU: 0.724105  background: 0.945413  aeroplane: 0.899059  bicycle: 0.458820  bird: 0.857683  boat: 0.755841  bottle: 0.441250  bus: 0.881646  car: 0.664108  cat: 0.928164  chair: 0.357068  cow: 0.863039  diningtable: 0.503004  dog: 0.829462  horse: 0.884249  motorbike: 0.867129  person: 0.816057  pottedplant: 0.357800  sheep: nan  sofa: nan  train: nan  tvmonitor: nan
mean IoU: 0.786497  background: 0.918453  foreground: 0.654541
mean IoU: 0.606307  background: 0.918453  aeroplane: 0.853464  bicycle: 0.338582  bird: 0.693245  boat: 0.577905  bottle: 0.436403  bus: 0.848378  car: 0.492877  cat: 0.829919  chair: 0.308539  cow: 0.838028  diningtable: 0.337205  dog: 0.819166  horse: 0.820347  motorbike: 0.835154  person: 0.800274  pottedplant: 0.158904  sheep: 0.749537  sofa: 0.227476  train: 0.729514  tvmonitor: 0.119076

epoch [45]
mean IoU: 0.842386  background: 0.942515  foreground: 0.742257
mean IoU: 0.714947  background: 0.942515  aeroplane: 0.870037  bicycle: 0.526943  bird: 0.815947  boat: 0.780513  bottle: 0.387469  bus: 0.890411  car: 0.666230  cat: 0.871713  chair: 0.368375  cow: 0.870854  diningtable: 0.459624  dog: 0.847637  horse: 0.881726  motorbike: 0.821690  person: 0.808406  pottedplant: 0.344017  sheep: nan  sofa: nan  train: nan  tvmonitor: nan
mean IoU: 0.778082  background: 0.913643  foreground: 0.642520
mean IoU: 0.597521  background: 0.913643  aeroplane: 0.843332  bicycle: 0.330623  bird: 0.669472  boat: 0.637487  bottle: 0.366338  bus: 0.849417  car: 0.479804  cat: 0.803850  chair: 0.246614  cow: 0.810952  diningtable: 0.345023  dog: 0.803291  horse: 0.806540  motorbike: 0.779059  person: 0.782731  pottedplant: 0.117241  sheep: 0.777123  sofa: 0.246604  train: 0.801880  tvmonitor: 0.136923

epoch [46]
mean IoU: 0.836451  background: 0.940308  foreground: 0.732595
mean IoU: 0.703008  background: 0.940308  aeroplane: 0.877171  bicycle: 0.540218  bird: 0.803544  boat: 0.788715  bottle: 0.314951  bus: 0.864255  car: 0.635645  cat: 0.884631  chair: 0.364993  cow: 0.813425  diningtable: 0.481820  dog: 0.794977  horse: 0.847674  motorbike: 0.849293  person: 0.806759  pottedplant: 0.342751  sheep: nan  sofa: nan  train: nan  tvmonitor: nan
mean IoU: 0.780439  background: 0.912820  foreground: 0.648059
mean IoU: 0.614745  background: 0.912820  aeroplane: 0.852869  bicycle: 0.363103  bird: 0.744054  boat: 0.652470  bottle: 0.395800  bus: 0.858834  car: 0.492857  cat: 0.801918  chair: 0.281528  cow: 0.744159  diningtable: 0.355731  dog: 0.762844  horse: 0.810458  motorbike: 0.816883  person: 0.804704  pottedplant: 0.249535  sheep: 0.770380  sofa: 0.230287  train: 0.808162  tvmonitor: 0.200251

epoch [47]
mean IoU: 0.842902  background: 0.942627  foreground: 0.743177
mean IoU: 0.720465  background: 0.942627  aeroplane: 0.906197  bicycle: 0.545758  bird: 0.823432  boat: 0.788958  bottle: 0.367563  bus: 0.876366  car: 0.708368  cat: 0.885860  chair: 0.369552  cow: 0.783546  diningtable: 0.518687  dog: 0.810161  horse: 0.852845  motorbike: 0.885404  person: 0.792561  pottedplant: 0.390022  sheep: nan  sofa: nan  train: nan  tvmonitor: nan
mean IoU: 0.785756  background: 0.917217  foreground: 0.654294
mean IoU: 0.615392  background: 0.917217  aeroplane: 0.867756  bicycle: 0.373630  bird: 0.767873  boat: 0.619167  bottle: 0.454075  bus: 0.865999  car: 0.479843  cat: 0.821799  chair: 0.267683  cow: 0.805554  diningtable: 0.349133  dog: 0.784458  horse: 0.821141  motorbike: 0.843828  person: 0.790872  pottedplant: 0.207154  sheep: 0.755364  sofa: 0.201296  train: 0.823823  tvmonitor: 0.105570

epoch [48]
mean IoU: 0.853465  background: 0.946975  foreground: 0.759955
mean IoU: 0.736737  background: 0.946975  aeroplane: 0.894922  bicycle: 0.553964  bird: 0.834085  boat: 0.807631  bottle: 0.449197  bus: 0.887436  car: 0.705887  cat: 0.912969  chair: 0.385137  cow: 0.871011  diningtable: 0.518900  dog: 0.827453  horse: 0.886867  motorbike: 0.861626  person: 0.806546  pottedplant: 0.373916  sheep: nan  sofa: nan  train: nan  tvmonitor: nan
mean IoU: 0.785259  background: 0.918492  foreground: 0.652026
mean IoU: 0.599597  background: 0.918492  aeroplane: 0.832667  bicycle: 0.375191  bird: 0.703551  boat: 0.611922  bottle: 0.446512  bus: 0.867266  car: 0.452473  cat: 0.836569  chair: 0.263748  cow: 0.793601  diningtable: 0.368806  dog: 0.781848  horse: 0.803520  motorbike: 0.827120  person: 0.793475  pottedplant: 0.086827  sheep: 0.759444  sofa: 0.160867  train: 0.807828  tvmonitor: 0.099806

epoch [49]
mean IoU: 0.857590  background: 0.948505  foreground: 0.766676
mean IoU: 0.741102  background: 0.948505  aeroplane: 0.932985  bicycle: 0.573073  bird: 0.853659  boat: 0.820689  bottle: 0.445129  bus: 0.888626  car: 0.690704  cat: 0.924483  chair: 0.379787  cow: 0.861686  diningtable: 0.532941  dog: 0.821364  horse: 0.902531  motorbike: 0.864968  person: 0.820733  pottedplant: 0.336869  sheep: nan  sofa: nan  train: nan  tvmonitor: nan
mean IoU: 0.785741  background: 0.918315  foreground: 0.653167
mean IoU: 0.605297  background: 0.918315  aeroplane: 0.862289  bicycle: 0.349822  bird: 0.711069  boat: 0.613462  bottle: 0.399294  bus: 0.864112  car: 0.464245  cat: 0.844282  chair: 0.266590  cow: 0.822499  diningtable: 0.379530  dog: 0.769283  horse: 0.826160  motorbike: 0.833413  person: 0.801167  pottedplant: 0.145196  sheep: 0.733644  sofa: 0.192557  train: 0.816239  tvmonitor: 0.098079

epoch [50]
mean IoU: 0.858679  background: 0.948934  foreground: 0.768425
mean IoU: 0.743149  background: 0.948934  aeroplane: 0.914064  bicycle: 0.575728  bird: 0.847916  boat: 0.769008  bottle: 0.443494  bus: 0.884822  car: 0.695012  cat: 0.937821  chair: 0.389097  cow: 0.878073  diningtable: 0.551637  dog: 0.833473  horse: 0.889958  motorbike: 0.875967  person: 0.810275  pottedplant: 0.388256  sheep: nan  sofa: nan  train: nan  tvmonitor: nan
mean IoU: 0.784996  background: 0.915833  foreground: 0.654159
mean IoU: 0.613884  background: 0.915833  aeroplane: 0.845088  bicycle: 0.373237  bird: 0.713428  boat: 0.648764  bottle: 0.457306  bus: 0.855323  car: 0.479294  cat: 0.838576  chair: 0.274602  cow: 0.820434  diningtable: 0.325282  dog: 0.787216  horse: 0.824106  motorbike: 0.842039  person: 0.797598  pottedplant: 0.143137  sheep: 0.773995  sofa: 0.194740  train: 0.822653  tvmonitor: 0.158919

epoch [51]
mean IoU: 0.862013  background: 0.950102  foreground: 0.773925
mean IoU: 0.745648  background: 0.950102  aeroplane: 0.927912  bicycle: 0.569356  bird: 0.851057  boat: 0.809408  bottle: 0.425802  bus: 0.895899  car: 0.713679  cat: 0.933853  chair: 0.432376  cow: 0.888433  diningtable: 0.530185  dog: 0.846546  horse: 0.877799  motorbike: 0.878223  person: 0.825811  pottedplant: 0.319582  sheep: nan  sofa: nan  train: nan  tvmonitor: nan
mean IoU: 0.785306  background: 0.917456  foreground: 0.653156
mean IoU: 0.607310  background: 0.917456  aeroplane: 0.837587  bicycle: 0.376156  bird: 0.659797  boat: 0.622636  bottle: 0.439089  bus: 0.870203  car: 0.425710  cat: 0.853517  chair: 0.301648  cow: 0.764502  diningtable: 0.393741  dog: 0.801987  horse: 0.814026  motorbike: 0.821968  person: 0.804018  pottedplant: 0.160831  sheep: 0.759387  sofa: 0.198858  train: 0.803377  tvmonitor: 0.127020

epoch [52]
mean IoU: 0.861360  background: 0.949588  foreground: 0.773132
mean IoU: 0.745614  background: 0.949588  aeroplane: 0.858369  bicycle: 0.579267  bird: 0.829121  boat: 0.826787  bottle: 0.454779  bus: 0.895339  car: 0.701932  cat: 0.948017  chair: 0.416771  cow: 0.859009  diningtable: 0.511956  dog: 0.844505  horse: 0.884864  motorbike: 0.881945  person: 0.833660  pottedplant: 0.399530  sheep: nan  sofa: nan  train: nan  tvmonitor: nan
mean IoU: 0.783197  background: 0.917471  foreground: 0.648923
mean IoU: 0.601891  background: 0.917471  aeroplane: 0.887668  bicycle: 0.351219  bird: 0.693662  boat: 0.605121  bottle: 0.456270  bus: 0.858416  car: 0.467681  cat: 0.852207  chair: 0.274047  cow: 0.779759  diningtable: 0.362908  dog: 0.765786  horse: 0.814798  motorbike: 0.836480  person: 0.802330  pottedplant: 0.180870  sheep: 0.724862  sofa: 0.142436  train: 0.780744  tvmonitor: 0.084982

epoch [53]
mean IoU: 0.863842  background: 0.951242  foreground: 0.776443
mean IoU: 0.748917  background: 0.951242  aeroplane: 0.909505  bicycle: 0.572540  bird: 0.852168  boat: 0.825755  bottle: 0.497017  bus: 0.891573  car: 0.720999  cat: 0.946483  chair: 0.371604  cow: 0.884389  diningtable: 0.542322  dog: 0.836135  horse: 0.883050  motorbike: 0.870376  person: 0.826510  pottedplant: 0.349926  sheep: nan  sofa: nan  train: nan  tvmonitor: nan
mean IoU: 0.788071  background: 0.918928  foreground: 0.657213
mean IoU: 0.607108  background: 0.918928  aeroplane: 0.880702  bicycle: 0.378940  bird: 0.732239  boat: 0.647415  bottle: 0.440091  bus: 0.868953  car: 0.467989  cat: 0.865651  chair: 0.250813  cow: 0.724370  diningtable: 0.377688  dog: 0.789341  horse: 0.803356  motorbike: 0.818733  person: 0.807880  pottedplant: 0.184129  sheep: 0.743296  sofa: 0.144027  train: 0.803091  tvmonitor: 0.101633

epoch [54]
mean IoU: 0.863454  background: 0.950603  foreground: 0.776305
mean IoU: 0.748951  background: 0.950603  aeroplane: 0.941492  bicycle: 0.554623  bird: 0.835570  boat: 0.820417  bottle: 0.528711  bus: 0.899326  car: 0.733841  cat: 0.948887  chair: 0.395613  cow: 0.788052  diningtable: 0.509491  dog: 0.845045  horse: 0.876524  motorbike: 0.874013  person: 0.826531  pottedplant: 0.403432  sheep: nan  sofa: nan  train: nan  tvmonitor: nan
mean IoU: 0.784790  background: 0.918117  foreground: 0.651464
mean IoU: 0.601149  background: 0.918117  aeroplane: 0.891890  bicycle: 0.349585  bird: 0.754709  boat: 0.633726  bottle: 0.449518  bus: 0.854323  car: 0.470799  cat: 0.853745  chair: 0.277801  cow: 0.814978  diningtable: 0.384693  dog: 0.778829  horse: 0.794390  motorbike: 0.810614  person: 0.791268  pottedplant: 0.134505  sheep: 0.774860  sofa: 0.084079  train: 0.771445  tvmonitor: 0.030251

epoch [55]
mean IoU: 0.861969  background: 0.950114  foreground: 0.773824
mean IoU: 0.747256  background: 0.950114  aeroplane: 0.932395  bicycle: 0.565729  bird: 0.844926  boat: 0.823110  bottle: 0.529115  bus: 0.895230  car: 0.748191  cat: 0.947147  chair: 0.397023  cow: 0.796040  diningtable: 0.513063  dog: 0.842968  horse: 0.859702  motorbike: 0.888309  person: 0.815394  pottedplant: 0.354895  sheep: nan  sofa: nan  train: nan  tvmonitor: nan
mean IoU: 0.786368  background: 0.919020  foreground: 0.653716
mean IoU: 0.599675  background: 0.919020  aeroplane: 0.879302  bicycle: 0.396854  bird: 0.719608  boat: 0.614274  bottle: 0.375230  bus: 0.860693  car: 0.493107  cat: 0.851664  chair: 0.275856  cow: 0.806622  diningtable: 0.301655  dog: 0.783682  horse: 0.809096  motorbike: 0.849507  person: 0.805370  pottedplant: 0.157378  sheep: 0.732635  sofa: 0.112939  train: 0.798979  tvmonitor: 0.049707

epoch [56]
mean IoU: 0.867986  background: 0.952524  foreground: 0.783447
mean IoU: 0.758462  background: 0.952524  aeroplane: 0.936029  bicycle: 0.577191  bird: 0.889495  boat: 0.818139  bottle: 0.538024  bus: 0.899518  car: 0.730265  cat: 0.950146  chair: 0.402008  cow: 0.833580  diningtable: 0.557290  dog: 0.844470  horse: 0.867860  motorbike: 0.884035  person: 0.835652  pottedplant: 0.377625  sheep: nan  sofa: nan  train: nan  tvmonitor: nan
mean IoU: 0.786708  background: 0.919463  foreground: 0.653952
mean IoU: 0.604656  background: 0.919463  aeroplane: 0.855976  bicycle: 0.375632  bird: 0.689611  boat: 0.631885  bottle: 0.476446  bus: 0.862679  car: 0.463034  cat: 0.846280  chair: 0.265233  cow: 0.792558  diningtable: 0.378385  dog: 0.764989  horse: 0.820782  motorbike: 0.850564  person: 0.789334  pottedplant: 0.158880  sheep: 0.785162  sofa: 0.120646  train: 0.814514  tvmonitor: 0.035730

epoch [57]
mean IoU: 0.870313  background: 0.953014  foreground: 0.787613
mean IoU: 0.763755  background: 0.953014  aeroplane: 0.937764  bicycle: 0.576723  bird: 0.872658  boat: 0.818864  bottle: 0.562312  bus: 0.893410  car: 0.742108  cat: 0.951460  chair: 0.405065  cow: 0.852781  diningtable: 0.573656  dog: 0.859316  horse: 0.888880  motorbike: 0.882471  person: 0.824648  pottedplant: 0.388707  sheep: nan  sofa: nan  train: nan  tvmonitor: nan
mean IoU: 0.782452  background: 0.918238  foreground: 0.646665
mean IoU: 0.602394  background: 0.918238  aeroplane: 0.834493  bicycle: 0.375040  bird: 0.694305  boat: 0.594992  bottle: 0.436701  bus: 0.868531  car: 0.467044  cat: 0.856641  chair: 0.285559  cow: 0.791735  diningtable: 0.365466  dog: 0.761042  horse: 0.789355  motorbike: 0.845846  person: 0.772206  pottedplant: 0.166171  sheep: 0.759399  sofa: 0.166654  train: 0.789237  tvmonitor: 0.111623

epoch [58]
mean IoU: 0.870717  background: 0.952953  foreground: 0.788481
mean IoU: 0.767359  background: 0.952953  aeroplane: 0.947291  bicycle: 0.568019  bird: 0.862411  boat: 0.834699  bottle: 0.580474  bus: 0.895323  car: 0.740551  cat: 0.954305  chair: 0.430980  cow: 0.874457  diningtable: 0.578217  dog: 0.852927  horse: 0.881474  motorbike: 0.865980  person: 0.824967  pottedplant: 0.400070  sheep: nan  sofa: nan  train: nan  tvmonitor: nan
mean IoU: 0.789493  background: 0.917778  foreground: 0.661208
mean IoU: 0.622281  background: 0.917778  aeroplane: 0.843879  bicycle: 0.378144  bird: 0.722236  boat: 0.635791  bottle: 0.526186  bus: 0.848266  car: 0.509912  cat: 0.842719  chair: 0.294948  cow: 0.797801  diningtable: 0.359381  dog: 0.780676  horse: 0.783244  motorbike: 0.830645  person: 0.801299  pottedplant: 0.249733  sheep: 0.745978  sofa: 0.204002  train: 0.826085  tvmonitor: 0.169194

epoch [59]
mean IoU: 0.865592  background: 0.951365  foreground: 0.779819
mean IoU: 0.761040  background: 0.951365  aeroplane: 0.911636  bicycle: 0.576576  bird: 0.846210  boat: 0.807448  bottle: 0.555210  bus: 0.899801  car: 0.754206  cat: 0.894242  chair: 0.467675  cow: 0.865163  diningtable: 0.523578  dog: 0.852503  horse: 0.900431  motorbike: 0.893123  person: 0.818623  pottedplant: 0.419886  sheep: nan  sofa: nan  train: nan  tvmonitor: nan
mean IoU: 0.787702  background: 0.918970  foreground: 0.656435
mean IoU: 0.605591  background: 0.918970  aeroplane: 0.852321  bicycle: 0.371103  bird: 0.681382  boat: 0.619191  bottle: 0.409437  bus: 0.853443  car: 0.480726  cat: 0.837708  chair: 0.253446  cow: 0.813094  diningtable: 0.397203  dog: 0.794676  horse: 0.782040  motorbike: 0.844760  person: 0.809610  pottedplant: 0.162285  sheep: 0.762568  sofa: 0.152817  train: 0.796636  tvmonitor: 0.123996

epoch [60]
mean IoU: 0.873120  background: 0.954150  foreground: 0.792089
mean IoU: 0.773435  background: 0.954150  aeroplane: 0.940031  bicycle: 0.577084  bird: 0.886783  boat: 0.819947  bottle: 0.599873  bus: 0.897489  car: 0.756196  cat: 0.908389  chair: 0.437717  cow: 0.899417  diningtable: 0.593204  dog: 0.868632  horse: 0.874803  motorbike: 0.890949  person: 0.821560  pottedplant: 0.422168  sheep: nan  sofa: nan  train: nan  tvmonitor: nan
mean IoU: 0.783275  background: 0.915366  foreground: 0.651184
mean IoU: 0.609598  background: 0.915366  aeroplane: 0.840614  bicycle: 0.371270  bird: 0.733032  boat: 0.611031  bottle: 0.490525  bus: 0.862624  car: 0.496314  cat: 0.784883  chair: 0.286265  cow: 0.835043  diningtable: 0.361847  dog: 0.748801  horse: 0.785655  motorbike: 0.848819  person: 0.790160  pottedplant: 0.178076  sheep: 0.767707  sofa: 0.171159  train: 0.818203  tvmonitor: 0.104163

epoch [61]
mean IoU: 0.871732  background: 0.953462  foreground: 0.790002
mean IoU: 0.767682  background: 0.953462  aeroplane: 0.934403  bicycle: 0.568046  bird: 0.884212  boat: 0.823257  bottle: 0.527479  bus: 0.880172  car: 0.760320  cat: 0.934704  chair: 0.429012  cow: 0.893368  diningtable: 0.580646  dog: 0.847112  horse: 0.904791  motorbike: 0.877728  person: 0.832260  pottedplant: 0.419620  sheep: nan  sofa: nan  train: nan  tvmonitor: nan
mean IoU: 0.789377  background: 0.918590  foreground: 0.660164
mean IoU: 0.613490  background: 0.918590  aeroplane: 0.846559  bicycle: 0.358837  bird: 0.732198  boat: 0.611636  bottle: 0.494161  bus: 0.833053  car: 0.503410  cat: 0.848816  chair: 0.276953  cow: 0.792872  diningtable: 0.376275  dog: 0.795605  horse: 0.796493  motorbike: 0.848792  person: 0.810580  pottedplant: 0.214675  sheep: 0.756926  sofa: 0.166934  train: 0.800871  tvmonitor: 0.099047

epoch [62]
mean IoU: 0.870328  background: 0.953206  foreground: 0.787450
mean IoU: 0.761443  background: 0.953206  aeroplane: 0.932003  bicycle: 0.582951  bird: 0.862206  boat: 0.805063  bottle: 0.478673  bus: 0.884783  car: 0.716286  cat: 0.940314  chair: 0.446091  cow: 0.894931  diningtable: 0.578024  dog: 0.862769  horse: 0.879196  motorbike: 0.882175  person: 0.834798  pottedplant: 0.411066  sheep: nan  sofa: nan  train: nan  tvmonitor: nan
mean IoU: 0.786800  background: 0.919905  foreground: 0.653695
mean IoU: 0.599687  background: 0.919905  aeroplane: 0.891175  bicycle: 0.336432  bird: 0.702883  boat: 0.660584  bottle: 0.430077  bus: 0.850909  car: 0.449277  cat: 0.856251  chair: 0.238111  cow: 0.821924  diningtable: 0.275732  dog: 0.753293  horse: 0.823238  motorbike: 0.816199  person: 0.807078  pottedplant: 0.145858  sheep: 0.792829  sofa: 0.149198  train: 0.795168  tvmonitor: 0.077297

epoch [63]
mean IoU: 0.866454  background: 0.951651  foreground: 0.781258
mean IoU: 0.763561  background: 0.951651  aeroplane: 0.926917  bicycle: 0.566369  bird: 0.853874  boat: 0.821255  bottle: 0.598179  bus: 0.897094  car: 0.722880  cat: 0.908683  chair: 0.402799  cow: 0.879272  diningtable: 0.522668  dog: 0.869387  horse: 0.900637  motorbike: 0.877557  person: 0.828057  pottedplant: 0.453254  sheep: nan  sofa: nan  train: nan  tvmonitor: nan
mean IoU: 0.787196  background: 0.916764  foreground: 0.657628
mean IoU: 0.612884  background: 0.916764  aeroplane: 0.884034  bicycle: 0.370764  bird: 0.543854  boat: 0.640207  bottle: 0.477065  bus: 0.851297  car: 0.511204  cat: 0.856987  chair: 0.274621  cow: 0.776653  diningtable: 0.393051  dog: 0.838800  horse: 0.811813  motorbike: 0.826355  person: 0.790747  pottedplant: 0.209725  sheep: 0.716941  sofa: 0.195307  train: 0.819608  tvmonitor: 0.164768

epoch [64]
mean IoU: 0.871280  background: 0.953301  foreground: 0.789258
mean IoU: 0.767985  background: 0.953301  aeroplane: 0.926452  bicycle: 0.565779  bird: 0.862769  boat: 0.820667  bottle: 0.538619  bus: 0.905799  car: 0.734151  cat: 0.928076  chair: 0.431181  cow: 0.876751  diningtable: 0.605397  dog: 0.860688  horse: 0.879070  motorbike: 0.901660  person: 0.816376  pottedplant: 0.449006  sheep: nan  sofa: nan  train: nan  tvmonitor: nan
mean IoU: 0.790677  background: 0.918593  foreground: 0.662761
mean IoU: 0.624194  background: 0.918593  aeroplane: 0.851981  bicycle: 0.345068  bird: 0.699778  boat: 0.667148  bottle: 0.463268  bus: 0.852269  car: 0.493687  cat: 0.868513  chair: 0.310314  cow: 0.796737  diningtable: 0.397881  dog: 0.833013  horse: 0.809027  motorbike: 0.848063  person: 0.786099  pottedplant: 0.217645  sheep: 0.770349  sofa: 0.203536  train: 0.839792  tvmonitor: 0.135309

epoch [64] has the best iou: 0.662761
epoch [65]
mean IoU: 0.871286  background: 0.953356  foreground: 0.789216
mean IoU: 0.772515  background: 0.953356  aeroplane: 0.942643  bicycle: 0.598818  bird: 0.879614  boat: 0.829008  bottle: 0.553275  bus: 0.896639  car: 0.753070  cat: 0.931637  chair: 0.378246  cow: 0.905856  diningtable: 0.566041  dog: 0.883072  horse: 0.905275  motorbike: 0.882537  person: 0.821731  pottedplant: 0.451944  sheep: nan  sofa: nan  train: nan  tvmonitor: nan
mean IoU: 0.791001  background: 0.919476  foreground: 0.662526
mean IoU: 0.615941  background: 0.919476  aeroplane: 0.845876  bicycle: 0.344919  bird: 0.692138  boat: 0.637412  bottle: 0.450476  bus: 0.850409  car: 0.509368  cat: 0.856190  chair: 0.264756  cow: 0.821565  diningtable: 0.426319  dog: 0.829570  horse: 0.827988  motorbike: 0.834907  person: 0.793764  pottedplant: 0.213368  sheep: 0.743480  sofa: 0.180264  train: 0.796069  tvmonitor: 0.096442

epoch [66]
mean IoU: 0.875055  background: 0.955038  foreground: 0.795072
mean IoU: 0.772326  background: 0.955038  aeroplane: 0.941111  bicycle: 0.577529  bird: 0.855831  boat: 0.812897  bottle: 0.599116  bus: 0.906732  car: 0.735755  cat: 0.944708  chair: 0.448745  cow: 0.905709  diningtable: 0.540082  dog: 0.879989  horse: 0.880765  motorbike: 0.884994  person: 0.832073  pottedplant: 0.428474  sheep: nan  sofa: nan  train: nan  tvmonitor: nan
mean IoU: 0.786291  background: 0.918828  foreground: 0.653755
mean IoU: 0.605722  background: 0.918828  aeroplane: 0.884900  bicycle: 0.355562  bird: 0.688725  boat: 0.634805  bottle: 0.441809  bus: 0.853492  car: 0.431194  cat: 0.860034  chair: 0.208798  cow: 0.826801  diningtable: 0.381795  dog: 0.787839  horse: 0.800126  motorbike: 0.830926  person: 0.801881  pottedplant: 0.179507  sheep: 0.777099  sofa: 0.144632  train: 0.800255  tvmonitor: 0.111146

epoch [67]
mean IoU: 0.869489  background: 0.952275  foreground: 0.786703
mean IoU: 0.764420  background: 0.952275  aeroplane: 0.920476  bicycle: 0.584011  bird: 0.760623  boat: 0.810891  bottle: 0.557742  bus: 0.904641  car: 0.729323  cat: 0.945559  chair: 0.454348  cow: 0.880775  diningtable: 0.556686  dog: 0.878218  horse: 0.887137  motorbike: 0.889709  person: 0.822577  pottedplant: 0.460157  sheep: nan  sofa: nan  train: nan  tvmonitor: nan
mean IoU: 0.788808  background: 0.918854  foreground: 0.658761
mean IoU: 0.616190  background: 0.918854  aeroplane: 0.867847  bicycle: 0.371117  bird: 0.698896  boat: 0.641710  bottle: 0.469505  bus: 0.861588  car: 0.513740  cat: 0.857669  chair: 0.233872  cow: 0.817656  diningtable: 0.291221  dog: 0.774475  horse: 0.806114  motorbike: 0.824947  person: 0.802961  pottedplant: 0.275706  sheep: 0.772790  sofa: 0.164000  train: 0.825410  tvmonitor: 0.149919

epoch [68]
mean IoU: 0.875899  background: 0.954880  foreground: 0.796919
mean IoU: 0.774040  background: 0.954880  aeroplane: 0.932044  bicycle: 0.581742  bird: 0.838269  boat: 0.821105  bottle: 0.598945  bus: 0.900790  car: 0.742341  cat: 0.948939  chair: 0.506239  cow: 0.902987  diningtable: 0.572602  dog: 0.860380  horse: 0.891262  motorbike: 0.857079  person: 0.832445  pottedplant: 0.416627  sheep: nan  sofa: nan  train: nan  tvmonitor: nan
mean IoU: 0.787339  background: 0.918079  foreground: 0.656599
mean IoU: 0.607223  background: 0.918079  aeroplane: 0.840855  bicycle: 0.293814  bird: 0.619907  boat: 0.638770  bottle: 0.497308  bus: 0.836366  car: 0.495021  cat: 0.856580  chair: 0.311091  cow: 0.837981  diningtable: 0.405938  dog: 0.759499  horse: 0.790601  motorbike: 0.803471  person: 0.811024  pottedplant: 0.173294  sheep: 0.755168  sofa: 0.189935  train: 0.806780  tvmonitor: 0.110200

epoch [69]
mean IoU: 0.874885  background: 0.955107  foreground: 0.794663
mean IoU: 0.774627  background: 0.955107  aeroplane: 0.942627  bicycle: 0.579210  bird: 0.868159  boat: 0.831062  bottle: 0.608322  bus: 0.908606  car: 0.642679  cat: 0.953185  chair: 0.471841  cow: 0.896168  diningtable: 0.589293  dog: 0.874468  horse: 0.905620  motorbike: 0.878965  person: 0.824765  pottedplant: 0.438575  sheep: nan  sofa: nan  train: nan  tvmonitor: nan
mean IoU: 0.790947  background: 0.919814  foreground: 0.662080
mean IoU: 0.619400  background: 0.919814  aeroplane: 0.880687  bicycle: 0.377736  bird: 0.703463  boat: 0.645144  bottle: 0.523633  bus: 0.836425  car: 0.448807  cat: 0.872699  chair: 0.301324  cow: 0.780549  diningtable: 0.416188  dog: 0.765981  horse: 0.807564  motorbike: 0.828405  person: 0.800841  pottedplant: 0.206369  sheep: 0.742239  sofa: 0.199330  train: 0.795935  tvmonitor: 0.154271

epoch [70]
mean IoU: 0.876327  background: 0.955512  foreground: 0.797142
mean IoU: 0.781207  background: 0.955512  aeroplane: 0.945930  bicycle: 0.588737  bird: 0.877521  boat: 0.838104  bottle: 0.608638  bus: 0.893321  car: 0.730782  cat: 0.953192  chair: 0.456304  cow: 0.887404  diningtable: 0.576612  dog: 0.884242  horse: 0.906330  motorbike: 0.875239  person: 0.820035  pottedplant: 0.482610  sheep: nan  sofa: nan  train: nan  tvmonitor: nan
mean IoU: 0.793165  background: 0.921321  foreground: 0.665009
mean IoU: 0.616346  background: 0.921321  aeroplane: 0.846556  bicycle: 0.370288  bird: 0.713431  boat: 0.608501  bottle: 0.493751  bus: 0.854609  car: 0.509239  cat: 0.870352  chair: 0.274181  cow: 0.813719  diningtable: 0.422920  dog: 0.788449  horse: 0.823868  motorbike: 0.839967  person: 0.800587  pottedplant: 0.133412  sheep: 0.754218  sofa: 0.158511  train: 0.820704  tvmonitor: 0.124688

epoch [70] has the best iou: 0.665009
epoch [71]
mean IoU: 0.878682  background: 0.955897  foreground: 0.801466
mean IoU: 0.783261  background: 0.955897  aeroplane: 0.946695  bicycle: 0.585020  bird: 0.882013  boat: 0.829936  bottle: 0.635003  bus: 0.909210  car: 0.767644  cat: 0.952960  chair: 0.420328  cow: 0.894884  diningtable: 0.587127  dog: 0.873466  horse: 0.876298  motorbike: 0.901609  person: 0.833147  pottedplant: 0.464205  sheep: nan  sofa: nan  train: nan  tvmonitor: nan
mean IoU: 0.789878  background: 0.919452  foreground: 0.660303
mean IoU: 0.608552  background: 0.919452  aeroplane: 0.870248  bicycle: 0.354342  bird: 0.693920  boat: 0.635503  bottle: 0.524083  bus: 0.851308  car: 0.479552  cat: 0.863536  chair: 0.238101  cow: 0.810633  diningtable: 0.420208  dog: 0.750576  horse: 0.805014  motorbike: 0.831392  person: 0.808049  pottedplant: 0.113175  sheep: 0.740248  sofa: 0.126394  train: 0.805550  tvmonitor: 0.138302

epoch [72]
mean IoU: 0.885641  background: 0.958682  foreground: 0.812601
mean IoU: 0.793019  background: 0.958682  aeroplane: 0.930286  bicycle: 0.583790  bird: 0.885677  boat: 0.834735  bottle: 0.654641  bus: 0.909571  car: 0.771432  cat: 0.956378  chair: 0.456673  cow: 0.900830  diningtable: 0.621302  dog: 0.863037  horse: 0.912543  motorbike: 0.894869  person: 0.840921  pottedplant: 0.505957  sheep: nan  sofa: nan  train: nan  tvmonitor: nan
mean IoU: 0.790981  background: 0.919663  foreground: 0.662299
mean IoU: 0.617637  background: 0.919663  aeroplane: 0.840275  bicycle: 0.365003  bird: 0.678133  boat: 0.657311  bottle: 0.470981  bus: 0.842516  car: 0.452398  cat: 0.866408  chair: 0.246660  cow: 0.848129  diningtable: 0.397094  dog: 0.766000  horse: 0.797556  motorbike: 0.849254  person: 0.807567  pottedplant: 0.253766  sheep: 0.751851  sofa: 0.188325  train: 0.827494  tvmonitor: 0.143984

epoch [73]
mean IoU: 0.885461  background: 0.958668  foreground: 0.812255
mean IoU: 0.792873  background: 0.958668  aeroplane: 0.945895  bicycle: 0.581276  bird: 0.880903  boat: 0.840029  bottle: 0.647548  bus: 0.916541  car: 0.767384  cat: 0.951940  chair: 0.467624  cow: 0.911204  diningtable: 0.620303  dog: 0.878707  horse: 0.907622  motorbike: 0.892380  person: 0.837085  pottedplant: 0.473728  sheep: nan  sofa: nan  train: nan  tvmonitor: nan
mean IoU: 0.794747  background: 0.921115  foreground: 0.668378
mean IoU: 0.622895  background: 0.921115  aeroplane: 0.850113  bicycle: 0.368178  bird: 0.695226  boat: 0.646215  bottle: 0.495428  bus: 0.856937  car: 0.500575  cat: 0.872400  chair: 0.284312  cow: 0.832832  diningtable: 0.419057  dog: 0.787116  horse: 0.812082  motorbike: 0.830697  person: 0.809716  pottedplant: 0.194850  sheep: 0.738435  sofa: 0.182558  train: 0.817206  tvmonitor: 0.165751

epoch [73] has the best iou: 0.668378
epoch [74]
mean IoU: 0.884224  background: 0.958491  foreground: 0.809956
mean IoU: 0.792085  background: 0.958491  aeroplane: 0.948031  bicycle: 0.583257  bird: 0.890032  boat: 0.842344  bottle: 0.646078  bus: 0.913743  car: 0.765562  cat: 0.956272  chair: 0.442572  cow: 0.912558  diningtable: 0.603550  dog: 0.877715  horse: 0.908376  motorbike: 0.889253  person: 0.832409  pottedplant: 0.495204  sheep: nan  sofa: nan  train: nan  tvmonitor: nan
mean IoU: 0.791881  background: 0.919708  foreground: 0.664054
mean IoU: 0.620936  background: 0.919708  aeroplane: 0.882005  bicycle: 0.373150  bird: 0.726152  boat: 0.617896  bottle: 0.492984  bus: 0.865021  car: 0.511976  cat: 0.868755  chair: 0.247744  cow: 0.810858  diningtable: 0.396400  dog: 0.765631  horse: 0.808417  motorbike: 0.827508  person: 0.804273  pottedplant: 0.242582  sheep: 0.758833  sofa: 0.168597  train: 0.818690  tvmonitor: 0.132476

epoch [75]
mean IoU: 0.882648  background: 0.957625  foreground: 0.807671
mean IoU: 0.787259  background: 0.957625  aeroplane: 0.949555  bicycle: 0.564921  bird: 0.880050  boat: 0.850701  bottle: 0.605475  bus: 0.901143  car: 0.773638  cat: 0.957151  chair: 0.456564  cow: 0.883816  diningtable: 0.601557  dog: 0.876109  horse: 0.920130  motorbike: 0.878686  person: 0.840090  pottedplant: 0.486187  sheep: nan  sofa: nan  train: nan  tvmonitor: nan
mean IoU: 0.790209  background: 0.918356  foreground: 0.662061
mean IoU: 0.618403  background: 0.918356  aeroplane: 0.866223  bicycle: 0.364311  bird: 0.713203  boat: 0.597588  bottle: 0.452745  bus: 0.845578  car: 0.512314  cat: 0.875630  chair: 0.254134  cow: 0.821174  diningtable: 0.369460  dog: 0.814771  horse: 0.793451  motorbike: 0.825786  person: 0.800597  pottedplant: 0.221976  sheep: 0.760562  sofa: 0.194901  train: 0.821247  tvmonitor: 0.162456

epoch [76]
mean IoU: 0.877231  background: 0.955541  foreground: 0.798922
mean IoU: 0.775850  background: 0.955541  aeroplane: 0.940071  bicycle: 0.570866  bird: 0.876978  boat: 0.814863  bottle: 0.515996  bus: 0.906082  car: 0.752852  cat: 0.954351  chair: 0.416552  cow: 0.908366  diningtable: 0.596644  dog: 0.883447  horse: 0.893873  motorbike: 0.890278  person: 0.830320  pottedplant: 0.482364  sheep: nan  sofa: nan  train: nan  tvmonitor: nan
mean IoU: 0.781629  background: 0.916988  foreground: 0.646269
mean IoU: 0.580769  background: 0.916988  aeroplane: 0.839725  bicycle: 0.319811  bird: 0.691340  boat: 0.591660  bottle: 0.103333  bus: 0.831227  car: 0.482031  cat: 0.864472  chair: 0.269324  cow: 0.788487  diningtable: 0.336790  dog: 0.783324  horse: 0.795280  motorbike: 0.817168  person: 0.809722  pottedplant: 0.104090  sheep: 0.752802  sofa: 0.184533  train: 0.824533  tvmonitor: 0.089514

epoch [77]
mean IoU: 0.868403  background: 0.952374  foreground: 0.784432
mean IoU: 0.751423  background: 0.952374  aeroplane: 0.949547  bicycle: 0.574064  bird: 0.789677  boat: 0.805791  bottle: 0.295075  bus: 0.905363  car: 0.769430  cat: 0.948622  chair: 0.382542  cow: 0.894915  diningtable: 0.590997  dog: 0.879957  horse: 0.875601  motorbike: 0.883938  person: 0.832505  pottedplant: 0.443786  sheep: nan  sofa: nan  train: nan  tvmonitor: nan
mean IoU: 0.790089  background: 0.919358  foreground: 0.660820
mean IoU: 0.613449  background: 0.919358  aeroplane: 0.837495  bicycle: 0.370802  bird: 0.662442  boat: 0.624530  bottle: 0.295711  bus: 0.851825  car: 0.496525  cat: 0.871996  chair: 0.307671  cow: 0.795687  diningtable: 0.406571  dog: 0.778703  horse: 0.812437  motorbike: 0.786186  person: 0.810452  pottedplant: 0.307837  sheep: 0.740291  sofa: 0.249567  train: 0.826062  tvmonitor: 0.130275

epoch [78]
mean IoU: 0.875020  background: 0.955151  foreground: 0.794889
mean IoU: 0.765288  background: 0.955151  aeroplane: 0.947839  bicycle: 0.584325  bird: 0.822746  boat: 0.818642  bottle: 0.405567  bus: 0.914934  car: 0.734172  cat: 0.959581  chair: 0.429247  cow: 0.916323  diningtable: 0.600565  dog: 0.884099  horse: 0.868923  motorbike: 0.856495  person: 0.837871  pottedplant: 0.473407  sheep: nan  sofa: nan  train: nan  tvmonitor: nan
mean IoU: 0.789117  background: 0.918438  foreground: 0.659795
mean IoU: 0.615619  background: 0.918438  aeroplane: 0.888378  bicycle: 0.362905  bird: 0.681789  boat: 0.619471  bottle: 0.406746  bus: 0.837802  car: 0.493888  cat: 0.867259  chair: 0.298354  cow: 0.824334  diningtable: 0.392806  dog: 0.771952  horse: 0.829363  motorbike: 0.826425  person: 0.806513  pottedplant: 0.241892  sheep: 0.763417  sofa: 0.181096  train: 0.791085  tvmonitor: 0.124075

epoch [79]
mean IoU: 0.875867  background: 0.955277  foreground: 0.796458
mean IoU: 0.769865  background: 0.955277  aeroplane: 0.950238  bicycle: 0.587295  bird: 0.805665  boat: 0.835940  bottle: 0.407160  bus: 0.916977  car: 0.758308  cat: 0.959440  chair: 0.483520  cow: 0.910062  diningtable: 0.597134  dog: 0.873128  horse: 0.885401  motorbike: 0.866734  person: 0.835399  pottedplant: 0.460034  sheep: nan  sofa: nan  train: nan  tvmonitor: nan
mean IoU: 0.787010  background: 0.919403  foreground: 0.654618
mean IoU: 0.597744  background: 0.919403  aeroplane: 0.861513  bicycle: 0.340043  bird: 0.663937  boat: 0.645391  bottle: 0.447492  bus: 0.861232  car: 0.487082  cat: 0.880564  chair: 0.263934  cow: 0.820436  diningtable: 0.304273  dog: 0.788205  horse: 0.773202  motorbike: 0.820490  person: 0.813542  pottedplant: 0.162706  sheep: 0.726558  sofa: 0.141662  train: 0.775873  tvmonitor: 0.055082

epoch [80]
mean IoU: 0.876722  background: 0.955295  foreground: 0.798148
mean IoU: 0.776980  background: 0.955295  aeroplane: 0.941170  bicycle: 0.581813  bird: 0.881973  boat: 0.846951  bottle: 0.441806  bus: 0.919163  car: 0.760533  cat: 0.953234  chair: 0.492546  cow: 0.918396  diningtable: 0.546163  dog: 0.895092  horse: 0.906103  motorbike: 0.876326  person: 0.827180  pottedplant: 0.464922  sheep: nan  sofa: nan  train: nan  tvmonitor: nan
mean IoU: 0.786383  background: 0.916558  foreground: 0.656209
mean IoU: 0.616968  background: 0.916558  aeroplane: 0.858088  bicycle: 0.368960  bird: 0.682322  boat: 0.584915  bottle: 0.449805  bus: 0.871510  car: 0.496601  cat: 0.870320  chair: 0.299582  cow: 0.810459  diningtable: 0.377043  dog: 0.781598  horse: 0.765164  motorbike: 0.817066  person: 0.794805  pottedplant: 0.257086  sheep: 0.747194  sofa: 0.214252  train: 0.833787  tvmonitor: 0.159204

epoch [81]
mean IoU: 0.877742  background: 0.955752  foreground: 0.799733
mean IoU: 0.776866  background: 0.955752  aeroplane: 0.945735  bicycle: 0.594527  bird: 0.887165  boat: 0.844195  bottle: 0.445242  bus: 0.918024  car: 0.733682  cat: 0.959744  chair: 0.490310  cow: 0.912780  diningtable: 0.565387  dog: 0.886021  horse: 0.910759  motorbike: 0.882106  person: 0.831003  pottedplant: 0.444296  sheep: nan  sofa: nan  train: nan  tvmonitor: nan
mean IoU: 0.782728  background: 0.918624  foreground: 0.646831
mean IoU: 0.589987  background: 0.918624  aeroplane: 0.848671  bicycle: 0.354729  bird: 0.708715  boat: 0.556832  bottle: 0.443014  bus: 0.846489  car: 0.463551  cat: 0.857416  chair: 0.290749  cow: 0.745402  diningtable: 0.368171  dog: 0.775640  horse: 0.728550  motorbike: 0.821602  person: 0.809747  pottedplant: 0.097578  sheep: 0.742198  sofa: 0.184879  train: 0.751823  tvmonitor: 0.075338

epoch [82]
mean IoU: 0.857509  background: 0.948113  foreground: 0.766905
mean IoU: 0.737180  background: 0.948113  aeroplane: 0.916505  bicycle: 0.527050  bird: 0.884564  boat: 0.832517  bottle: 0.396819  bus: 0.901483  car: 0.653157  cat: 0.955969  chair: 0.428242  cow: 0.787416  diningtable: 0.526462  dog: 0.857437  horse: 0.868288  motorbike: 0.784002  person: 0.830776  pottedplant: 0.433257  sheep: nan  sofa: nan  train: nan  tvmonitor: nan
mean IoU: 0.780408  background: 0.913677  foreground: 0.647139
mean IoU: 0.603951  background: 0.913677  aeroplane: 0.883316  bicycle: 0.359604  bird: 0.686421  boat: 0.652066  bottle: 0.439041  bus: 0.847317  car: 0.533124  cat: 0.868183  chair: 0.249545  cow: 0.795328  diningtable: 0.335407  dog: 0.819860  horse: 0.758647  motorbike: 0.613876  person: 0.796962  pottedplant: 0.166114  sheep: 0.768651  sofa: 0.187043  train: 0.835804  tvmonitor: 0.172990

epoch [83]
mean IoU: 0.858781  background: 0.948773  foreground: 0.768789
mean IoU: 0.741462  background: 0.948773  aeroplane: 0.933517  bicycle: 0.547023  bird: 0.843099  boat: 0.810877  bottle: 0.417244  bus: 0.884910  car: 0.704044  cat: 0.949837  chair: 0.475076  cow: 0.824282  diningtable: 0.489775  dog: 0.867528  horse: 0.858717  motorbike: 0.807613  person: 0.804204  pottedplant: 0.438335  sheep: nan  sofa: nan  train: nan  tvmonitor: nan
mean IoU: 0.788271  background: 0.918093  foreground: 0.658448
mean IoU: 0.619158  background: 0.918093  aeroplane: 0.843242  bicycle: 0.343865  bird: 0.761164  boat: 0.630781  bottle: 0.450787  bus: 0.838317  car: 0.501532  cat: 0.870130  chair: 0.270108  cow: 0.813017  diningtable: 0.398575  dog: 0.794907  horse: 0.782176  motorbike: 0.842421  person: 0.777979  pottedplant: 0.163116  sheep: 0.777839  sofa: 0.178440  train: 0.836614  tvmonitor: 0.209216

epoch [84]
mean IoU: 0.863125  background: 0.950139  foreground: 0.776111
mean IoU: 0.755302  background: 0.950139  aeroplane: 0.932015  bicycle: 0.583964  bird: 0.913247  boat: 0.830885  bottle: 0.513068  bus: 0.916934  car: 0.717680  cat: 0.957115  chair: 0.446058  cow: 0.828246  diningtable: 0.575110  dog: 0.846054  horse: 0.876103  motorbike: 0.760002  person: 0.800919  pottedplant: 0.392589  sheep: nan  sofa: nan  train: nan  tvmonitor: nan
mean IoU: 0.789467  background: 0.918914  foreground: 0.660020
mean IoU: 0.613473  background: 0.918914  aeroplane: 0.822695  bicycle: 0.376830  bird: 0.746747  boat: 0.593435  bottle: 0.463040  bus: 0.828536  car: 0.515945  cat: 0.867225  chair: 0.265639  cow: 0.811375  diningtable: 0.383269  dog: 0.781046  horse: 0.786556  motorbike: 0.797922  person: 0.805046  pottedplant: 0.204060  sheep: 0.775449  sofa: 0.149530  train: 0.793034  tvmonitor: 0.196631

epoch [85]
mean IoU: 0.874734  background: 0.954715  foreground: 0.794754
mean IoU: 0.776694  background: 0.954715  aeroplane: 0.944711  bicycle: 0.593166  bird: 0.902690  boat: 0.852965  bottle: 0.598317  bus: 0.907616  car: 0.742211  cat: 0.948391  chair: 0.471396  cow: 0.839639  diningtable: 0.582204  dog: 0.819395  horse: 0.901601  motorbike: 0.842287  person: 0.833194  pottedplant: 0.469310  sheep: nan  sofa: nan  train: nan  tvmonitor: nan
mean IoU: 0.790618  background: 0.919460  foreground: 0.661776
mean IoU: 0.612122  background: 0.919460  aeroplane: 0.889861  bicycle: 0.358192  bird: 0.735457  boat: 0.672884  bottle: 0.445989  bus: 0.820349  car: 0.500300  cat: 0.859645  chair: 0.189639  cow: 0.790053  diningtable: 0.432451  dog: 0.783882  horse: 0.812116  motorbike: 0.823039  person: 0.795659  pottedplant: 0.145206  sheep: 0.813402  sofa: 0.137652  train: 0.816210  tvmonitor: 0.113125

epoch [86]
mean IoU: 0.880398  background: 0.956578  foreground: 0.804217
mean IoU: 0.781737  background: 0.956578  aeroplane: 0.947562  bicycle: 0.586557  bird: 0.907598  boat: 0.847385  bottle: 0.622517  bus: 0.905676  car: 0.764895  cat: 0.949330  chair: 0.515855  cow: 0.821980  diningtable: 0.589793  dog: 0.872651  horse: 0.878978  motorbike: 0.867995  person: 0.838882  pottedplant: 0.415300  sheep: nan  sofa: nan  train: nan  tvmonitor: nan
mean IoU: 0.792744  background: 0.920010  foreground: 0.665478
mean IoU: 0.625110  background: 0.920010  aeroplane: 0.879076  bicycle: 0.368221  bird: 0.740574  boat: 0.633433  bottle: 0.515569  bus: 0.840624  car: 0.521819  cat: 0.876955  chair: 0.291341  cow: 0.789137  diningtable: 0.376477  dog: 0.798060  horse: 0.761578  motorbike: 0.823225  person: 0.815136  pottedplant: 0.186929  sheep: 0.781498  sofa: 0.173146  train: 0.805725  tvmonitor: 0.228780

epoch [87]
mean IoU: 0.884533  background: 0.957999  foreground: 0.811068
mean IoU: 0.790464  background: 0.957999  aeroplane: 0.940633  bicycle: 0.588913  bird: 0.890453  boat: 0.857283  bottle: 0.632746  bus: 0.915797  car: 0.770179  cat: 0.962516  chair: 0.503300  cow: 0.842889  diningtable: 0.608541  dog: 0.890585  horse: 0.895694  motorbike: 0.845708  person: 0.837660  pottedplant: 0.496985  sheep: nan  sofa: nan  train: nan  tvmonitor: nan
mean IoU: 0.793420  background: 0.920412  foreground: 0.666429
mean IoU: 0.620521  background: 0.920412  aeroplane: 0.879948  bicycle: 0.373858  bird: 0.721874  boat: 0.595229  bottle: 0.494352  bus: 0.848613  car: 0.537315  cat: 0.858856  chair: 0.266056  cow: 0.791161  diningtable: 0.391672  dog: 0.814496  horse: 0.790717  motorbike: 0.815248  person: 0.808229  pottedplant: 0.172272  sheep: 0.768658  sofa: 0.157994  train: 0.803717  tvmonitor: 0.220255

epoch [88]
mean IoU: 0.885394  background: 0.958880  foreground: 0.811909
mean IoU: 0.787871  background: 0.958880  aeroplane: 0.949372  bicycle: 0.568619  bird: 0.895883  boat: 0.846434  bottle: 0.635946  bus: 0.909952  car: 0.795879  cat: 0.964318  chair: 0.480962  cow: 0.801254  diningtable: 0.611198  dog: 0.888878  horse: 0.908415  motorbike: 0.869279  person: 0.839169  pottedplant: 0.469366  sheep: nan  sofa: nan  train: nan  tvmonitor: nan
mean IoU: 0.796247  background: 0.921633  foreground: 0.670861
mean IoU: 0.628589  background: 0.921633  aeroplane: 0.838132  bicycle: 0.375579  bird: 0.713417  boat: 0.653364  bottle: 0.535444  bus: 0.864387  car: 0.517760  cat: 0.874307  chair: 0.284893  cow: 0.801347  diningtable: 0.361841  dog: 0.812884  horse: 0.808469  motorbike: 0.852148  person: 0.804683  pottedplant: 0.217526  sheep: 0.771548  sofa: 0.163439  train: 0.827521  tvmonitor: 0.200039

epoch [88] has the best iou: 0.670861
epoch [89]
mean IoU: 0.889531  background: 0.960406  foreground: 0.818656
mean IoU: 0.800008  background: 0.960406  aeroplane: 0.948299  bicycle: 0.616508  bird: 0.891513  boat: 0.867324  bottle: 0.633090  bus: 0.902648  car: 0.797456  cat: 0.965146  chair: 0.490546  cow: 0.851901  diningtable: 0.638762  dog: 0.900392  horse: 0.898020  motorbike: 0.875654  person: 0.835099  pottedplant: 0.527379  sheep: nan  sofa: nan  train: nan  tvmonitor: nan
mean IoU: 0.795475  background: 0.921030  foreground: 0.669919
mean IoU: 0.626771  background: 0.921030  aeroplane: 0.858256  bicycle: 0.367445  bird: 0.724098  boat: 0.616478  bottle: 0.513202  bus: 0.846601  car: 0.502683  cat: 0.878896  chair: 0.260638  cow: 0.778193  diningtable: 0.392652  dog: 0.816728  horse: 0.793403  motorbike: 0.852668  person: 0.810635  pottedplant: 0.234060  sheep: 0.778469  sofa: 0.171612  train: 0.827853  tvmonitor: 0.216590

epoch [90]
mean IoU: 0.890242  background: 0.960450  foreground: 0.820034
mean IoU: 0.799643  background: 0.960450  aeroplane: 0.939572  bicycle: 0.604835  bird: 0.903745  boat: 0.856169  bottle: 0.650037  bus: 0.912557  car: 0.799612  cat: 0.960600  chair: 0.527272  cow: 0.866479  diningtable: 0.624093  dog: 0.904031  horse: 0.890625  motorbike: 0.884812  person: 0.840461  pottedplant: 0.468585  sheep: nan  sofa: nan  train: nan  tvmonitor: nan
mean IoU: 0.795357  background: 0.920197  foreground: 0.670516
mean IoU: 0.627491  background: 0.920197  aeroplane: 0.855854  bicycle: 0.373476  bird: 0.731683  boat: 0.648395  bottle: 0.546967  bus: 0.861469  car: 0.503289  cat: 0.873884  chair: 0.240663  cow: 0.801143  diningtable: 0.392403  dog: 0.789437  horse: 0.805936  motorbike: 0.856148  person: 0.798448  pottedplant: 0.132854  sheep: 0.838686  sofa: 0.193899  train: 0.840207  tvmonitor: 0.172271

epoch [91]
mean IoU: 0.883283  background: 0.957816  foreground: 0.808750
mean IoU: 0.786824  background: 0.957816  aeroplane: 0.923715  bicycle: 0.587969  bird: 0.919701  boat: 0.836609  bottle: 0.614278  bus: 0.900001  car: 0.742792  cat: 0.952394  chair: 0.494998  cow: 0.863088  diningtable: 0.633078  dog: 0.899077  horse: 0.892963  motorbike: 0.877551  person: 0.836830  pottedplant: 0.443148  sheep: nan  sofa: nan  train: nan  tvmonitor: nan
mean IoU: 0.793365  background: 0.920944  foreground: 0.665786
mean IoU: 0.622524  background: 0.920944  aeroplane: 0.834295  bicycle: 0.377958  bird: 0.693472  boat: 0.630967  bottle: 0.543110  bus: 0.839641  car: 0.520901  cat: 0.874990  chair: 0.290344  cow: 0.821384  diningtable: 0.386664  dog: 0.807788  horse: 0.765474  motorbike: 0.842449  person: 0.799726  pottedplant: 0.181879  sheep: 0.772142  sofa: 0.168369  train: 0.804084  tvmonitor: 0.196418

epoch [92]
mean IoU: 0.888912  background: 0.960144  foreground: 0.817681
mean IoU: 0.798100  background: 0.960144  aeroplane: 0.947161  bicycle: 0.601460  bird: 0.911731  boat: 0.820961  bottle: 0.638241  bus: 0.913755  car: 0.779875  cat: 0.961201  chair: 0.490469  cow: 0.892568  diningtable: 0.616096  dog: 0.903432  horse: 0.899393  motorbike: 0.872133  person: 0.840565  pottedplant: 0.518519  sheep: nan  sofa: nan  train: nan  tvmonitor: nan
mean IoU: 0.795502  background: 0.920561  foreground: 0.670443
mean IoU: 0.630810  background: 0.920561  aeroplane: 0.835509  bicycle: 0.372022  bird: 0.718469  boat: 0.688573  bottle: 0.535630  bus: 0.841498  car: 0.534710  cat: 0.878746  chair: 0.260708  cow: 0.824211  diningtable: 0.426374  dog: 0.797736  horse: 0.811315  motorbike: 0.849659  person: 0.798417  pottedplant: 0.192024  sheep: 0.782676  sofa: 0.184428  train: 0.814851  tvmonitor: 0.178885

epoch [93]
mean IoU: 0.886120  background: 0.958910  foreground: 0.813331
mean IoU: 0.795473  background: 0.958910  aeroplane: 0.945180  bicycle: 0.603393  bird: 0.903299  boat: 0.860672  bottle: 0.631783  bus: 0.916546  car: 0.777927  cat: 0.961397  chair: 0.481579  cow: 0.867325  diningtable: 0.648833  dog: 0.891522  horse: 0.907805  motorbike: 0.882245  person: 0.820035  pottedplant: 0.464590  sheep: nan  sofa: nan  train: nan  tvmonitor: nan
mean IoU: 0.795019  background: 0.921341  foreground: 0.668696
mean IoU: 0.629241  background: 0.921341  aeroplane: 0.844830  bicycle: 0.374391  bird: 0.713036  boat: 0.653555  bottle: 0.515958  bus: 0.826749  car: 0.480473  cat: 0.871827  chair: 0.333681  cow: 0.840332  diningtable: 0.427621  dog: 0.802492  horse: 0.777297  motorbike: 0.856323  person: 0.794181  pottedplant: 0.195576  sheep: 0.818000  sofa: 0.180429  train: 0.808507  tvmonitor: 0.177467

epoch [94]
mean IoU: 0.891631  background: 0.960855  foreground: 0.822407
mean IoU: 0.802444  background: 0.960855  aeroplane: 0.949927  bicycle: 0.605144  bird: 0.896275  boat: 0.848412  bottle: 0.618612  bus: 0.921795  car: 0.793134  cat: 0.964876  chair: 0.497364  cow: 0.881722  diningtable: 0.675823  dog: 0.893572  horse: 0.904043  motorbike: 0.882438  person: 0.835759  pottedplant: 0.511790  sheep: nan  sofa: nan  train: nan  tvmonitor: nan
mean IoU: 0.796946  background: 0.922174  foreground: 0.671718
mean IoU: 0.627892  background: 0.922174  aeroplane: 0.886968  bicycle: 0.362671  bird: 0.730150  boat: 0.655264  bottle: 0.495246  bus: 0.852413  car: 0.503288  cat: 0.872285  chair: 0.250545  cow: 0.844267  diningtable: 0.404330  dog: 0.788235  horse: 0.782253  motorbike: 0.852963  person: 0.811732  pottedplant: 0.198517  sheep: 0.820757  sofa: 0.176524  train: 0.820285  tvmonitor: 0.154860

epoch [94] has the best iou: 0.671718
epoch [95]
mean IoU: 0.893596  background: 0.961753  foreground: 0.825440
mean IoU: 0.807023  background: 0.961753  aeroplane: 0.955965  bicycle: 0.612012  bird: 0.900348  boat: 0.863441  bottle: 0.651477  bus: 0.925518  car: 0.794115  cat: 0.966839  chair: 0.507946  cow: 0.861607  diningtable: 0.643462  dog: 0.907418  horse: 0.915272  motorbike: 0.878584  person: 0.839381  pottedplant: 0.534252  sheep: nan  sofa: nan  train: nan  tvmonitor: nan
mean IoU: 0.796204  background: 0.921586  foreground: 0.670823
mean IoU: 0.627326  background: 0.921586  aeroplane: 0.880263  bicycle: 0.362478  bird: 0.714276  boat: 0.630688  bottle: 0.478598  bus: 0.855402  car: 0.474961  cat: 0.883168  chair: 0.292089  cow: 0.818726  diningtable: 0.414909  dog: 0.801951  horse: 0.814541  motorbike: 0.854661  person: 0.808925  pottedplant: 0.192648  sheep: 0.821170  sofa: 0.161646  train: 0.801093  tvmonitor: 0.190072

epoch [96]
mean IoU: 0.881539  background: 0.956886  foreground: 0.806193
mean IoU: 0.787042  background: 0.956886  aeroplane: 0.955742  bicycle: 0.608486  bird: 0.841650  boat: 0.840235  bottle: 0.616276  bus: 0.922796  car: 0.713394  cat: 0.949145  chair: 0.482307  cow: 0.883913  diningtable: 0.655170  dog: 0.836598  horse: 0.897314  motorbike: 0.894451  person: 0.837423  pottedplant: 0.487933  sheep: nan  sofa: nan  train: nan  tvmonitor: nan
mean IoU: 0.788234  background: 0.920124  foreground: 0.656344
mean IoU: 0.608627  background: 0.920124  aeroplane: 0.871327  bicycle: 0.334842  bird: 0.675683  boat: 0.645853  bottle: 0.496361  bus: 0.865957  car: 0.481097  cat: 0.876643  chair: 0.191495  cow: 0.845969  diningtable: 0.382266  dog: 0.765059  horse: 0.805265  motorbike: 0.852888  person: 0.777786  pottedplant: 0.121741  sheep: 0.799599  sofa: 0.127524  train: 0.790356  tvmonitor: 0.153328

epoch [97]
mean IoU: 0.881647  background: 0.957301  foreground: 0.805993
mean IoU: 0.785996  background: 0.957301  aeroplane: 0.954582  bicycle: 0.555343  bird: 0.850785  boat: 0.856618  bottle: 0.646175  bus: 0.921959  car: 0.801067  cat: 0.905887  chair: 0.442712  cow: 0.878606  diningtable: 0.620026  dog: 0.853554  horse: 0.892268  motorbike: 0.894447  person: 0.842106  pottedplant: 0.488500  sheep: nan  sofa: nan  train: nan  tvmonitor: nan
mean IoU: 0.794673  background: 0.921253  foreground: 0.668092
mean IoU: 0.626348  background: 0.921253  aeroplane: 0.886119  bicycle: 0.353615  bird: 0.680399  boat: 0.644050  bottle: 0.550850  bus: 0.848647  car: 0.502571  cat: 0.856998  chair: 0.230651  cow: 0.787137  diningtable: 0.424477  dog: 0.790838  horse: 0.831407  motorbike: 0.857713  person: 0.797160  pottedplant: 0.224763  sheep: 0.807926  sofa: 0.183547  train: 0.823293  tvmonitor: 0.149885

epoch [98]
mean IoU: 0.887563  background: 0.959449  foreground: 0.815677
mean IoU: 0.800776  background: 0.959449  aeroplane: 0.955882  bicycle: 0.603694  bird: 0.906207  boat: 0.858980  bottle: 0.684689  bus: 0.919408  car: 0.764049  cat: 0.932595  chair: 0.474795  cow: 0.905900  diningtable: 0.655524  dog: 0.860716  horse: 0.908169  motorbike: 0.897099  person: 0.840597  pottedplant: 0.485434  sheep: nan  sofa: nan  train: nan  tvmonitor: nan
mean IoU: 0.796590  background: 0.920341  foreground: 0.672839
mean IoU: 0.635006  background: 0.920341  aeroplane: 0.874073  bicycle: 0.366382  bird: 0.727859  boat: 0.671127  bottle: 0.530447  bus: 0.849785  car: 0.527561  cat: 0.852692  chair: 0.291229  cow: 0.830977  diningtable: 0.417799  dog: 0.772522  horse: 0.826008  motorbike: 0.810637  person: 0.802981  pottedplant: 0.233220  sheep: 0.784031  sofa: 0.197174  train: 0.841156  tvmonitor: 0.207114

epoch [98] has the best iou: 0.672839
epoch [99]
mean IoU: 0.889501  background: 0.960364  foreground: 0.818639
mean IoU: 0.800129  background: 0.960364  aeroplane: 0.931861  bicycle: 0.586557  bird: 0.914672  boat: 0.855090  bottle: 0.677598  bus: 0.919832  car: 0.766352  cat: 0.940897  chair: 0.450965  cow: 0.896857  diningtable: 0.665697  dog: 0.886002  horse: 0.913795  motorbike: 0.886926  person: 0.844184  pottedplant: 0.504542  sheep: nan  sofa: nan  train: nan  tvmonitor: nan
mean IoU: 0.791136  background: 0.918209  foreground: 0.664064
mean IoU: 0.625410  background: 0.918209  aeroplane: 0.807175  bicycle: 0.355732  bird: 0.691328  boat: 0.617301  bottle: 0.499521  bus: 0.847815  car: 0.498045  cat: 0.859599  chair: 0.299797  cow: 0.831219  diningtable: 0.423885  dog: 0.807931  horse: 0.768862  motorbike: 0.846178  person: 0.777297  pottedplant: 0.218631  sheep: 0.822709  sofa: 0.193281  train: 0.825812  tvmonitor: 0.223275

