Namespace(checkpoint_path='./pretrain-weights/sam_vit_h_4b8939.pth', model_type='vit_h', device='cuda', voc2012_path='./VOC2012', n_emb=5, lr=0.005, batch_size=32, num_workers=24, epoch=100, unseen_classes=[17, 18, 19, 20])
1848
2148
Initializing a generic context
Initial context: "X X X X X X X X X X X X X X X X"
Number of context words (tokens): 16
epoch [0]
mean IoU: 0.507252  background: 0.796158  foreground: 0.218347
mean IoU: 0.245594  background: 0.796158  aeroplane: 0.208013  bicycle: 0.130193  bird: 0.262042  boat: 0.220047  bottle: 0.088103  bus: 0.338017  car: 0.218262  cat: 0.346392  chair: 0.064956  cow: 0.299561  diningtable: 0.045665  dog: 0.346914  horse: 0.227216  motorbike: 0.293546  person: 0.160871  pottedplant: 0.129147  sheep: nan  sofa: nan  train: nan  tvmonitor: nan
mean IoU: 0.638295  background: 0.860343  foreground: 0.416246
mean IoU: 0.434387  background: 0.860343  aeroplane: 0.686556  bicycle: 0.235706  bird: 0.603791  boat: 0.384297  bottle: 0.297445  bus: 0.592180  car: 0.308136  cat: 0.787478  chair: 0.060329  cow: 0.624185  diningtable: 0.010104  dog: 0.757549  horse: 0.555240  motorbike: 0.445560  person: 0.294216  pottedplant: 0.160372  sheep: 0.694684  sofa: 0.049829  train: 0.467467  tvmonitor: 0.246657

epoch [0] has the best iou: 0.416246
epoch [1]
mean IoU: 0.699332  background: 0.881873  foreground: 0.516790
mean IoU: 0.533474  background: 0.881873  aeroplane: 0.805608  bicycle: 0.293174  bird: 0.711468  boat: 0.560745  bottle: 0.280269  bus: 0.738432  car: 0.479520  cat: 0.830263  chair: 0.078264  cow: 0.647310  diningtable: 0.108987  dog: 0.763954  horse: 0.633565  motorbike: 0.609280  person: 0.397130  pottedplant: 0.249213  sheep: nan  sofa: nan  train: nan  tvmonitor: nan
mean IoU: 0.698205  background: 0.885253  foreground: 0.511157
mean IoU: 0.505710  background: 0.885253  aeroplane: 0.803158  bicycle: 0.240517  bird: 0.679404  boat: 0.575885  bottle: 0.216913  bus: 0.791181  car: 0.451609  cat: 0.814616  chair: 0.067241  cow: 0.714117  diningtable: 0.037758  dog: 0.796979  horse: 0.677682  motorbike: 0.615538  person: 0.399668  pottedplant: 0.101329  sheep: 0.721498  sofa: 0.058958  train: 0.746663  tvmonitor: 0.223942

epoch [1] has the best iou: 0.511157
epoch [2]
mean IoU: 0.737943  background: 0.898773  foreground: 0.577112
mean IoU: 0.561198  background: 0.898773  aeroplane: 0.773382  bicycle: 0.335926  bird: 0.686673  boat: 0.611248  bottle: 0.205574  bus: 0.784765  car: 0.518939  cat: 0.842250  chair: 0.084822  cow: 0.693946  diningtable: 0.174445  dog: 0.760322  horse: 0.736135  motorbike: 0.629349  person: 0.573528  pottedplant: 0.230294  sheep: nan  sofa: nan  train: nan  tvmonitor: nan
mean IoU: 0.740008  background: 0.893058  foreground: 0.586959
mean IoU: 0.549785  background: 0.893058  aeroplane: 0.792561  bicycle: 0.232395  bird: 0.646979  boat: 0.578823  bottle: 0.283380  bus: 0.830967  car: 0.372399  cat: 0.832726  chair: 0.074072  cow: 0.774838  diningtable: 0.142992  dog: 0.777439  horse: 0.703969  motorbike: 0.669158  person: 0.690785  pottedplant: 0.158400  sheep: 0.791910  sofa: 0.196480  train: 0.762397  tvmonitor: 0.339768

epoch [2] has the best iou: 0.586959
epoch [3]
mean IoU: 0.746023  background: 0.902576  foreground: 0.589470
mean IoU: 0.555513  background: 0.902576  aeroplane: 0.792041  bicycle: 0.208428  bird: 0.703491  boat: 0.615937  bottle: 0.166545  bus: 0.769465  car: 0.489359  cat: 0.875924  chair: 0.156971  cow: 0.684249  diningtable: 0.150096  dog: 0.781244  horse: 0.710419  motorbike: 0.651644  person: 0.635909  pottedplant: 0.149419  sheep: nan  sofa: nan  train: nan  tvmonitor: nan
mean IoU: 0.738725  background: 0.885881  foreground: 0.591568
mean IoU: 0.566729  background: 0.885881  aeroplane: 0.817412  bicycle: 0.174696  bird: 0.608645  boat: 0.618875  bottle: 0.310885  bus: 0.843665  car: 0.442167  cat: 0.822256  chair: 0.160144  cow: 0.797739  diningtable: 0.208262  dog: 0.776013  horse: 0.723610  motorbike: 0.705092  person: 0.729692  pottedplant: 0.189468  sheep: 0.766880  sofa: 0.249551  train: 0.766992  tvmonitor: 0.303383

epoch [3] has the best iou: 0.591568
epoch [4]
mean IoU: 0.750470  background: 0.902700  foreground: 0.598240
mean IoU: 0.561512  background: 0.902700  aeroplane: 0.819568  bicycle: 0.166092  bird: 0.665894  boat: 0.600192  bottle: 0.181100  bus: 0.777014  car: 0.529663  cat: 0.861695  chair: 0.130980  cow: 0.734993  diningtable: 0.185216  dog: 0.765643  horse: 0.706005  motorbike: 0.687826  person: 0.675581  pottedplant: 0.155538  sheep: nan  sofa: nan  train: nan  tvmonitor: nan
mean IoU: 0.746006  background: 0.896050  foreground: 0.595961
mean IoU: 0.560264  background: 0.896050  aeroplane: 0.782815  bicycle: 0.139559  bird: 0.672487  boat: 0.598817  bottle: 0.317128  bus: 0.843065  car: 0.415831  cat: 0.833326  chair: 0.171631  cow: 0.822416  diningtable: 0.173159  dog: 0.798012  horse: 0.737974  motorbike: 0.759010  person: 0.723885  pottedplant: 0.084194  sheep: 0.787823  sofa: 0.138682  train: 0.741618  tvmonitor: 0.328064

epoch [4] has the best iou: 0.595961
epoch [5]
mean IoU: 0.760508  background: 0.908215  foreground: 0.612800
mean IoU: 0.588028  background: 0.908215  aeroplane: 0.823064  bicycle: 0.289640  bird: 0.661295  boat: 0.625414  bottle: 0.193559  bus: 0.788093  car: 0.529612  cat: 0.867243  chair: 0.155110  cow: 0.685197  diningtable: 0.258520  dog: 0.757238  horse: 0.775748  motorbike: 0.807756  person: 0.660664  pottedplant: 0.210103  sheep: nan  sofa: nan  train: nan  tvmonitor: nan
mean IoU: 0.753666  background: 0.905044  foreground: 0.602289
mean IoU: 0.542282  background: 0.905044  aeroplane: 0.837701  bicycle: 0.202865  bird: 0.583271  boat: 0.616211  bottle: 0.134673  bus: 0.844141  car: 0.443834  cat: 0.834606  chair: 0.049446  cow: 0.777337  diningtable: 0.188068  dog: 0.783758  horse: 0.722929  motorbike: 0.826060  person: 0.746336  pottedplant: 0.070785  sheep: 0.758120  sofa: 0.048035  train: 0.732915  tvmonitor: 0.281787

epoch [5] has the best iou: 0.602289
epoch [6]
mean IoU: 0.777536  background: 0.915525  foreground: 0.639547
mean IoU: 0.602607  background: 0.915525  aeroplane: 0.770901  bicycle: 0.306764  bird: 0.771472  boat: 0.679106  bottle: 0.163312  bus: 0.827698  car: 0.550770  cat: 0.859005  chair: 0.129933  cow: 0.732247  diningtable: 0.260728  dog: 0.770186  horse: 0.777030  motorbike: 0.785814  person: 0.723241  pottedplant: 0.220583  sheep: nan  sofa: nan  train: nan  tvmonitor: nan
mean IoU: 0.759965  background: 0.900876  foreground: 0.619055
mean IoU: 0.591557  background: 0.900876  aeroplane: 0.838778  bicycle: 0.285633  bird: 0.724122  boat: 0.634614  bottle: 0.353142  bus: 0.845144  car: 0.457521  cat: 0.820690  chair: 0.116634  cow: 0.816470  diningtable: 0.272199  dog: 0.780017  horse: 0.751746  motorbike: 0.804238  person: 0.744832  pottedplant: 0.148393  sheep: 0.800298  sofa: 0.241578  train: 0.772302  tvmonitor: 0.313469

epoch [6] has the best iou: 0.619055
epoch [7]
mean IoU: 0.780108  background: 0.916213  foreground: 0.644003
mean IoU: 0.607243  background: 0.916213  aeroplane: 0.831347  bicycle: 0.333364  bird: 0.729320  boat: 0.655605  bottle: 0.165796  bus: 0.801550  car: 0.581897  cat: 0.816430  chair: 0.212154  cow: 0.718066  diningtable: 0.325292  dog: 0.760155  horse: 0.778483  motorbike: 0.788280  person: 0.740900  pottedplant: 0.168276  sheep: nan  sofa: nan  train: nan  tvmonitor: nan
mean IoU: 0.760589  background: 0.904218  foreground: 0.616961
mean IoU: 0.577189  background: 0.904218  aeroplane: 0.830198  bicycle: 0.201324  bird: 0.671919  boat: 0.613601  bottle: 0.306715  bus: 0.857856  car: 0.453582  cat: 0.829660  chair: 0.151710  cow: 0.809233  diningtable: 0.266233  dog: 0.776037  horse: 0.755242  motorbike: 0.808819  person: 0.756943  pottedplant: 0.142682  sheep: 0.720990  sofa: 0.129614  train: 0.784377  tvmonitor: 0.350026

epoch [8]
mean IoU: 0.784383  background: 0.918576  foreground: 0.650190
mean IoU: 0.616206  background: 0.918576  aeroplane: 0.832009  bicycle: 0.337126  bird: 0.677074  boat: 0.666143  bottle: 0.264923  bus: 0.825721  car: 0.551379  cat: 0.865579  chair: 0.156190  cow: 0.736790  diningtable: 0.303616  dog: 0.768689  horse: 0.795873  motorbike: 0.824903  person: 0.726740  pottedplant: 0.224170  sheep: nan  sofa: nan  train: nan  tvmonitor: nan
mean IoU: 0.766999  background: 0.908756  foreground: 0.625242
mean IoU: 0.584462  background: 0.908756  aeroplane: 0.843196  bicycle: 0.252932  bird: 0.664656  boat: 0.620780  bottle: 0.425168  bus: 0.860774  car: 0.421734  cat: 0.826820  chair: 0.129504  cow: 0.780454  diningtable: 0.276199  dog: 0.806537  horse: 0.742448  motorbike: 0.821954  person: 0.753739  pottedplant: 0.155361  sheep: 0.756877  sofa: 0.090982  train: 0.804108  tvmonitor: 0.330715

epoch [8] has the best iou: 0.625242
epoch [9]
mean IoU: 0.793570  background: 0.923214  foreground: 0.663925
mean IoU: 0.620603  background: 0.923214  aeroplane: 0.784551  bicycle: 0.280597  bird: 0.711568  boat: 0.696693  bottle: 0.221676  bus: 0.835960  car: 0.570040  cat: 0.885868  chair: 0.157204  cow: 0.767557  diningtable: 0.343629  dog: 0.808309  horse: 0.799190  motorbike: 0.792841  person: 0.755425  pottedplant: 0.215935  sheep: nan  sofa: nan  train: nan  tvmonitor: nan
mean IoU: 0.769291  background: 0.904417  foreground: 0.634164
mean IoU: 0.604016  background: 0.904417  aeroplane: 0.833977  bicycle: 0.284373  bird: 0.699681  boat: 0.637791  bottle: 0.433268  bus: 0.867170  car: 0.469932  cat: 0.842851  chair: 0.131320  cow: 0.831325  diningtable: 0.322231  dog: 0.798651  horse: 0.777800  motorbike: 0.826690  person: 0.770476  pottedplant: 0.144329  sheep: 0.781713  sofa: 0.177728  train: 0.820897  tvmonitor: 0.327714

epoch [9] has the best iou: 0.634164
epoch [10]
mean IoU: 0.801088  background: 0.925593  foreground: 0.676583
mean IoU: 0.638320  background: 0.925593  aeroplane: 0.824528  bicycle: 0.343483  bird: 0.787631  boat: 0.668451  bottle: 0.251468  bus: 0.808249  car: 0.604714  cat: 0.887263  chair: 0.190088  cow: 0.766556  diningtable: 0.385654  dog: 0.797042  horse: 0.759805  motorbike: 0.798460  person: 0.765685  pottedplant: 0.286765  sheep: nan  sofa: nan  train: nan  tvmonitor: nan
mean IoU: 0.763282  background: 0.902904  foreground: 0.623660
mean IoU: 0.592621  background: 0.902904  aeroplane: 0.867505  bicycle: 0.283097  bird: 0.702513  boat: 0.524959  bottle: 0.380277  bus: 0.858217  car: 0.484524  cat: 0.815900  chair: 0.143809  cow: 0.802078  diningtable: 0.346034  dog: 0.730094  horse: 0.784782  motorbike: 0.813559  person: 0.748261  pottedplant: 0.240122  sheep: 0.812175  sofa: 0.133908  train: 0.797142  tvmonitor: 0.273178

epoch [11]
mean IoU: 0.788748  background: 0.919478  foreground: 0.658017
mean IoU: 0.612295  background: 0.919478  aeroplane: 0.740101  bicycle: 0.334745  bird: 0.664380  boat: 0.674176  bottle: 0.251998  bus: 0.828632  car: 0.590778  cat: 0.879930  chair: 0.159327  cow: 0.754379  diningtable: 0.327026  dog: 0.788171  horse: 0.766308  motorbike: 0.795862  person: 0.760880  pottedplant: 0.172845  sheep: nan  sofa: nan  train: nan  tvmonitor: nan
mean IoU: 0.760241  background: 0.898383  foreground: 0.622099
mean IoU: 0.593202  background: 0.898383  aeroplane: 0.821213  bicycle: 0.302428  bird: 0.656526  boat: 0.619232  bottle: 0.395432  bus: 0.866257  car: 0.462069  cat: 0.818981  chair: 0.140669  cow: 0.810417  diningtable: 0.282360  dog: 0.754058  horse: 0.773365  motorbike: 0.818946  person: 0.747390  pottedplant: 0.138347  sheep: 0.769571  sofa: 0.217844  train: 0.795690  tvmonitor: 0.368064

epoch [12]
mean IoU: 0.797510  background: 0.923560  foreground: 0.671460
mean IoU: 0.638385  background: 0.923560  aeroplane: 0.833775  bicycle: 0.379583  bird: 0.751761  boat: 0.700108  bottle: 0.268648  bus: 0.833161  car: 0.556276  cat: 0.897273  chair: 0.179682  cow: 0.757879  diningtable: 0.374524  dog: 0.793331  horse: 0.787862  motorbike: 0.816412  person: 0.759404  pottedplant: 0.239310  sheep: nan  sofa: nan  train: nan  tvmonitor: nan
mean IoU: 0.773494  background: 0.910197  foreground: 0.636791
mean IoU: 0.605298  background: 0.910197  aeroplane: 0.860612  bicycle: 0.333885  bird: 0.708165  boat: 0.571289  bottle: 0.403573  bus: 0.837793  car: 0.478146  cat: 0.841470  chair: 0.217989  cow: 0.818133  diningtable: 0.322965  dog: 0.811992  horse: 0.765500  motorbike: 0.824314  person: 0.769725  pottedplant: 0.180371  sheep: 0.768012  sofa: 0.170440  train: 0.794372  tvmonitor: 0.322311

epoch [12] has the best iou: 0.636791
epoch [13]
mean IoU: 0.806964  background: 0.927324  foreground: 0.686605
mean IoU: 0.656607  background: 0.927324  aeroplane: 0.827808  bicycle: 0.442430  bird: 0.776220  boat: 0.672264  bottle: 0.303977  bus: 0.848501  car: 0.585217  cat: 0.891358  chair: 0.229978  cow: 0.790087  diningtable: 0.366513  dog: 0.798904  horse: 0.810812  motorbike: 0.804630  person: 0.777072  pottedplant: 0.309228  sheep: nan  sofa: nan  train: nan  tvmonitor: nan
mean IoU: 0.775822  background: 0.915295  foreground: 0.636348
mean IoU: 0.578112  background: 0.915295  aeroplane: 0.854102  bicycle: 0.287474  bird: 0.709540  boat: 0.581436  bottle: 0.324665  bus: 0.852284  car: 0.418770  cat: 0.833959  chair: 0.047027  cow: 0.782314  diningtable: 0.307328  dog: 0.817510  horse: 0.770596  motorbike: 0.817385  person: 0.783694  pottedplant: 0.108552  sheep: 0.769126  sofa: 0.053178  train: 0.800024  tvmonitor: 0.306104

epoch [14]
mean IoU: 0.805547  background: 0.927527  foreground: 0.683568
mean IoU: 0.644497  background: 0.927527  aeroplane: 0.835829  bicycle: 0.423900  bird: 0.696892  boat: 0.676478  bottle: 0.268872  bus: 0.818277  car: 0.604992  cat: 0.901255  chair: 0.209243  cow: 0.780726  diningtable: 0.405982  dog: 0.818609  horse: 0.809024  motorbike: 0.818790  person: 0.788414  pottedplant: 0.171645  sheep: nan  sofa: nan  train: nan  tvmonitor: nan
mean IoU: 0.769243  background: 0.906451  foreground: 0.632036
mean IoU: 0.593533  background: 0.906451  aeroplane: 0.859277  bicycle: 0.329579  bird: 0.716002  boat: 0.607291  bottle: 0.418865  bus: 0.836581  car: 0.438336  cat: 0.802710  chair: 0.171458  cow: 0.763462  diningtable: 0.312163  dog: 0.743547  horse: 0.792348  motorbike: 0.729432  person: 0.776043  pottedplant: 0.108779  sheep: 0.760659  sofa: 0.190910  train: 0.824518  tvmonitor: 0.375779

epoch [15]
mean IoU: 0.812980  background: 0.930185  foreground: 0.695775
mean IoU: 0.663222  background: 0.930185  aeroplane: 0.838365  bicycle: 0.436526  bird: 0.783878  boat: 0.695822  bottle: 0.327624  bus: 0.823200  car: 0.615005  cat: 0.895919  chair: 0.229378  cow: 0.814778  diningtable: 0.420044  dog: 0.798235  horse: 0.817276  motorbike: 0.807757  person: 0.773418  pottedplant: 0.267371  sheep: nan  sofa: nan  train: nan  tvmonitor: nan
mean IoU: 0.781206  background: 0.912545  foreground: 0.649867
mean IoU: 0.616319  background: 0.912545  aeroplane: 0.838322  bicycle: 0.365553  bird: 0.679229  boat: 0.635972  bottle: 0.453294  bus: 0.875152  car: 0.467572  cat: 0.854075  chair: 0.183966  cow: 0.823961  diningtable: 0.318471  dog: 0.791317  horse: 0.795227  motorbike: 0.814104  person: 0.786605  pottedplant: 0.211076  sheep: 0.776010  sofa: 0.229669  train: 0.810115  tvmonitor: 0.320468

epoch [15] has the best iou: 0.649867
epoch [16]
mean IoU: 0.823205  background: 0.934211  foreground: 0.712200
mean IoU: 0.678569  background: 0.934211  aeroplane: 0.861942  bicycle: 0.439771  bird: 0.795359  boat: 0.739896  bottle: 0.335855  bus: 0.861186  car: 0.606797  cat: 0.907366  chair: 0.288062  cow: 0.821873  diningtable: 0.396546  dog: 0.823174  horse: 0.802689  motorbike: 0.831835  person: 0.788689  pottedplant: 0.300422  sheep: nan  sofa: nan  train: nan  tvmonitor: nan
mean IoU: 0.783469  background: 0.915929  foreground: 0.651009
mean IoU: 0.606994  background: 0.915929  aeroplane: 0.875800  bicycle: 0.365617  bird: 0.690750  boat: 0.604506  bottle: 0.370967  bus: 0.871299  car: 0.441921  cat: 0.854451  chair: 0.200269  cow: 0.813555  diningtable: 0.394098  dog: 0.805782  horse: 0.797967  motorbike: 0.849830  person: 0.777056  pottedplant: 0.082569  sheep: 0.730251  sofa: 0.159020  train: 0.843007  tvmonitor: 0.302221

epoch [16] has the best iou: 0.651009
epoch [17]
mean IoU: 0.820627  background: 0.933568  foreground: 0.707687
mean IoU: 0.669195  background: 0.933568  aeroplane: 0.871458  bicycle: 0.456513  bird: 0.791406  boat: 0.676888  bottle: 0.282112  bus: 0.859450  car: 0.616043  cat: 0.907605  chair: 0.219048  cow: 0.825307  diningtable: 0.473989  dog: 0.815370  horse: 0.817355  motorbike: 0.815670  person: 0.788432  pottedplant: 0.226102  sheep: nan  sofa: nan  train: nan  tvmonitor: nan
mean IoU: 0.788567  background: 0.916859  foreground: 0.660275
mean IoU: 0.624483  background: 0.916859  aeroplane: 0.840870  bicycle: 0.384183  bird: 0.711406  boat: 0.621432  bottle: 0.465058  bus: 0.871317  car: 0.479867  cat: 0.849244  chair: 0.219803  cow: 0.832387  diningtable: 0.318268  dog: 0.807379  horse: 0.817965  motorbike: 0.843706  person: 0.800475  pottedplant: 0.180435  sheep: 0.774706  sofa: 0.205021  train: 0.846361  tvmonitor: 0.327391

epoch [17] has the best iou: 0.660275
epoch [18]
mean IoU: 0.820155  background: 0.933256  foreground: 0.707054
mean IoU: 0.675381  background: 0.933256  aeroplane: 0.882705  bicycle: 0.471187  bird: 0.764230  boat: 0.755053  bottle: 0.286061  bus: 0.860697  car: 0.556373  cat: 0.900683  chair: 0.232158  cow: 0.814951  diningtable: 0.454679  dog: 0.803496  horse: 0.822948  motorbike: 0.852705  person: 0.791951  pottedplant: 0.298340  sheep: nan  sofa: nan  train: nan  tvmonitor: nan
mean IoU: 0.778543  background: 0.912495  foreground: 0.644590
mean IoU: 0.611341  background: 0.912495  aeroplane: 0.852585  bicycle: 0.342438  bird: 0.695941  boat: 0.615853  bottle: 0.404065  bus: 0.874551  car: 0.462411  cat: 0.822936  chair: 0.187951  cow: 0.802785  diningtable: 0.322033  dog: 0.782560  horse: 0.803567  motorbike: 0.848378  person: 0.778055  pottedplant: 0.180849  sheep: 0.826872  sofa: 0.161389  train: 0.806946  tvmonitor: 0.353490

epoch [19]
mean IoU: 0.815491  background: 0.930300  foreground: 0.700682
mean IoU: 0.670176  background: 0.930300  aeroplane: 0.832876  bicycle: 0.436747  bird: 0.804251  boat: 0.718301  bottle: 0.311888  bus: 0.859551  car: 0.577782  cat: 0.877125  chair: 0.247413  cow: 0.814381  diningtable: 0.455660  dog: 0.800956  horse: 0.805368  motorbike: 0.811607  person: 0.800273  pottedplant: 0.308520  sheep: nan  sofa: nan  train: nan  tvmonitor: nan
mean IoU: 0.758546  background: 0.906517  foreground: 0.610576
mean IoU: 0.576042  background: 0.906517  aeroplane: 0.800799  bicycle: 0.338457  bird: 0.716253  boat: 0.567237  bottle: 0.309361  bus: 0.839398  car: 0.432771  cat: 0.828180  chair: 0.133288  cow: 0.834856  diningtable: 0.332565  dog: 0.751212  horse: 0.767537  motorbike: 0.830564  person: 0.739788  pottedplant: 0.057106  sheep: 0.798479  sofa: 0.108924  train: 0.765554  tvmonitor: 0.238034

epoch [20]
mean IoU: 0.807577  background: 0.928151  foreground: 0.687004
mean IoU: 0.662412  background: 0.928151  aeroplane: 0.853724  bicycle: 0.489606  bird: 0.743104  boat: 0.689102  bottle: 0.342603  bus: 0.839688  car: 0.550075  cat: 0.894979  chair: 0.136282  cow: 0.829999  diningtable: 0.427693  dog: 0.819068  horse: 0.809946  motorbike: 0.816039  person: 0.762331  pottedplant: 0.328607  sheep: nan  sofa: nan  train: nan  tvmonitor: nan
mean IoU: 0.774256  background: 0.911092  foreground: 0.637419
mean IoU: 0.599087  background: 0.911092  aeroplane: 0.860522  bicycle: 0.346557  bird: 0.739377  boat: 0.630593  bottle: 0.421923  bus: 0.840580  car: 0.469397  cat: 0.822202  chair: 0.144813  cow: 0.820477  diningtable: 0.351874  dog: 0.782429  horse: 0.798053  motorbike: 0.802809  person: 0.754422  pottedplant: 0.134095  sheep: 0.762749  sofa: 0.072627  train: 0.824901  tvmonitor: 0.289343

epoch [21]
mean IoU: 0.817397  background: 0.932145  foreground: 0.702650
mean IoU: 0.677851  background: 0.932145  aeroplane: 0.885648  bicycle: 0.482228  bird: 0.811450  boat: 0.762455  bottle: 0.348059  bus: 0.862951  car: 0.640107  cat: 0.901580  chair: 0.136985  cow: 0.822797  diningtable: 0.436353  dog: 0.792602  horse: 0.822453  motorbike: 0.808211  person: 0.785408  pottedplant: 0.292037  sheep: nan  sofa: nan  train: nan  tvmonitor: nan
mean IoU: 0.783752  background: 0.914066  foreground: 0.653438
mean IoU: 0.618751  background: 0.914066  aeroplane: 0.872692  bicycle: 0.388437  bird: 0.723242  boat: 0.624215  bottle: 0.444610  bus: 0.835207  car: 0.454731  cat: 0.864223  chair: 0.165557  cow: 0.823899  diningtable: 0.369078  dog: 0.828266  horse: 0.784447  motorbike: 0.811856  person: 0.780898  pottedplant: 0.144930  sheep: 0.761066  sofa: 0.245459  train: 0.836214  tvmonitor: 0.320684

epoch [22]
mean IoU: 0.817237  background: 0.931601  foreground: 0.702873
mean IoU: 0.679311  background: 0.931601  aeroplane: 0.836716  bicycle: 0.523243  bird: 0.778831  boat: 0.743896  bottle: 0.386517  bus: 0.869098  car: 0.667428  cat: 0.885712  chair: 0.190512  cow: 0.795969  diningtable: 0.442016  dog: 0.795909  horse: 0.764543  motorbike: 0.866233  person: 0.779791  pottedplant: 0.290267  sheep: nan  sofa: nan  train: nan  tvmonitor: nan
mean IoU: 0.768912  background: 0.907364  foreground: 0.630460
mean IoU: 0.591668  background: 0.907364  aeroplane: 0.831277  bicycle: 0.301669  bird: 0.655818  boat: 0.559758  bottle: 0.334875  bus: 0.832825  car: 0.507220  cat: 0.797746  chair: 0.175928  cow: 0.742029  diningtable: 0.324121  dog: 0.818222  horse: 0.794359  motorbike: 0.806131  person: 0.771676  pottedplant: 0.203408  sheep: 0.739564  sofa: 0.201152  train: 0.766590  tvmonitor: 0.353295

epoch [23]
mean IoU: 0.811494  background: 0.928674  foreground: 0.694315
mean IoU: 0.667260  background: 0.928674  aeroplane: 0.836226  bicycle: 0.484915  bird: 0.716171  boat: 0.743496  bottle: 0.311520  bus: 0.851886  car: 0.630874  cat: 0.908282  chair: 0.209546  cow: 0.803872  diningtable: 0.446536  dog: 0.803912  horse: 0.801836  motorbike: 0.837250  person: 0.774168  pottedplant: 0.254255  sheep: nan  sofa: nan  train: nan  tvmonitor: nan
mean IoU: 0.773111  background: 0.909673  foreground: 0.636549
mean IoU: 0.606458  background: 0.909673  aeroplane: 0.861628  bicycle: 0.384147  bird: 0.729499  boat: 0.595197  bottle: 0.384091  bus: 0.821780  car: 0.409029  cat: 0.827434  chair: 0.227835  cow: 0.798767  diningtable: 0.385692  dog: 0.783608  horse: 0.790656  motorbike: 0.849093  person: 0.780336  pottedplant: 0.174038  sheep: 0.746448  sofa: 0.242687  train: 0.766436  tvmonitor: 0.267547

epoch [24]
mean IoU: 0.817320  background: 0.931678  foreground: 0.702962
mean IoU: 0.683585  background: 0.931678  aeroplane: 0.890908  bicycle: 0.511042  bird: 0.783421  boat: 0.721944  bottle: 0.351918  bus: 0.837519  car: 0.600119  cat: 0.902463  chair: 0.211487  cow: 0.818143  diningtable: 0.482232  dog: 0.807958  horse: 0.813483  motorbike: 0.817165  person: 0.765707  pottedplant: 0.373751  sheep: nan  sofa: nan  train: nan  tvmonitor: nan
mean IoU: 0.784131  background: 0.913233  foreground: 0.655028
mean IoU: 0.624502  background: 0.913233  aeroplane: 0.866168  bicycle: 0.390180  bird: 0.729006  boat: 0.631727  bottle: 0.416113  bus: 0.863613  car: 0.502321  cat: 0.843537  chair: 0.209553  cow: 0.827741  diningtable: 0.399940  dog: 0.794718  horse: 0.801573  motorbike: 0.837547  person: 0.775774  pottedplant: 0.152527  sheep: 0.791011  sofa: 0.183827  train: 0.829083  tvmonitor: 0.355359

epoch [25]
mean IoU: 0.831457  background: 0.937464  foreground: 0.725449
mean IoU: 0.697713  background: 0.937464  aeroplane: 0.833404  bicycle: 0.501470  bird: 0.786420  boat: 0.765595  bottle: 0.416412  bus: 0.865312  car: 0.667773  cat: 0.898746  chair: 0.233494  cow: 0.847315  diningtable: 0.504730  dog: 0.813761  horse: 0.814576  motorbike: 0.869841  person: 0.789955  pottedplant: 0.314842  sheep: nan  sofa: nan  train: nan  tvmonitor: nan
mean IoU: 0.782242  background: 0.913152  foreground: 0.651332
mean IoU: 0.616779  background: 0.913152  aeroplane: 0.867076  bicycle: 0.376111  bird: 0.737959  boat: 0.653949  bottle: 0.445521  bus: 0.848038  car: 0.464853  cat: 0.869351  chair: 0.151309  cow: 0.805424  diningtable: 0.426801  dog: 0.795446  horse: 0.777219  motorbike: 0.849356  person: 0.783634  pottedplant: 0.126841  sheep: 0.727317  sofa: 0.159639  train: 0.809883  tvmonitor: 0.363489

epoch [26]
mean IoU: 0.832972  background: 0.938384  foreground: 0.727559
mean IoU: 0.700789  background: 0.938384  aeroplane: 0.889591  bicycle: 0.561714  bird: 0.815468  boat: 0.777253  bottle: 0.367811  bus: 0.866171  car: 0.655037  cat: 0.923530  chair: 0.242853  cow: 0.821793  diningtable: 0.492959  dog: 0.784154  horse: 0.804407  motorbike: 0.856370  person: 0.801241  pottedplant: 0.314675  sheep: nan  sofa: nan  train: nan  tvmonitor: nan
mean IoU: 0.786205  background: 0.914734  foreground: 0.657676
mean IoU: 0.624741  background: 0.914734  aeroplane: 0.848711  bicycle: 0.376763  bird: 0.702522  boat: 0.650970  bottle: 0.490131  bus: 0.863895  car: 0.497545  cat: 0.836847  chair: 0.212414  cow: 0.814477  diningtable: 0.400255  dog: 0.797223  horse: 0.810214  motorbike: 0.844121  person: 0.794030  pottedplant: 0.197364  sheep: 0.784692  sofa: 0.176354  train: 0.769163  tvmonitor: 0.337127

epoch [27]
mean IoU: 0.837948  background: 0.939819  foreground: 0.736076
mean IoU: 0.712658  background: 0.939819  aeroplane: 0.871854  bicycle: 0.502896  bird: 0.812032  boat: 0.785494  bottle: 0.449850  bus: 0.863537  car: 0.639772  cat: 0.926408  chair: 0.270801  cow: 0.851187  diningtable: 0.532157  dog: 0.831795  horse: 0.841555  motorbike: 0.851955  person: 0.791545  pottedplant: 0.352533  sheep: nan  sofa: nan  train: nan  tvmonitor: nan
mean IoU: 0.788935  background: 0.916340  foreground: 0.661531
mean IoU: 0.627167  background: 0.916340  aeroplane: 0.862877  bicycle: 0.389133  bird: 0.729048  boat: 0.649521  bottle: 0.483196  bus: 0.848807  car: 0.488473  cat: 0.856617  chair: 0.178243  cow: 0.833278  diningtable: 0.411761  dog: 0.823531  horse: 0.833965  motorbike: 0.837803  person: 0.783478  pottedplant: 0.136707  sheep: 0.757031  sofa: 0.150930  train: 0.834985  tvmonitor: 0.364777

epoch [27] has the best iou: 0.661531
epoch [28]
mean IoU: 0.837013  background: 0.940081  foreground: 0.733945
mean IoU: 0.705807  background: 0.940081  aeroplane: 0.885974  bicycle: 0.454105  bird: 0.838532  boat: 0.767609  bottle: 0.452412  bus: 0.875990  car: 0.628935  cat: 0.910352  chair: 0.269696  cow: 0.848264  diningtable: 0.514600  dog: 0.828113  horse: 0.814599  motorbike: 0.854636  person: 0.801910  pottedplant: 0.312909  sheep: nan  sofa: nan  train: nan  tvmonitor: nan
mean IoU: 0.786018  background: 0.914300  foreground: 0.657737
mean IoU: 0.624261  background: 0.914300  aeroplane: 0.875146  bicycle: 0.331238  bird: 0.730187  boat: 0.657276  bottle: 0.447407  bus: 0.851454  car: 0.492677  cat: 0.839042  chair: 0.171468  cow: 0.841477  diningtable: 0.404673  dog: 0.814694  horse: 0.822986  motorbike: 0.857029  person: 0.780861  pottedplant: 0.137247  sheep: 0.763645  sofa: 0.155579  train: 0.847239  tvmonitor: 0.373865

epoch [29]
mean IoU: 0.837806  background: 0.940311  foreground: 0.735300
mean IoU: 0.711763  background: 0.940311  aeroplane: 0.886410  bicycle: 0.533457  bird: 0.830939  boat: 0.790681  bottle: 0.435510  bus: 0.881083  car: 0.651740  cat: 0.918678  chair: 0.290310  cow: 0.826500  diningtable: 0.496720  dog: 0.818803  horse: 0.839227  motorbike: 0.837918  person: 0.785985  pottedplant: 0.335695  sheep: nan  sofa: nan  train: nan  tvmonitor: nan
mean IoU: 0.791494  background: 0.917370  foreground: 0.665618
mean IoU: 0.630552  background: 0.917370  aeroplane: 0.880676  bicycle: 0.357098  bird: 0.724254  boat: 0.671362  bottle: 0.482310  bus: 0.814924  car: 0.479915  cat: 0.854855  chair: 0.165387  cow: 0.836689  diningtable: 0.416536  dog: 0.811580  horse: 0.821920  motorbike: 0.831540  person: 0.803916  pottedplant: 0.204375  sheep: 0.787419  sofa: 0.183295  train: 0.836134  tvmonitor: 0.360025

epoch [29] has the best iou: 0.665618
epoch [30]
mean IoU: 0.840430  background: 0.941009  foreground: 0.739851
mean IoU: 0.720577  background: 0.941009  aeroplane: 0.894787  bicycle: 0.533384  bird: 0.855023  boat: 0.798622  bottle: 0.469949  bus: 0.851227  car: 0.657841  cat: 0.931371  chair: 0.254971  cow: 0.844161  diningtable: 0.511010  dog: 0.853440  horse: 0.837288  motorbike: 0.837392  person: 0.781345  pottedplant: 0.396984  sheep: nan  sofa: nan  train: nan  tvmonitor: nan
mean IoU: 0.785377  background: 0.917074  foreground: 0.653680
mean IoU: 0.621226  background: 0.917074  aeroplane: 0.877449  bicycle: 0.373533  bird: 0.740068  boat: 0.624179  bottle: 0.457962  bus: 0.798248  car: 0.465112  cat: 0.859391  chair: 0.100681  cow: 0.855350  diningtable: 0.418993  dog: 0.829585  horse: 0.817182  motorbike: 0.848588  person: 0.786620  pottedplant: 0.237788  sheep: 0.779537  sofa: 0.157619  train: 0.787811  tvmonitor: 0.312968

epoch [31]
mean IoU: 0.841748  background: 0.942141  foreground: 0.741356
mean IoU: 0.710514  background: 0.942141  aeroplane: 0.861838  bicycle: 0.540163  bird: 0.865826  boat: 0.784042  bottle: 0.420126  bus: 0.873587  car: 0.604450  cat: 0.935662  chair: 0.240733  cow: 0.846557  diningtable: 0.502944  dog: 0.852040  horse: 0.805530  motorbike: 0.864235  person: 0.815231  pottedplant: 0.323636  sheep: nan  sofa: nan  train: nan  tvmonitor: nan
mean IoU: 0.783874  background: 0.914669  foreground: 0.653079
mean IoU: 0.620885  background: 0.914669  aeroplane: 0.879848  bicycle: 0.375889  bird: 0.685938  boat: 0.627792  bottle: 0.418520  bus: 0.820954  car: 0.476648  cat: 0.853060  chair: 0.256640  cow: 0.826966  diningtable: 0.404304  dog: 0.806880  horse: 0.805797  motorbike: 0.842106  person: 0.795445  pottedplant: 0.194380  sheep: 0.753294  sofa: 0.164619  train: 0.813146  tvmonitor: 0.321682

epoch [32]
mean IoU: 0.841620  background: 0.941611  foreground: 0.741629
mean IoU: 0.722612  background: 0.941611  aeroplane: 0.898569  bicycle: 0.533619  bird: 0.848284  boat: 0.797014  bottle: 0.460728  bus: 0.883816  car: 0.614456  cat: 0.925834  chair: 0.298395  cow: 0.865026  diningtable: 0.505239  dog: 0.839318  horse: 0.837887  motorbike: 0.852926  person: 0.803448  pottedplant: 0.378231  sheep: nan  sofa: nan  train: nan  tvmonitor: nan
mean IoU: 0.789495  background: 0.917640  foreground: 0.661350
mean IoU: 0.629000  background: 0.917640  aeroplane: 0.820137  bicycle: 0.379725  bird: 0.741969  boat: 0.657821  bottle: 0.542324  bus: 0.829235  car: 0.487298  cat: 0.848393  chair: 0.200433  cow: 0.836383  diningtable: 0.418708  dog: 0.812349  horse: 0.797995  motorbike: 0.825486  person: 0.801342  pottedplant: 0.208765  sheep: 0.779840  sofa: 0.157311  train: 0.816842  tvmonitor: 0.329002

epoch [33]
mean IoU: 0.842375  background: 0.941644  foreground: 0.743106
mean IoU: 0.718372  background: 0.941644  aeroplane: 0.886816  bicycle: 0.536380  bird: 0.842646  boat: 0.756049  bottle: 0.481089  bus: 0.874098  car: 0.645389  cat: 0.918125  chair: 0.241165  cow: 0.852987  diningtable: 0.521587  dog: 0.820272  horse: 0.831060  motorbike: 0.869676  person: 0.821530  pottedplant: 0.371814  sheep: nan  sofa: nan  train: nan  tvmonitor: nan
mean IoU: 0.784819  background: 0.914611  foreground: 0.655028
mean IoU: 0.628141  background: 0.914611  aeroplane: 0.835718  bicycle: 0.385055  bird: 0.709124  boat: 0.645437  bottle: 0.506825  bus: 0.796514  car: 0.442038  cat: 0.859418  chair: 0.235773  cow: 0.822368  diningtable: 0.426074  dog: 0.817906  horse: 0.795956  motorbike: 0.858473  person: 0.785839  pottedplant: 0.177192  sheep: 0.778761  sofa: 0.227561  train: 0.809442  tvmonitor: 0.360884

epoch [34]
mean IoU: 0.846538  background: 0.943564  foreground: 0.749513
mean IoU: 0.728417  background: 0.943564  aeroplane: 0.888200  bicycle: 0.536208  bird: 0.854106  boat: 0.785951  bottle: 0.517783  bus: 0.880285  car: 0.640817  cat: 0.924822  chair: 0.262000  cow: 0.856787  diningtable: 0.540354  dog: 0.861358  horse: 0.838175  motorbike: 0.868712  person: 0.804259  pottedplant: 0.379700  sheep: nan  sofa: nan  train: nan  tvmonitor: nan
mean IoU: 0.791478  background: 0.918151  foreground: 0.664806
mean IoU: 0.635040  background: 0.918151  aeroplane: 0.871208  bicycle: 0.393216  bird: 0.766580  boat: 0.617868  bottle: 0.531316  bus: 0.816463  car: 0.482445  cat: 0.856430  chair: 0.264953  cow: 0.855204  diningtable: 0.410250  dog: 0.826200  horse: 0.806389  motorbike: 0.845970  person: 0.793167  pottedplant: 0.133713  sheep: 0.785359  sofa: 0.219971  train: 0.794448  tvmonitor: 0.346534

epoch [35]
mean IoU: 0.847125  background: 0.943750  foreground: 0.750500
mean IoU: 0.725969  background: 0.943750  aeroplane: 0.893309  bicycle: 0.567923  bird: 0.864588  boat: 0.783259  bottle: 0.461220  bus: 0.873724  car: 0.666594  cat: 0.943848  chair: 0.301949  cow: 0.853783  diningtable: 0.505957  dog: 0.830593  horse: 0.823409  motorbike: 0.846827  person: 0.814603  pottedplant: 0.366144  sheep: nan  sofa: nan  train: nan  tvmonitor: nan
mean IoU: 0.788954  background: 0.916213  foreground: 0.661696
mean IoU: 0.631889  background: 0.916213  aeroplane: 0.880729  bicycle: 0.391150  bird: 0.752562  boat: 0.657038  bottle: 0.479979  bus: 0.806979  car: 0.491115  cat: 0.867639  chair: 0.202979  cow: 0.844784  diningtable: 0.405824  dog: 0.834060  horse: 0.814861  motorbike: 0.828872  person: 0.798593  pottedplant: 0.206414  sheep: 0.789133  sofa: 0.184106  train: 0.792230  tvmonitor: 0.324404

epoch [36]
mean IoU: 0.850027  background: 0.945176  foreground: 0.754877
mean IoU: 0.730519  background: 0.945176  aeroplane: 0.908046  bicycle: 0.571136  bird: 0.853737  boat: 0.794443  bottle: 0.477600  bus: 0.877511  car: 0.639850  cat: 0.939845  chair: 0.294130  cow: 0.853343  diningtable: 0.535163  dog: 0.860883  horse: 0.826696  motorbike: 0.872027  person: 0.812161  pottedplant: 0.357070  sheep: nan  sofa: nan  train: nan  tvmonitor: nan
mean IoU: 0.787114  background: 0.915155  foreground: 0.659074
mean IoU: 0.633877  background: 0.915155  aeroplane: 0.832342  bicycle: 0.370459  bird: 0.790958  boat: 0.672670  bottle: 0.508417  bus: 0.829496  car: 0.438033  cat: 0.879710  chair: 0.214118  cow: 0.833837  diningtable: 0.396357  dog: 0.839600  horse: 0.825954  motorbike: 0.845157  person: 0.789604  pottedplant: 0.196312  sheep: 0.796358  sofa: 0.186625  train: 0.789967  tvmonitor: 0.360298

epoch [37]
mean IoU: 0.847425  background: 0.943991  foreground: 0.750859
mean IoU: 0.729195  background: 0.943991  aeroplane: 0.898112  bicycle: 0.559977  bird: 0.876044  boat: 0.796915  bottle: 0.473404  bus: 0.887309  car: 0.652396  cat: 0.938773  chair: 0.279220  cow: 0.848499  diningtable: 0.504426  dog: 0.872369  horse: 0.828353  motorbike: 0.876735  person: 0.793460  pottedplant: 0.366323  sheep: nan  sofa: nan  train: nan  tvmonitor: nan
mean IoU: 0.792883  background: 0.920124  foreground: 0.665642
mean IoU: 0.635384  background: 0.920124  aeroplane: 0.839409  bicycle: 0.373787  bird: 0.790441  boat: 0.662596  bottle: 0.506852  bus: 0.825384  car: 0.449336  cat: 0.873086  chair: 0.280618  cow: 0.852637  diningtable: 0.392332  dog: 0.839441  horse: 0.805735  motorbike: 0.841425  person: 0.791972  pottedplant: 0.251031  sheep: 0.787214  sofa: 0.191723  train: 0.767335  tvmonitor: 0.300593

epoch [37] has the best iou: 0.665642
epoch [38]
mean IoU: 0.858287  background: 0.948341  foreground: 0.768232
mean IoU: 0.745848  background: 0.948341  aeroplane: 0.884837  bicycle: 0.602884  bird: 0.866741  boat: 0.810448  bottle: 0.497877  bus: 0.889800  car: 0.686953  cat: 0.945033  chair: 0.323936  cow: 0.871925  diningtable: 0.527826  dog: 0.861404  horse: 0.852298  motorbike: 0.875975  person: 0.824566  pottedplant: 0.408573  sheep: nan  sofa: nan  train: nan  tvmonitor: nan
mean IoU: 0.789838  background: 0.917036  foreground: 0.662640
mean IoU: 0.631837  background: 0.917036  aeroplane: 0.815241  bicycle: 0.377915  bird: 0.761293  boat: 0.661234  bottle: 0.501389  bus: 0.855675  car: 0.467469  cat: 0.855089  chair: 0.209365  cow: 0.836082  diningtable: 0.415305  dog: 0.823646  horse: 0.803992  motorbike: 0.851272  person: 0.803508  pottedplant: 0.165638  sheep: 0.794756  sofa: 0.216227  train: 0.791494  tvmonitor: 0.344954

epoch [39]
mean IoU: 0.849985  background: 0.944653  foreground: 0.755318
mean IoU: 0.736805  background: 0.944653  aeroplane: 0.904263  bicycle: 0.559626  bird: 0.857348  boat: 0.799557  bottle: 0.432779  bus: 0.877048  car: 0.683192  cat: 0.926939  chair: 0.327318  cow: 0.873019  diningtable: 0.539008  dog: 0.875184  horse: 0.861804  motorbike: 0.870254  person: 0.795405  pottedplant: 0.398290  sheep: nan  sofa: nan  train: nan  tvmonitor: nan
mean IoU: 0.789611  background: 0.915129  foreground: 0.664094
mean IoU: 0.637636  background: 0.915129  aeroplane: 0.835144  bicycle: 0.383235  bird: 0.727144  boat: 0.677585  bottle: 0.435192  bus: 0.846035  car: 0.479460  cat: 0.864498  chair: 0.240903  cow: 0.845099  diningtable: 0.403096  dog: 0.831101  horse: 0.829951  motorbike: 0.841028  person: 0.803672  pottedplant: 0.210291  sheep: 0.797408  sofa: 0.239175  train: 0.830860  tvmonitor: 0.354355

epoch [40]
mean IoU: 0.856536  background: 0.947321  foreground: 0.765751
mean IoU: 0.748935  background: 0.947321  aeroplane: 0.925852  bicycle: 0.581543  bird: 0.871943  boat: 0.814178  bottle: 0.544040  bus: 0.885065  car: 0.683438  cat: 0.935685  chair: 0.321628  cow: 0.874933  diningtable: 0.565159  dog: 0.860292  horse: 0.841573  motorbike: 0.861034  person: 0.808366  pottedplant: 0.409837  sheep: nan  sofa: nan  train: nan  tvmonitor: nan
mean IoU: 0.788933  background: 0.917003  foreground: 0.660862
mean IoU: 0.633057  background: 0.917003  aeroplane: 0.832326  bicycle: 0.394114  bird: 0.753161  boat: 0.643056  bottle: 0.544178  bus: 0.839371  car: 0.484578  cat: 0.878349  chair: 0.218428  cow: 0.805106  diningtable: 0.405841  dog: 0.828145  horse: 0.808413  motorbike: 0.857400  person: 0.784434  pottedplant: 0.159124  sheep: 0.776381  sofa: 0.232445  train: 0.798820  tvmonitor: 0.333517

epoch [41]
mean IoU: 0.855640  background: 0.946866  foreground: 0.764413
mean IoU: 0.741894  background: 0.946866  aeroplane: 0.851462  bicycle: 0.598273  bird: 0.840240  boat: 0.807806  bottle: 0.531693  bus: 0.893448  car: 0.674594  cat: 0.941157  chair: 0.333754  cow: 0.860821  diningtable: 0.535090  dog: 0.867822  horse: 0.851692  motorbike: 0.858404  person: 0.807958  pottedplant: 0.411126  sheep: nan  sofa: nan  train: nan  tvmonitor: nan
mean IoU: 0.792773  background: 0.918166  foreground: 0.667381
mean IoU: 0.635295  background: 0.918166  aeroplane: 0.870651  bicycle: 0.349132  bird: 0.727175  boat: 0.656392  bottle: 0.502878  bus: 0.857428  car: 0.503702  cat: 0.859608  chair: 0.239104  cow: 0.806588  diningtable: 0.418484  dog: 0.856382  horse: 0.808053  motorbike: 0.827562  person: 0.795321  pottedplant: 0.198623  sheep: 0.818672  sofa: 0.176229  train: 0.812811  tvmonitor: 0.338228

epoch [41] has the best iou: 0.667381
epoch [42]
mean IoU: 0.857135  background: 0.947957  foreground: 0.766312
mean IoU: 0.745652  background: 0.947957  aeroplane: 0.908051  bicycle: 0.564381  bird: 0.845352  boat: 0.803951  bottle: 0.547995  bus: 0.880843  car: 0.659662  cat: 0.944619  chair: 0.330947  cow: 0.868996  diningtable: 0.537187  dog: 0.868315  horse: 0.857922  motorbike: 0.876759  person: 0.819439  pottedplant: 0.413706  sheep: nan  sofa: nan  train: nan  tvmonitor: nan
mean IoU: 0.790163  background: 0.918450  foreground: 0.661876
mean IoU: 0.627657  background: 0.918450  aeroplane: 0.841739  bicycle: 0.383879  bird: 0.731996  boat: 0.659408  bottle: 0.515299  bus: 0.837831  car: 0.401037  cat: 0.871707  chair: 0.206595  cow: 0.846377  diningtable: 0.414731  dog: 0.826536  horse: 0.806140  motorbike: 0.852148  person: 0.798783  pottedplant: 0.195289  sheep: 0.758918  sofa: 0.172009  train: 0.811773  tvmonitor: 0.330146

epoch [43]
mean IoU: 0.857139  background: 0.947288  foreground: 0.766990
mean IoU: 0.746314  background: 0.947288  aeroplane: 0.871132  bicycle: 0.584946  bird: 0.858707  boat: 0.826844  bottle: 0.565087  bus: 0.893816  car: 0.645923  cat: 0.939624  chair: 0.361849  cow: 0.873644  diningtable: 0.539914  dog: 0.879829  horse: 0.852303  motorbike: 0.858733  person: 0.820775  pottedplant: 0.366930  sheep: nan  sofa: nan  train: nan  tvmonitor: nan
mean IoU: 0.791846  background: 0.918122  foreground: 0.665569
mean IoU: 0.636414  background: 0.918122  aeroplane: 0.832000  bicycle: 0.388589  bird: 0.748079  boat: 0.674115  bottle: 0.562047  bus: 0.848445  car: 0.469398  cat: 0.850985  chair: 0.253865  cow: 0.857411  diningtable: 0.410320  dog: 0.839430  horse: 0.802732  motorbike: 0.850210  person: 0.785918  pottedplant: 0.173111  sheep: 0.810192  sofa: 0.196104  train: 0.792928  tvmonitor: 0.300683

epoch [44]
mean IoU: 0.858440  background: 0.948393  foreground: 0.768486
mean IoU: 0.744471  background: 0.948393  aeroplane: 0.921503  bicycle: 0.528014  bird: 0.794554  boat: 0.823898  bottle: 0.562187  bus: 0.878942  car: 0.667619  cat: 0.930441  chair: 0.345250  cow: 0.888562  diningtable: 0.574294  dog: 0.875404  horse: 0.875277  motorbike: 0.864782  person: 0.827616  pottedplant: 0.349266  sheep: nan  sofa: nan  train: nan  tvmonitor: nan
mean IoU: 0.790730  background: 0.918545  foreground: 0.662915
mean IoU: 0.625998  background: 0.918545  aeroplane: 0.850068  bicycle: 0.382417  bird: 0.712756  boat: 0.637503  bottle: 0.527832  bus: 0.845077  car: 0.469119  cat: 0.870689  chair: 0.243746  cow: 0.829399  diningtable: 0.407672  dog: 0.828598  horse: 0.810933  motorbike: 0.815226  person: 0.800119  pottedplant: 0.149468  sheep: 0.717636  sofa: 0.219514  train: 0.799741  tvmonitor: 0.309903

epoch [45]
mean IoU: 0.862946  background: 0.949914  foreground: 0.775978
mean IoU: 0.751097  background: 0.949914  aeroplane: 0.932378  bicycle: 0.558001  bird: 0.798284  boat: 0.806511  bottle: 0.555871  bus: 0.900133  car: 0.708190  cat: 0.939158  chair: 0.351117  cow: 0.870836  diningtable: 0.550719  dog: 0.890827  horse: 0.871427  motorbike: 0.884555  person: 0.832619  pottedplant: 0.368109  sheep: nan  sofa: nan  train: nan  tvmonitor: nan
mean IoU: 0.791216  background: 0.915659  foreground: 0.666772
mean IoU: 0.636555  background: 0.915659  aeroplane: 0.878799  bicycle: 0.379563  bird: 0.715705  boat: 0.653458  bottle: 0.521998  bus: 0.852363  car: 0.496840  cat: 0.847335  chair: 0.250470  cow: 0.811667  diningtable: 0.425454  dog: 0.841268  horse: 0.815159  motorbike: 0.848485  person: 0.794816  pottedplant: 0.156130  sheep: 0.744687  sofa: 0.211202  train: 0.836157  tvmonitor: 0.370433

epoch [46]
mean IoU: 0.845688  background: 0.943308  foreground: 0.748067
mean IoU: 0.723265  background: 0.943308  aeroplane: 0.892952  bicycle: 0.556024  bird: 0.810047  boat: 0.787179  bottle: 0.496571  bus: 0.895282  car: 0.648852  cat: 0.906322  chair: 0.288672  cow: 0.851359  diningtable: 0.558704  dog: 0.818355  horse: 0.850620  motorbike: 0.851221  person: 0.810173  pottedplant: 0.329856  sheep: nan  sofa: nan  train: nan  tvmonitor: nan
mean IoU: 0.784787  background: 0.915137  foreground: 0.654437
mean IoU: 0.618168  background: 0.915137  aeroplane: 0.810685  bicycle: 0.348710  bird: 0.726305  boat: 0.648387  bottle: 0.493574  bus: 0.848646  car: 0.484971  cat: 0.859896  chair: 0.200798  cow: 0.814886  diningtable: 0.427408  dog: 0.757568  horse: 0.819202  motorbike: 0.820167  person: 0.788128  pottedplant: 0.150123  sheep: 0.752526  sofa: 0.171404  train: 0.788878  tvmonitor: 0.354132

epoch [47]
mean IoU: 0.851542  background: 0.945592  foreground: 0.757492
mean IoU: 0.735482  background: 0.945592  aeroplane: 0.933540  bicycle: 0.553068  bird: 0.804703  boat: 0.818453  bottle: 0.470718  bus: 0.895174  car: 0.706347  cat: 0.936854  chair: 0.327814  cow: 0.866845  diningtable: 0.550277  dog: 0.805257  horse: 0.847907  motorbike: 0.874396  person: 0.794655  pottedplant: 0.371587  sheep: nan  sofa: nan  train: nan  tvmonitor: nan
mean IoU: 0.789326  background: 0.916451  foreground: 0.662200
mean IoU: 0.631543  background: 0.916451  aeroplane: 0.858927  bicycle: 0.377389  bird: 0.743015  boat: 0.686766  bottle: 0.499478  bus: 0.860849  car: 0.495423  cat: 0.857858  chair: 0.191837  cow: 0.848964  diningtable: 0.415065  dog: 0.805817  horse: 0.809265  motorbike: 0.821511  person: 0.777926  pottedplant: 0.212105  sheep: 0.706750  sofa: 0.199907  train: 0.832727  tvmonitor: 0.344373

epoch [48]
mean IoU: 0.849549  background: 0.944704  foreground: 0.754394
mean IoU: 0.736612  background: 0.944704  aeroplane: 0.885596  bicycle: 0.586955  bird: 0.839378  boat: 0.836133  bottle: 0.525148  bus: 0.876518  car: 0.619055  cat: 0.934553  chair: 0.312390  cow: 0.850246  diningtable: 0.547289  dog: 0.849362  horse: 0.860140  motorbike: 0.862992  person: 0.812927  pottedplant: 0.379019  sheep: nan  sofa: nan  train: nan  tvmonitor: nan
mean IoU: 0.788883  background: 0.917817  foreground: 0.659949
mean IoU: 0.619783  background: 0.917817  aeroplane: 0.839544  bicycle: 0.388503  bird: 0.721517  boat: 0.662005  bottle: 0.406612  bus: 0.846121  car: 0.458662  cat: 0.870703  chair: 0.211967  cow: 0.787660  diningtable: 0.426469  dog: 0.837078  horse: 0.827446  motorbike: 0.801645  person: 0.781565  pottedplant: 0.182631  sheep: 0.717492  sofa: 0.193701  train: 0.830895  tvmonitor: 0.305415

epoch [49]
mean IoU: 0.862220  background: 0.949921  foreground: 0.774519
mean IoU: 0.753628  background: 0.949921  aeroplane: 0.927831  bicycle: 0.582871  bird: 0.859312  boat: 0.828136  bottle: 0.584647  bus: 0.885224  car: 0.672011  cat: 0.939988  chair: 0.286606  cow: 0.863282  diningtable: 0.563951  dog: 0.859570  horse: 0.864467  motorbike: 0.880776  person: 0.826885  pottedplant: 0.436196  sheep: nan  sofa: nan  train: nan  tvmonitor: nan
mean IoU: 0.794356  background: 0.919466  foreground: 0.669247
mean IoU: 0.633001  background: 0.919466  aeroplane: 0.840803  bicycle: 0.390631  bird: 0.748736  boat: 0.652109  bottle: 0.515969  bus: 0.862175  car: 0.471543  cat: 0.851683  chair: 0.194331  cow: 0.831822  diningtable: 0.419763  dog: 0.830345  horse: 0.836060  motorbike: 0.836813  person: 0.795491  pottedplant: 0.224885  sheep: 0.714253  sofa: 0.187489  train: 0.827262  tvmonitor: 0.341396

epoch [49] has the best iou: 0.669247
epoch [50]
mean IoU: 0.858854  background: 0.948548  foreground: 0.769161
mean IoU: 0.744450  background: 0.948548  aeroplane: 0.922236  bicycle: 0.555598  bird: 0.848092  boat: 0.797464  bottle: 0.555272  bus: 0.891804  car: 0.660751  cat: 0.932739  chair: 0.287184  cow: 0.876242  diningtable: 0.565212  dog: 0.874274  horse: 0.861380  motorbike: 0.854454  person: 0.821692  pottedplant: 0.402703  sheep: nan  sofa: nan  train: nan  tvmonitor: nan
mean IoU: 0.788739  background: 0.916353  foreground: 0.661124
mean IoU: 0.629544  background: 0.916353  aeroplane: 0.858518  bicycle: 0.378379  bird: 0.752690  boat: 0.623112  bottle: 0.516472  bus: 0.822404  car: 0.479031  cat: 0.873613  chair: 0.236533  cow: 0.832793  diningtable: 0.424216  dog: 0.840412  horse: 0.830839  motorbike: 0.834708  person: 0.792781  pottedplant: 0.152189  sheep: 0.727827  sofa: 0.165695  train: 0.839356  tvmonitor: 0.322506

epoch [51]
mean IoU: 0.859386  background: 0.948237  foreground: 0.770535
mean IoU: 0.754355  background: 0.948237  aeroplane: 0.931125  bicycle: 0.578170  bird: 0.863772  boat: 0.825006  bottle: 0.543775  bus: 0.900829  car: 0.652403  cat: 0.946459  chair: 0.324406  cow: 0.882345  diningtable: 0.581313  dog: 0.828415  horse: 0.870530  motorbike: 0.878764  person: 0.813813  pottedplant: 0.454672  sheep: nan  sofa: nan  train: nan  tvmonitor: nan
mean IoU: 0.793065  background: 0.919244  foreground: 0.666887
mean IoU: 0.631577  background: 0.919244  aeroplane: 0.860616  bicycle: 0.395025  bird: 0.746885  boat: 0.670276  bottle: 0.499158  bus: 0.860897  car: 0.504864  cat: 0.876128  chair: 0.199045  cow: 0.825517  diningtable: 0.444259  dog: 0.780850  horse: 0.830599  motorbike: 0.830662  person: 0.790881  pottedplant: 0.184511  sheep: 0.739625  sofa: 0.176077  train: 0.812433  tvmonitor: 0.315573

epoch [52]
mean IoU: 0.864798  background: 0.950635  foreground: 0.778961
mean IoU: 0.759211  background: 0.950635  aeroplane: 0.935148  bicycle: 0.573649  bird: 0.882702  boat: 0.832948  bottle: 0.551520  bus: 0.884359  car: 0.705623  cat: 0.940317  chair: 0.320557  cow: 0.884165  diningtable: 0.584361  dog: 0.850470  horse: 0.874493  motorbike: 0.882932  person: 0.822091  pottedplant: 0.430613  sheep: nan  sofa: nan  train: nan  tvmonitor: nan
mean IoU: 0.792090  background: 0.919090  foreground: 0.665090
mean IoU: 0.626372  background: 0.919090  aeroplane: 0.849492  bicycle: 0.380527  bird: 0.775283  boat: 0.638316  bottle: 0.503467  bus: 0.854596  car: 0.500658  cat: 0.861301  chair: 0.207980  cow: 0.811101  diningtable: 0.385367  dog: 0.810383  horse: 0.805862  motorbike: 0.841511  person: 0.802295  pottedplant: 0.173885  sheep: 0.734958  sofa: 0.155755  train: 0.842361  tvmonitor: 0.299620

epoch [53]
mean IoU: 0.861766  background: 0.949845  foreground: 0.773687
mean IoU: 0.749288  background: 0.949845  aeroplane: 0.882643  bicycle: 0.594998  bird: 0.857054  boat: 0.827002  bottle: 0.517889  bus: 0.891194  car: 0.715547  cat: 0.942484  chair: 0.315869  cow: 0.884856  diningtable: 0.556211  dog: 0.827001  horse: 0.886176  motorbike: 0.874908  person: 0.822231  pottedplant: 0.391982  sheep: nan  sofa: nan  train: nan  tvmonitor: nan
mean IoU: 0.795692  background: 0.917217  foreground: 0.674168
mean IoU: 0.644249  background: 0.917217  aeroplane: 0.863717  bicycle: 0.398144  bird: 0.731153  boat: 0.660355  bottle: 0.556249  bus: 0.863241  car: 0.505637  cat: 0.872075  chair: 0.266389  cow: 0.852903  diningtable: 0.410603  dog: 0.792944  horse: 0.834730  motorbike: 0.845141  person: 0.811769  pottedplant: 0.197996  sheep: 0.769190  sofa: 0.213237  train: 0.832851  tvmonitor: 0.333691

epoch [53] has the best iou: 0.674168
epoch [54]
mean IoU: 0.868565  background: 0.952122  foreground: 0.785007
mean IoU: 0.762801  background: 0.952122  aeroplane: 0.926536  bicycle: 0.563105  bird: 0.859023  boat: 0.838805  bottle: 0.538423  bus: 0.901507  car: 0.680248  cat: 0.944265  chair: 0.373587  cow: 0.890691  diningtable: 0.580226  dog: 0.855939  horse: 0.876769  motorbike: 0.883147  person: 0.836241  pottedplant: 0.466973  sheep: nan  sofa: nan  train: nan  tvmonitor: nan
mean IoU: 0.786282  background: 0.916259  foreground: 0.656306
mean IoU: 0.617153  background: 0.916259  aeroplane: 0.765078  bicycle: 0.368707  bird: 0.643130  boat: 0.654511  bottle: 0.523234  bus: 0.859555  car: 0.472498  cat: 0.862617  chair: 0.244654  cow: 0.801775  diningtable: 0.389082  dog: 0.822130  horse: 0.825068  motorbike: 0.848165  person: 0.803529  pottedplant: 0.164784  sheep: 0.711721  sofa: 0.197868  train: 0.784516  tvmonitor: 0.301337

epoch [55]
mean IoU: 0.865560  background: 0.951122  foreground: 0.779998
mean IoU: 0.757514  background: 0.951122  aeroplane: 0.927709  bicycle: 0.568831  bird: 0.845982  boat: 0.843060  bottle: 0.548558  bus: 0.893481  car: 0.673411  cat: 0.932821  chair: 0.368627  cow: 0.877391  diningtable: 0.594014  dog: 0.855527  horse: 0.882890  motorbike: 0.890272  person: 0.835370  pottedplant: 0.388665  sheep: nan  sofa: nan  train: nan  tvmonitor: nan
mean IoU: 0.792484  background: 0.918796  foreground: 0.666172
mean IoU: 0.629566  background: 0.918796  aeroplane: 0.856105  bicycle: 0.337083  bird: 0.719706  boat: 0.669926  bottle: 0.516747  bus: 0.858587  car: 0.521947  cat: 0.873396  chair: 0.195998  cow: 0.822371  diningtable: 0.410703  dog: 0.769016  horse: 0.834403  motorbike: 0.838673  person: 0.791234  pottedplant: 0.190007  sheep: 0.747191  sofa: 0.232082  train: 0.831541  tvmonitor: 0.285371

epoch [56]
mean IoU: 0.865531  background: 0.951302  foreground: 0.779759
mean IoU: 0.756050  background: 0.951302  aeroplane: 0.942105  bicycle: 0.535170  bird: 0.868012  boat: 0.835798  bottle: 0.562466  bus: 0.885619  car: 0.695340  cat: 0.947690  chair: 0.355383  cow: 0.873461  diningtable: 0.585514  dog: 0.858479  horse: 0.877778  motorbike: 0.858661  person: 0.832353  pottedplant: 0.387719  sheep: nan  sofa: nan  train: nan  tvmonitor: nan
mean IoU: 0.795072  background: 0.919195  foreground: 0.670948
mean IoU: 0.636737  background: 0.919195  aeroplane: 0.843196  bicycle: 0.384330  bird: 0.745800  boat: 0.688471  bottle: 0.425467  bus: 0.863784  car: 0.530488  cat: 0.872817  chair: 0.306259  cow: 0.833830  diningtable: 0.417175  dog: 0.821378  horse: 0.848086  motorbike: 0.844442  person: 0.799472  pottedplant: 0.166664  sheep: 0.761238  sofa: 0.202045  train: 0.835440  tvmonitor: 0.261909

epoch [57]
mean IoU: 0.866834  background: 0.951657  foreground: 0.782011
mean IoU: 0.758722  background: 0.951657  aeroplane: 0.941538  bicycle: 0.551601  bird: 0.870407  boat: 0.833500  bottle: 0.536087  bus: 0.902535  car: 0.664654  cat: 0.949442  chair: 0.320918  cow: 0.901695  diningtable: 0.587675  dog: 0.868472  horse: 0.874528  motorbike: 0.897834  person: 0.832305  pottedplant: 0.413417  sheep: nan  sofa: nan  train: nan  tvmonitor: nan
mean IoU: 0.794519  background: 0.920328  foreground: 0.668710
mean IoU: 0.629936  background: 0.920328  aeroplane: 0.854702  bicycle: 0.374139  bird: 0.764772  boat: 0.674296  bottle: 0.461518  bus: 0.836145  car: 0.453215  cat: 0.864116  chair: 0.280496  cow: 0.852730  diningtable: 0.451471  dog: 0.824095  horse: 0.822787  motorbike: 0.833894  person: 0.800230  pottedplant: 0.141585  sheep: 0.733653  sofa: 0.182816  train: 0.830449  tvmonitor: 0.271227

epoch [58]
mean IoU: 0.865578  background: 0.951022  foreground: 0.780134
mean IoU: 0.757189  background: 0.951022  aeroplane: 0.938978  bicycle: 0.563123  bird: 0.873649  boat: 0.822673  bottle: 0.550411  bus: 0.891771  car: 0.691670  cat: 0.949281  chair: 0.347194  cow: 0.867857  diningtable: 0.577483  dog: 0.829512  horse: 0.869104  motorbike: 0.886533  person: 0.843824  pottedplant: 0.418123  sheep: nan  sofa: nan  train: nan  tvmonitor: nan
mean IoU: 0.785512  background: 0.917918  foreground: 0.653107
mean IoU: 0.614028  background: 0.917918  aeroplane: 0.810047  bicycle: 0.389899  bird: 0.770338  boat: 0.583870  bottle: 0.564800  bus: 0.826955  car: 0.350301  cat: 0.860351  chair: 0.198876  cow: 0.776428  diningtable: 0.436414  dog: 0.810565  horse: 0.833172  motorbike: 0.810371  person: 0.801685  pottedplant: 0.232514  sheep: 0.754220  sofa: 0.113273  train: 0.791524  tvmonitor: 0.261061

epoch [59]
mean IoU: 0.854434  background: 0.946726  foreground: 0.762141
mean IoU: 0.738507  background: 0.946726  aeroplane: 0.939840  bicycle: 0.590636  bird: 0.861618  boat: 0.748961  bottle: 0.512269  bus: 0.845023  car: 0.690777  cat: 0.938280  chair: 0.290980  cow: 0.865141  diningtable: 0.540490  dog: 0.839500  horse: 0.859822  motorbike: 0.852416  person: 0.839074  pottedplant: 0.393066  sheep: nan  sofa: nan  train: nan  tvmonitor: nan
mean IoU: 0.793050  background: 0.918879  foreground: 0.667221
mean IoU: 0.625823  background: 0.918879  aeroplane: 0.868481  bicycle: 0.373839  bird: 0.728760  boat: 0.646057  bottle: 0.512109  bus: 0.879326  car: 0.511485  cat: 0.873514  chair: 0.167636  cow: 0.792872  diningtable: 0.440002  dog: 0.825873  horse: 0.807352  motorbike: 0.842547  person: 0.816484  pottedplant: 0.106413  sheep: 0.817197  sofa: 0.101655  train: 0.819009  tvmonitor: 0.292792

epoch [60]
mean IoU: 0.862780  background: 0.950167  foreground: 0.775394
mean IoU: 0.751478  background: 0.950167  aeroplane: 0.925589  bicycle: 0.599921  bird: 0.850873  boat: 0.817096  bottle: 0.586322  bus: 0.894016  car: 0.697589  cat: 0.945564  chair: 0.285530  cow: 0.843056  diningtable: 0.544220  dog: 0.874604  horse: 0.871722  motorbike: 0.867579  person: 0.833070  pottedplant: 0.388205  sheep: nan  sofa: nan  train: nan  tvmonitor: nan
mean IoU: 0.795046  background: 0.919303  foreground: 0.670788
mean IoU: 0.633785  background: 0.919303  aeroplane: 0.865821  bicycle: 0.381909  bird: 0.763718  boat: 0.657153  bottle: 0.512395  bus: 0.851834  car: 0.506668  cat: 0.852158  chair: 0.222888  cow: 0.768544  diningtable: 0.478654  dog: 0.824940  horse: 0.834462  motorbike: 0.829174  person: 0.801317  pottedplant: 0.172684  sheep: 0.689396  sofa: 0.225546  train: 0.858468  tvmonitor: 0.292460

epoch [61]
mean IoU: 0.871422  background: 0.953380  foreground: 0.789463
mean IoU: 0.769659  background: 0.953380  aeroplane: 0.941846  bicycle: 0.602838  bird: 0.878814  boat: 0.850684  bottle: 0.612006  bus: 0.888281  car: 0.683145  cat: 0.943152  chair: 0.311362  cow: 0.887836  diningtable: 0.606242  dog: 0.887865  horse: 0.895308  motorbike: 0.876279  person: 0.846215  pottedplant: 0.418951  sheep: nan  sofa: nan  train: nan  tvmonitor: nan
mean IoU: 0.792114  background: 0.918382  foreground: 0.665846
mean IoU: 0.634916  background: 0.918382  aeroplane: 0.867669  bicycle: 0.364712  bird: 0.761333  boat: 0.657329  bottle: 0.519592  bus: 0.836872  car: 0.490261  cat: 0.835674  chair: 0.285736  cow: 0.851829  diningtable: 0.425865  dog: 0.832328  horse: 0.822682  motorbike: 0.857005  person: 0.797143  pottedplant: 0.160663  sheep: 0.738308  sofa: 0.206591  train: 0.822958  tvmonitor: 0.280301

epoch [62]
mean IoU: 0.872280  background: 0.953392  foreground: 0.791167
mean IoU: 0.770663  background: 0.953392  aeroplane: 0.946821  bicycle: 0.596769  bird: 0.885501  boat: 0.818570  bottle: 0.601829  bus: 0.894594  car: 0.731743  cat: 0.945624  chair: 0.349789  cow: 0.869514  diningtable: 0.571372  dog: 0.889466  horse: 0.890871  motorbike: 0.868664  person: 0.845880  pottedplant: 0.440868  sheep: nan  sofa: nan  train: nan  tvmonitor: nan
mean IoU: 0.795431  background: 0.919372  foreground: 0.671489
mean IoU: 0.634887  background: 0.919372  aeroplane: 0.875756  bicycle: 0.404254  bird: 0.740327  boat: 0.684006  bottle: 0.538590  bus: 0.858946  car: 0.503905  cat: 0.858402  chair: 0.140857  cow: 0.782927  diningtable: 0.423821  dog: 0.834598  horse: 0.782335  motorbike: 0.856715  person: 0.812474  pottedplant: 0.171220  sheep: 0.756582  sofa: 0.213982  train: 0.838822  tvmonitor: 0.334747

epoch [63]
mean IoU: 0.867387  background: 0.951663  foreground: 0.783110
mean IoU: 0.759000  background: 0.951663  aeroplane: 0.932166  bicycle: 0.594167  bird: 0.861047  boat: 0.823255  bottle: 0.577261  bus: 0.891081  car: 0.728846  cat: 0.951382  chair: 0.326475  cow: 0.833255  diningtable: 0.536140  dog: 0.865557  horse: 0.868191  motorbike: 0.896534  person: 0.852044  pottedplant: 0.413944  sheep: nan  sofa: nan  train: nan  tvmonitor: nan
mean IoU: 0.795352  background: 0.920130  foreground: 0.670574
mean IoU: 0.632410  background: 0.920130  aeroplane: 0.878507  bicycle: 0.403685  bird: 0.775604  boat: 0.657366  bottle: 0.465330  bus: 0.850504  car: 0.510220  cat: 0.856549  chair: 0.175979  cow: 0.827778  diningtable: 0.456152  dog: 0.835997  horse: 0.852917  motorbike: 0.815917  person: 0.802830  pottedplant: 0.222166  sheep: 0.753582  sofa: 0.174831  train: 0.825491  tvmonitor: 0.219075

epoch [64]
mean IoU: 0.851538  background: 0.945715  foreground: 0.757361
mean IoU: 0.747652  background: 0.945715  aeroplane: 0.933632  bicycle: 0.545124  bird: 0.830617  boat: 0.834209  bottle: 0.578916  bus: 0.895723  car: 0.711638  cat: 0.933445  chair: 0.265395  cow: 0.872105  diningtable: 0.585862  dog: 0.854725  horse: 0.889813  motorbike: 0.888701  person: 0.750428  pottedplant: 0.394043  sheep: nan  sofa: nan  train: nan  tvmonitor: nan
mean IoU: 0.777486  background: 0.914503  foreground: 0.640469
mean IoU: 0.604505  background: 0.914503  aeroplane: 0.862335  bicycle: 0.362790  bird: 0.734147  boat: 0.617598  bottle: 0.432168  bus: 0.848528  car: 0.485205  cat: 0.848756  chair: 0.129175  cow: 0.802072  diningtable: 0.438186  dog: 0.799429  horse: 0.822380  motorbike: 0.833479  person: 0.711324  pottedplant: 0.139843  sheep: 0.737760  sofa: 0.090114  train: 0.832298  tvmonitor: 0.252516

epoch [65]
mean IoU: 0.854661  background: 0.947301  foreground: 0.762021
mean IoU: 0.749357  background: 0.947301  aeroplane: 0.942543  bicycle: 0.542222  bird: 0.843565  boat: 0.845888  bottle: 0.536644  bus: 0.879957  car: 0.714488  cat: 0.942835  chair: 0.306075  cow: 0.890496  diningtable: 0.571819  dog: 0.847531  horse: 0.883675  motorbike: 0.860891  person: 0.770078  pottedplant: 0.413061  sheep: nan  sofa: nan  train: nan  tvmonitor: nan
mean IoU: 0.787090  background: 0.917252  foreground: 0.656928
mean IoU: 0.623523  background: 0.917252  aeroplane: 0.875347  bicycle: 0.385797  bird: 0.735642  boat: 0.658393  bottle: 0.503056  bus: 0.851800  car: 0.496105  cat: 0.860387  chair: 0.254329  cow: 0.773014  diningtable: 0.429303  dog: 0.827562  horse: 0.826406  motorbike: 0.817851  person: 0.759695  pottedplant: 0.161555  sheep: 0.739085  sofa: 0.110167  train: 0.828028  tvmonitor: 0.283217

epoch [66]
mean IoU: 0.866756  background: 0.951673  foreground: 0.781839
mean IoU: 0.766776  background: 0.951673  aeroplane: 0.951153  bicycle: 0.604476  bird: 0.876030  boat: 0.835454  bottle: 0.576503  bus: 0.917162  car: 0.701165  cat: 0.943003  chair: 0.367432  cow: 0.869424  diningtable: 0.575036  dog: 0.865927  horse: 0.898095  motorbike: 0.888566  person: 0.803963  pottedplant: 0.410123  sheep: nan  sofa: nan  train: nan  tvmonitor: nan
mean IoU: 0.794140  background: 0.919186  foreground: 0.669093
mean IoU: 0.628831  background: 0.919186  aeroplane: 0.861227  bicycle: 0.392048  bird: 0.715238  boat: 0.668448  bottle: 0.490627  bus: 0.850542  car: 0.530840  cat: 0.869264  chair: 0.224660  cow: 0.823965  diningtable: 0.442822  dog: 0.834942  horse: 0.831705  motorbike: 0.829687  person: 0.784364  pottedplant: 0.142812  sheep: 0.728083  sofa: 0.126644  train: 0.847454  tvmonitor: 0.290883

epoch [67]
mean IoU: 0.870019  background: 0.952659  foreground: 0.787379
mean IoU: 0.770534  background: 0.952659  aeroplane: 0.944802  bicycle: 0.601648  bird: 0.872444  boat: 0.815569  bottle: 0.609463  bus: 0.893869  car: 0.689265  cat: 0.954614  chair: 0.352444  cow: 0.900277  diningtable: 0.611712  dog: 0.889541  horse: 0.881022  motorbike: 0.898823  person: 0.813109  pottedplant: 0.417823  sheep: nan  sofa: nan  train: nan  tvmonitor: nan
mean IoU: 0.794651  background: 0.920101  foreground: 0.669201
mean IoU: 0.630612  background: 0.920101  aeroplane: 0.866715  bicycle: 0.404696  bird: 0.742996  boat: 0.657492  bottle: 0.513319  bus: 0.872492  car: 0.528380  cat: 0.871806  chair: 0.212340  cow: 0.829010  diningtable: 0.426401  dog: 0.834314  horse: 0.817864  motorbike: 0.839185  person: 0.795952  pottedplant: 0.127740  sheep: 0.736919  sofa: 0.097178  train: 0.850186  tvmonitor: 0.297774

epoch [68]
mean IoU: 0.869801  background: 0.952895  foreground: 0.786706
mean IoU: 0.768639  background: 0.952895  aeroplane: 0.926727  bicycle: 0.604232  bird: 0.868177  boat: 0.840764  bottle: 0.601356  bus: 0.911695  car: 0.719424  cat: 0.942484  chair: 0.312217  cow: 0.907826  diningtable: 0.599735  dog: 0.879289  horse: 0.890581  motorbike: 0.894372  person: 0.815398  pottedplant: 0.399695  sheep: nan  sofa: nan  train: nan  tvmonitor: nan
mean IoU: 0.794412  background: 0.918678  foreground: 0.670146
mean IoU: 0.633244  background: 0.918678  aeroplane: 0.879606  bicycle: 0.366101  bird: 0.722034  boat: 0.675925  bottle: 0.518347  bus: 0.876413  car: 0.514070  cat: 0.859173  chair: 0.292087  cow: 0.833866  diningtable: 0.423533  dog: 0.833249  horse: 0.814934  motorbike: 0.847723  person: 0.795282  pottedplant: 0.126305  sheep: 0.724693  sofa: 0.107683  train: 0.849981  tvmonitor: 0.318432

epoch [69]
mean IoU: 0.870945  background: 0.952900  foreground: 0.788989
mean IoU: 0.771978  background: 0.952900  aeroplane: 0.929120  bicycle: 0.587375  bird: 0.839928  boat: 0.850092  bottle: 0.626555  bus: 0.910617  car: 0.729894  cat: 0.950067  chair: 0.333020  cow: 0.893338  diningtable: 0.590857  dog: 0.888956  horse: 0.876895  motorbike: 0.891775  person: 0.821394  pottedplant: 0.450842  sheep: nan  sofa: nan  train: nan  tvmonitor: nan
mean IoU: 0.793854  background: 0.919936  foreground: 0.667771
mean IoU: 0.623442  background: 0.919936  aeroplane: 0.873013  bicycle: 0.360372  bird: 0.663673  boat: 0.665319  bottle: 0.499567  bus: 0.858209  car: 0.511444  cat: 0.858194  chair: 0.179331  cow: 0.847788  diningtable: 0.409477  dog: 0.837217  horse: 0.825261  motorbike: 0.858747  person: 0.807217  pottedplant: 0.162840  sheep: 0.741821  sofa: 0.088029  train: 0.841504  tvmonitor: 0.283315

epoch [70]
mean IoU: 0.859568  background: 0.948967  foreground: 0.770169
mean IoU: 0.749116  background: 0.948967  aeroplane: 0.895402  bicycle: 0.592553  bird: 0.814148  boat: 0.829415  bottle: 0.549426  bus: 0.906670  car: 0.703986  cat: 0.950165  chair: 0.296636  cow: 0.904366  diningtable: 0.475609  dog: 0.864892  horse: 0.881444  motorbike: 0.893456  person: 0.817807  pottedplant: 0.410024  sheep: nan  sofa: nan  train: nan  tvmonitor: nan
mean IoU: 0.797509  background: 0.920258  foreground: 0.674760
mean IoU: 0.632237  background: 0.920258  aeroplane: 0.834748  bicycle: 0.411138  bird: 0.669030  boat: 0.657789  bottle: 0.533628  bus: 0.862195  car: 0.521979  cat: 0.862356  chair: 0.241861  cow: 0.838272  diningtable: 0.441023  dog: 0.818912  horse: 0.812649  motorbike: 0.845467  person: 0.806878  pottedplant: 0.154060  sheep: 0.746741  sofa: 0.119511  train: 0.845389  tvmonitor: 0.333100

epoch [70] has the best iou: 0.674760
epoch [71]
mean IoU: 0.866159  background: 0.951246  foreground: 0.781071
mean IoU: 0.760241  background: 0.951246  aeroplane: 0.898699  bicycle: 0.586761  bird: 0.867347  boat: 0.857412  bottle: 0.569384  bus: 0.908020  car: 0.689151  cat: 0.943505  chair: 0.296278  cow: 0.868830  diningtable: 0.569974  dog: 0.878910  horse: 0.885941  motorbike: 0.881643  person: 0.829551  pottedplant: 0.441439  sheep: nan  sofa: nan  train: nan  tvmonitor: nan
mean IoU: 0.796186  background: 0.920800  foreground: 0.671572
mean IoU: 0.635254  background: 0.920800  aeroplane: 0.870946  bicycle: 0.408934  bird: 0.702495  boat: 0.668022  bottle: 0.551969  bus: 0.856336  car: 0.505328  cat: 0.850460  chair: 0.209360  cow: 0.857006  diningtable: 0.446358  dog: 0.819836  horse: 0.835578  motorbike: 0.834799  person: 0.795639  pottedplant: 0.184778  sheep: 0.748677  sofa: 0.124820  train: 0.843559  tvmonitor: 0.304638

epoch [72]
mean IoU: 0.877752  background: 0.956108  foreground: 0.799397
mean IoU: 0.782319  background: 0.956108  aeroplane: 0.947149  bicycle: 0.590311  bird: 0.886528  boat: 0.862535  bottle: 0.605027  bus: 0.904631  car: 0.729186  cat: 0.952995  chair: 0.388403  cow: 0.910086  diningtable: 0.609942  dog: 0.869058  horse: 0.905072  motorbike: 0.904791  person: 0.829274  pottedplant: 0.448329  sheep: nan  sofa: nan  train: nan  tvmonitor: nan
mean IoU: 0.798435  background: 0.920960  foreground: 0.675910
mean IoU: 0.644230  background: 0.920960  aeroplane: 0.881782  bicycle: 0.405044  bird: 0.748365  boat: 0.687174  bottle: 0.569748  bus: 0.856226  car: 0.528531  cat: 0.847364  chair: 0.218082  cow: 0.819846  diningtable: 0.451802  dog: 0.830521  horse: 0.835357  motorbike: 0.854292  person: 0.799966  pottedplant: 0.191804  sheep: 0.785051  sofa: 0.134193  train: 0.840656  tvmonitor: 0.322069

epoch [72] has the best iou: 0.675910
epoch [73]
mean IoU: 0.875143  background: 0.954557  foreground: 0.795729
mean IoU: 0.781306  background: 0.954557  aeroplane: 0.949771  bicycle: 0.613065  bird: 0.908139  boat: 0.859776  bottle: 0.590932  bus: 0.915017  car: 0.732125  cat: 0.943565  chair: 0.302247  cow: 0.910009  diningtable: 0.611806  dog: 0.891163  horse: 0.907684  motorbike: 0.887837  person: 0.837490  pottedplant: 0.467010  sheep: nan  sofa: nan  train: nan  tvmonitor: nan
mean IoU: 0.793080  background: 0.918670  foreground: 0.667489
mean IoU: 0.634361  background: 0.918670  aeroplane: 0.880782  bicycle: 0.372375  bird: 0.741895  boat: 0.631154  bottle: 0.543686  bus: 0.862489  car: 0.512650  cat: 0.841800  chair: 0.256419  cow: 0.808669  diningtable: 0.462682  dog: 0.827398  horse: 0.833763  motorbike: 0.860521  person: 0.798783  pottedplant: 0.153424  sheep: 0.688392  sofa: 0.194555  train: 0.809956  tvmonitor: 0.321524

epoch [74]
mean IoU: 0.870009  background: 0.952807  foreground: 0.787211
mean IoU: 0.768556  background: 0.952807  aeroplane: 0.943454  bicycle: 0.595289  bird: 0.886602  boat: 0.840717  bottle: 0.593159  bus: 0.893542  car: 0.739349  cat: 0.946896  chair: 0.294151  cow: 0.864702  diningtable: 0.613282  dog: 0.878334  horse: 0.900478  motorbike: 0.894495  person: 0.819381  pottedplant: 0.408812  sheep: nan  sofa: nan  train: nan  tvmonitor: nan
mean IoU: 0.791414  background: 0.916919  foreground: 0.665910
mean IoU: 0.633790  background: 0.916919  aeroplane: 0.866727  bicycle: 0.343664  bird: 0.721883  boat: 0.656065  bottle: 0.529811  bus: 0.845532  car: 0.500052  cat: 0.859572  chair: 0.235499  cow: 0.839661  diningtable: 0.457635  dog: 0.846775  horse: 0.813223  motorbike: 0.831814  person: 0.802047  pottedplant: 0.176221  sheep: 0.733283  sofa: 0.175528  train: 0.847101  tvmonitor: 0.310575

epoch [75]
mean IoU: 0.872248  background: 0.953925  foreground: 0.790571
mean IoU: 0.772153  background: 0.953925  aeroplane: 0.947557  bicycle: 0.582259  bird: 0.878775  boat: 0.839351  bottle: 0.641639  bus: 0.909888  car: 0.717784  cat: 0.942555  chair: 0.319963  cow: 0.842046  diningtable: 0.618662  dog: 0.889704  horse: 0.854558  motorbike: 0.892627  person: 0.827772  pottedplant: 0.467543  sheep: nan  sofa: nan  train: nan  tvmonitor: nan
mean IoU: 0.787969  background: 0.916462  foreground: 0.659476
mean IoU: 0.622727  background: 0.916462  aeroplane: 0.839989  bicycle: 0.399969  bird: 0.709256  boat: 0.667487  bottle: 0.556392  bus: 0.859548  car: 0.473130  cat: 0.825363  chair: 0.220468  cow: 0.733062  diningtable: 0.456117  dog: 0.827628  horse: 0.815038  motorbike: 0.843811  person: 0.791212  pottedplant: 0.185029  sheep: 0.640092  sofa: 0.198747  train: 0.844949  tvmonitor: 0.273527

epoch [76]
mean IoU: 0.870848  background: 0.952930  foreground: 0.788766
mean IoU: 0.769335  background: 0.952930  aeroplane: 0.920330  bicycle: 0.554534  bird: 0.901313  boat: 0.838447  bottle: 0.620738  bus: 0.902202  car: 0.751018  cat: 0.948598  chair: 0.338981  cow: 0.889681  diningtable: 0.626920  dog: 0.880444  horse: 0.851427  motorbike: 0.843934  person: 0.811061  pottedplant: 0.446127  sheep: nan  sofa: nan  train: nan  tvmonitor: nan
mean IoU: 0.793239  background: 0.920106  foreground: 0.666372
mean IoU: 0.633343  background: 0.920106  aeroplane: 0.884339  bicycle: 0.386809  bird: 0.753890  boat: 0.674821  bottle: 0.545474  bus: 0.867360  car: 0.521005  cat: 0.841622  chair: 0.235959  cow: 0.796555  diningtable: 0.434597  dog: 0.839086  horse: 0.780722  motorbike: 0.835937  person: 0.787549  pottedplant: 0.227304  sheep: 0.719558  sofa: 0.146523  train: 0.792877  tvmonitor: 0.308117

epoch [77]
mean IoU: 0.874333  background: 0.954432  foreground: 0.794235
mean IoU: 0.778927  background: 0.954432  aeroplane: 0.946608  bicycle: 0.620260  bird: 0.880015  boat: 0.846111  bottle: 0.635431  bus: 0.882620  car: 0.768607  cat: 0.940450  chair: 0.327851  cow: 0.888742  diningtable: 0.621554  dog: 0.877380  horse: 0.891088  motorbike: 0.885392  person: 0.824078  pottedplant: 0.451147  sheep: nan  sofa: nan  train: nan  tvmonitor: nan
mean IoU: 0.793790  background: 0.919101  foreground: 0.668478
mean IoU: 0.637491  background: 0.919101  aeroplane: 0.877068  bicycle: 0.391147  bird: 0.713223  boat: 0.663888  bottle: 0.571290  bus: 0.839454  car: 0.513047  cat: 0.838055  chair: 0.229313  cow: 0.844946  diningtable: 0.417957  dog: 0.808340  horse: 0.828223  motorbike: 0.839087  person: 0.799307  pottedplant: 0.205833  sheep: 0.766710  sofa: 0.182959  train: 0.801990  tvmonitor: 0.336377

epoch [78]
mean IoU: 0.878405  background: 0.956057  foreground: 0.800752
mean IoU: 0.789683  background: 0.956057  aeroplane: 0.953100  bicycle: 0.623030  bird: 0.887403  boat: 0.867157  bottle: 0.685740  bus: 0.904736  car: 0.717192  cat: 0.942521  chair: 0.378276  cow: 0.891968  diningtable: 0.643823  dog: 0.864188  horse: 0.900243  motorbike: 0.902180  person: 0.823187  pottedplant: 0.483800  sheep: nan  sofa: nan  train: nan  tvmonitor: nan
mean IoU: 0.801289  background: 0.921469  foreground: 0.681110
mean IoU: 0.647131  background: 0.921469  aeroplane: 0.888398  bicycle: 0.413398  bird: 0.749373  boat: 0.675742  bottle: 0.590424  bus: 0.878632  car: 0.546782  cat: 0.863433  chair: 0.212985  cow: 0.829318  diningtable: 0.473361  dog: 0.837479  horse: 0.839346  motorbike: 0.836156  person: 0.803862  pottedplant: 0.179611  sheep: 0.745478  sofa: 0.194153  train: 0.805822  tvmonitor: 0.304530

epoch [78] has the best iou: 0.681110
epoch [79]
mean IoU: 0.878137  background: 0.955973  foreground: 0.800301
mean IoU: 0.786321  background: 0.955973  aeroplane: 0.951635  bicycle: 0.610408  bird: 0.910492  boat: 0.849127  bottle: 0.631855  bus: 0.891228  car: 0.755061  cat: 0.946665  chair: 0.372275  cow: 0.902454  diningtable: 0.639004  dog: 0.890448  horse: 0.896599  motorbike: 0.884804  person: 0.812239  pottedplant: 0.467195  sheep: nan  sofa: nan  train: nan  tvmonitor: nan
mean IoU: 0.795680  background: 0.919665  foreground: 0.671695
mean IoU: 0.637156  background: 0.919665  aeroplane: 0.873075  bicycle: 0.384363  bird: 0.741780  boat: 0.685446  bottle: 0.520925  bus: 0.862222  car: 0.514363  cat: 0.854965  chair: 0.230680  cow: 0.791004  diningtable: 0.391635  dog: 0.856831  horse: 0.821510  motorbike: 0.857851  person: 0.796893  pottedplant: 0.202790  sheep: 0.771415  sofa: 0.142587  train: 0.833050  tvmonitor: 0.327224

epoch [80]
mean IoU: 0.877318  background: 0.955624  foreground: 0.799011
mean IoU: 0.783955  background: 0.955624  aeroplane: 0.869442  bicycle: 0.615955  bird: 0.905898  boat: 0.824781  bottle: 0.620522  bus: 0.902005  car: 0.738027  cat: 0.949997  chair: 0.400167  cow: 0.913226  diningtable: 0.630815  dog: 0.883601  horse: 0.888648  motorbike: 0.902945  person: 0.814338  pottedplant: 0.511246  sheep: nan  sofa: nan  train: nan  tvmonitor: nan
mean IoU: 0.792409  background: 0.918565  foreground: 0.666253
mean IoU: 0.629059  background: 0.918565  aeroplane: 0.780844  bicycle: 0.387086  bird: 0.749373  boat: 0.657864  bottle: 0.532315  bus: 0.853352  car: 0.502157  cat: 0.849312  chair: 0.200687  cow: 0.840318  diningtable: 0.436525  dog: 0.842584  horse: 0.799279  motorbike: 0.841337  person: 0.819389  pottedplant: 0.209995  sheep: 0.829053  sofa: 0.112336  train: 0.771286  tvmonitor: 0.276581

epoch [81]
mean IoU: 0.879219  background: 0.956459  foreground: 0.801978
mean IoU: 0.782316  background: 0.956459  aeroplane: 0.878333  bicycle: 0.605898  bird: 0.888114  boat: 0.840902  bottle: 0.614780  bus: 0.902239  car: 0.742227  cat: 0.958303  chair: 0.380212  cow: 0.908327  diningtable: 0.634706  dog: 0.896141  horse: 0.880411  motorbike: 0.904827  person: 0.825312  pottedplant: 0.482182  sheep: nan  sofa: nan  train: nan  tvmonitor: nan
mean IoU: 0.799483  background: 0.920835  foreground: 0.678132
mean IoU: 0.643514  background: 0.920835  aeroplane: 0.812539  bicycle: 0.391074  bird: 0.733862  boat: 0.679917  bottle: 0.615226  bus: 0.868328  car: 0.522594  cat: 0.859239  chair: 0.220062  cow: 0.839409  diningtable: 0.451582  dog: 0.813204  horse: 0.797097  motorbike: 0.846113  person: 0.818203  pottedplant: 0.216295  sheep: 0.789172  sofa: 0.144190  train: 0.847394  tvmonitor: 0.327456

epoch [82]
mean IoU: 0.879670  background: 0.956470  foreground: 0.802869
mean IoU: 0.783374  background: 0.956470  aeroplane: 0.897790  bicycle: 0.589141  bird: 0.882186  boat: 0.856002  bottle: 0.599407  bus: 0.918643  car: 0.758607  cat: 0.950462  chair: 0.387815  cow: 0.910676  diningtable: 0.649950  dog: 0.875721  horse: 0.879091  motorbike: 0.883126  person: 0.820720  pottedplant: 0.501554  sheep: nan  sofa: nan  train: nan  tvmonitor: nan
mean IoU: 0.801281  background: 0.923296  foreground: 0.679267
mean IoU: 0.638476  background: 0.923296  aeroplane: 0.838372  bicycle: 0.368637  bird: 0.743956  boat: 0.684416  bottle: 0.573654  bus: 0.850930  car: 0.547641  cat: 0.858478  chair: 0.247351  cow: 0.827764  diningtable: 0.442398  dog: 0.827787  horse: 0.828957  motorbike: 0.841273  person: 0.806038  pottedplant: 0.159738  sheep: 0.759321  sofa: 0.123714  train: 0.829333  tvmonitor: 0.324939

epoch [83]
mean IoU: 0.880303  background: 0.956749  foreground: 0.803856
mean IoU: 0.788151  background: 0.956749  aeroplane: 0.932436  bicycle: 0.615458  bird: 0.892861  boat: 0.842324  bottle: 0.635393  bus: 0.916316  car: 0.759075  cat: 0.953703  chair: 0.410717  cow: 0.914736  diningtable: 0.641134  dog: 0.901314  horse: 0.892699  motorbike: 0.900501  person: 0.803126  pottedplant: 0.430020  sheep: nan  sofa: nan  train: nan  tvmonitor: nan
mean IoU: 0.800736  background: 0.922312  foreground: 0.679159
mean IoU: 0.639498  background: 0.922312  aeroplane: 0.849410  bicycle: 0.401766  bird: 0.774136  boat: 0.676821  bottle: 0.571044  bus: 0.847242  car: 0.525344  cat: 0.861207  chair: 0.221494  cow: 0.793557  diningtable: 0.410446  dog: 0.848124  horse: 0.821640  motorbike: 0.847046  person: 0.807406  pottedplant: 0.189065  sheep: 0.765085  sofa: 0.118897  train: 0.848040  tvmonitor: 0.329378

epoch [84]
mean IoU: 0.880617  background: 0.956925  foreground: 0.804310
mean IoU: 0.790432  background: 0.956925  aeroplane: 0.943948  bicycle: 0.610162  bird: 0.905049  boat: 0.859643  bottle: 0.647022  bus: 0.914749  car: 0.746999  cat: 0.950216  chair: 0.394311  cow: 0.904019  diningtable: 0.623082  dog: 0.889987  horse: 0.873692  motorbike: 0.893040  person: 0.815744  pottedplant: 0.508754  sheep: nan  sofa: nan  train: nan  tvmonitor: nan
mean IoU: 0.792939  background: 0.919348  foreground: 0.666531
mean IoU: 0.630256  background: 0.919348  aeroplane: 0.851124  bicycle: 0.409872  bird: 0.747237  boat: 0.639298  bottle: 0.525088  bus: 0.855741  car: 0.517782  cat: 0.835208  chair: 0.257034  cow: 0.803631  diningtable: 0.426088  dog: 0.770349  horse: 0.818463  motorbike: 0.858097  person: 0.801096  pottedplant: 0.172460  sheep: 0.780916  sofa: 0.098489  train: 0.823439  tvmonitor: 0.324624

epoch [85]
mean IoU: 0.882391  background: 0.957451  foreground: 0.807331
mean IoU: 0.792237  background: 0.957451  aeroplane: 0.941799  bicycle: 0.599221  bird: 0.889629  boat: 0.874209  bottle: 0.639151  bus: 0.919465  car: 0.752133  cat: 0.952875  chair: 0.389302  cow: 0.911114  diningtable: 0.617119  dog: 0.901185  horse: 0.877009  motorbike: 0.888502  person: 0.833284  pottedplant: 0.524576  sheep: nan  sofa: nan  train: nan  tvmonitor: nan
mean IoU: 0.798670  background: 0.921947  foreground: 0.675393
mean IoU: 0.632012  background: 0.921947  aeroplane: 0.861549  bicycle: 0.368895  bird: 0.734075  boat: 0.653066  bottle: 0.538950  bus: 0.875652  car: 0.524012  cat: 0.843644  chair: 0.218460  cow: 0.798606  diningtable: 0.385017  dog: 0.825448  horse: 0.838943  motorbike: 0.845343  person: 0.805163  pottedplant: 0.175690  sheep: 0.756975  sofa: 0.116612  train: 0.816111  tvmonitor: 0.368102

epoch [86]
mean IoU: 0.884735  background: 0.958364  foreground: 0.811106
mean IoU: 0.794268  background: 0.958364  aeroplane: 0.910680  bicycle: 0.609038  bird: 0.910548  boat: 0.865592  bottle: 0.651144  bus: 0.916676  car: 0.761634  cat: 0.946566  chair: 0.400993  cow: 0.913732  diningtable: 0.626971  dog: 0.897924  horse: 0.891411  motorbike: 0.906032  person: 0.830087  pottedplant: 0.505160  sheep: nan  sofa: nan  train: nan  tvmonitor: nan
mean IoU: 0.797929  background: 0.920557  foreground: 0.675301
mean IoU: 0.642862  background: 0.920557  aeroplane: 0.849637  bicycle: 0.376154  bird: 0.743826  boat: 0.680986  bottle: 0.553361  bus: 0.852355  car: 0.529181  cat: 0.839390  chair: 0.273347  cow: 0.827216  diningtable: 0.418586  dog: 0.821640  horse: 0.808323  motorbike: 0.844918  person: 0.811132  pottedplant: 0.217631  sheep: 0.780695  sofa: 0.210420  train: 0.849911  tvmonitor: 0.290839

epoch [87]
mean IoU: 0.884236  background: 0.958420  foreground: 0.810052
mean IoU: 0.792989  background: 0.958420  aeroplane: 0.936381  bicycle: 0.597368  bird: 0.905257  boat: 0.855983  bottle: 0.644147  bus: 0.917443  car: 0.728705  cat: 0.955943  chair: 0.369320  cow: 0.918076  diningtable: 0.633451  dog: 0.895530  horse: 0.888553  motorbike: 0.905404  person: 0.838331  pottedplant: 0.532493  sheep: nan  sofa: nan  train: nan  tvmonitor: nan
mean IoU: 0.803535  background: 0.923438  foreground: 0.683632
mean IoU: 0.643923  background: 0.923438  aeroplane: 0.836212  bicycle: 0.380547  bird: 0.741297  boat: 0.647304  bottle: 0.520796  bus: 0.862554  car: 0.527497  cat: 0.875993  chair: 0.308963  cow: 0.801046  diningtable: 0.416197  dog: 0.850440  horse: 0.831881  motorbike: 0.856914  person: 0.812990  pottedplant: 0.198294  sheep: 0.767843  sofa: 0.217611  train: 0.842400  tvmonitor: 0.302172

epoch [87] has the best iou: 0.683632
epoch [88]
mean IoU: 0.887638  background: 0.959701  foreground: 0.815575
mean IoU: 0.799494  background: 0.959701  aeroplane: 0.949049  bicycle: 0.610543  bird: 0.922784  boat: 0.878302  bottle: 0.612453  bus: 0.920288  car: 0.765174  cat: 0.955220  chair: 0.418821  cow: 0.919265  diningtable: 0.622696  dog: 0.886944  horse: 0.892734  motorbike: 0.893699  person: 0.847317  pottedplant: 0.536408  sheep: nan  sofa: nan  train: nan  tvmonitor: nan
mean IoU: 0.800906  background: 0.921459  foreground: 0.680354
mean IoU: 0.641806  background: 0.921459  aeroplane: 0.867435  bicycle: 0.357445  bird: 0.721598  boat: 0.668332  bottle: 0.575172  bus: 0.858062  car: 0.535898  cat: 0.856923  chair: 0.236951  cow: 0.831124  diningtable: 0.415685  dog: 0.839842  horse: 0.821547  motorbike: 0.843807  person: 0.805838  pottedplant: 0.185097  sheep: 0.788895  sofa: 0.158826  train: 0.842424  tvmonitor: 0.345562

epoch [89]
mean IoU: 0.880107  background: 0.956457  foreground: 0.803757
mean IoU: 0.793549  background: 0.956457  aeroplane: 0.932978  bicycle: 0.613672  bird: 0.885729  boat: 0.874733  bottle: 0.641516  bus: 0.907947  car: 0.759671  cat: 0.953290  chair: 0.384913  cow: 0.909537  diningtable: 0.635525  dog: 0.907719  horse: 0.907839  motorbike: 0.905402  person: 0.795104  pottedplant: 0.518304  sheep: nan  sofa: nan  train: nan  tvmonitor: nan
mean IoU: 0.792996  background: 0.917541  foreground: 0.668452
mean IoU: 0.640022  background: 0.917541  aeroplane: 0.851046  bicycle: 0.388002  bird: 0.745148  boat: 0.666414  bottle: 0.517244  bus: 0.878645  car: 0.505927  cat: 0.839641  chair: 0.265314  cow: 0.789460  diningtable: 0.435927  dog: 0.828077  horse: 0.805422  motorbike: 0.849646  person: 0.780936  pottedplant: 0.209574  sheep: 0.789221  sofa: 0.182087  train: 0.850905  tvmonitor: 0.344294

epoch [90]
mean IoU: 0.882703  background: 0.957637  foreground: 0.807769
mean IoU: 0.794077  background: 0.957637  aeroplane: 0.940068  bicycle: 0.592262  bird: 0.893103  boat: 0.859089  bottle: 0.667816  bus: 0.907060  car: 0.722740  cat: 0.953540  chair: 0.429667  cow: 0.913999  diningtable: 0.615668  dog: 0.895526  horse: 0.897905  motorbike: 0.889180  person: 0.825379  pottedplant: 0.538662  sheep: nan  sofa: nan  train: nan  tvmonitor: nan
mean IoU: 0.799101  background: 0.920340  foreground: 0.677863
mean IoU: 0.646546  background: 0.920340  aeroplane: 0.863271  bicycle: 0.367565  bird: 0.752094  boat: 0.666159  bottle: 0.590914  bus: 0.861841  car: 0.509947  cat: 0.863424  chair: 0.219417  cow: 0.825365  diningtable: 0.439263  dog: 0.842740  horse: 0.807914  motorbike: 0.826882  person: 0.803153  pottedplant: 0.235376  sheep: 0.772502  sofa: 0.195807  train: 0.847226  tvmonitor: 0.366258

epoch [91]
mean IoU: 0.886616  background: 0.958810  foreground: 0.814423
mean IoU: 0.801201  background: 0.958810  aeroplane: 0.949481  bicycle: 0.627832  bird: 0.907261  boat: 0.846425  bottle: 0.673553  bus: 0.925608  car: 0.731437  cat: 0.959349  chair: 0.440108  cow: 0.917377  diningtable: 0.634421  dog: 0.890521  horse: 0.906287  motorbike: 0.889060  person: 0.832088  pottedplant: 0.530799  sheep: nan  sofa: nan  train: nan  tvmonitor: nan
mean IoU: 0.800313  background: 0.920777  foreground: 0.679849
mean IoU: 0.646842  background: 0.920777  aeroplane: 0.854015  bicycle: 0.378794  bird: 0.767071  boat: 0.651662  bottle: 0.546866  bus: 0.883199  car: 0.517408  cat: 0.850058  chair: 0.278960  cow: 0.793841  diningtable: 0.432687  dog: 0.850459  horse: 0.794703  motorbike: 0.851487  person: 0.809554  pottedplant: 0.227097  sheep: 0.747180  sofa: 0.240749  train: 0.837196  tvmonitor: 0.349927

epoch [92]
mean IoU: 0.883355  background: 0.957882  foreground: 0.808828
mean IoU: 0.792715  background: 0.957882  aeroplane: 0.948241  bicycle: 0.566693  bird: 0.881066  boat: 0.845707  bottle: 0.654126  bus: 0.913530  car: 0.745599  cat: 0.958737  chair: 0.421331  cow: 0.918787  diningtable: 0.615862  dog: 0.899624  horse: 0.896065  motorbike: 0.893346  person: 0.828475  pottedplant: 0.531084  sheep: nan  sofa: nan  train: nan  tvmonitor: nan
mean IoU: 0.793352  background: 0.919980  foreground: 0.666725
mean IoU: 0.636178  background: 0.919980  aeroplane: 0.840084  bicycle: 0.373294  bird: 0.730252  boat: 0.678669  bottle: 0.557603  bus: 0.868483  car: 0.500803  cat: 0.844597  chair: 0.245038  cow: 0.833784  diningtable: 0.448999  dog: 0.823961  horse: 0.802738  motorbike: 0.841803  person: 0.755673  pottedplant: 0.210062  sheep: 0.745181  sofa: 0.164043  train: 0.834388  tvmonitor: 0.340307

epoch [93]
mean IoU: 0.880787  background: 0.956777  foreground: 0.804797
mean IoU: 0.789450  background: 0.956777  aeroplane: 0.943167  bicycle: 0.598420  bird: 0.908154  boat: 0.840921  bottle: 0.634595  bus: 0.914840  car: 0.734242  cat: 0.956545  chair: 0.429148  cow: 0.903833  diningtable: 0.623458  dog: 0.888194  horse: 0.898770  motorbike: 0.868656  person: 0.819306  pottedplant: 0.501625  sheep: nan  sofa: nan  train: nan  tvmonitor: nan
mean IoU: 0.803039  background: 0.922898  foreground: 0.683181
mean IoU: 0.649675  background: 0.922898  aeroplane: 0.882413  bicycle: 0.414297  bird: 0.751214  boat: 0.682279  bottle: 0.546971  bus: 0.860894  car: 0.534760  cat: 0.870760  chair: 0.307115  cow: 0.820215  diningtable: 0.408280  dog: 0.838335  horse: 0.829240  motorbike: 0.836152  person: 0.810433  pottedplant: 0.183919  sheep: 0.817252  sofa: 0.155926  train: 0.834470  tvmonitor: 0.335343

epoch [94]
mean IoU: 0.889193  background: 0.959948  foreground: 0.818439
mean IoU: 0.802574  background: 0.959948  aeroplane: 0.925827  bicycle: 0.626148  bird: 0.907629  boat: 0.863435  bottle: 0.676497  bus: 0.920162  car: 0.754759  cat: 0.961540  chair: 0.414052  cow: 0.906921  diningtable: 0.643400  dog: 0.900590  horse: 0.910560  motorbike: 0.901517  person: 0.843054  pottedplant: 0.527716  sheep: nan  sofa: nan  train: nan  tvmonitor: nan
mean IoU: 0.796746  background: 0.921492  foreground: 0.672000
mean IoU: 0.632772  background: 0.921492  aeroplane: 0.832762  bicycle: 0.376615  bird: 0.716820  boat: 0.677850  bottle: 0.525848  bus: 0.860971  car: 0.524742  cat: 0.839898  chair: 0.189122  cow: 0.839112  diningtable: 0.416082  dog: 0.840498  horse: 0.773883  motorbike: 0.824654  person: 0.809511  pottedplant: 0.210438  sheep: 0.784695  sofa: 0.186835  train: 0.824485  tvmonitor: 0.311895

epoch [95]
mean IoU: 0.886571  background: 0.959236  foreground: 0.813906
mean IoU: 0.798593  background: 0.959236  aeroplane: 0.939973  bicycle: 0.633961  bird: 0.904468  boat: 0.872777  bottle: 0.629805  bus: 0.910783  car: 0.745118  cat: 0.953480  chair: 0.430627  cow: 0.907587  diningtable: 0.646383  dog: 0.907648  horse: 0.899817  motorbike: 0.900929  person: 0.842305  pottedplant: 0.491189  sheep: nan  sofa: nan  train: nan  tvmonitor: nan
mean IoU: 0.802057  background: 0.920578  foreground: 0.683535
mean IoU: 0.657195  background: 0.920578  aeroplane: 0.875706  bicycle: 0.402043  bird: 0.756282  boat: 0.660781  bottle: 0.570951  bus: 0.866176  car: 0.504735  cat: 0.869610  chair: 0.293831  cow: 0.852648  diningtable: 0.419326  dog: 0.837716  horse: 0.811715  motorbike: 0.849075  person: 0.822782  pottedplant: 0.270881  sheep: 0.796697  sofa: 0.240433  train: 0.820704  tvmonitor: 0.358413

epoch [96]
mean IoU: 0.885718  background: 0.958571  foreground: 0.812866
mean IoU: 0.796021  background: 0.958571  aeroplane: 0.943020  bicycle: 0.623037  bird: 0.909341  boat: 0.828536  bottle: 0.650737  bus: 0.922030  car: 0.740393  cat: 0.958557  chair: 0.425382  cow: 0.913939  diningtable: 0.618529  dog: 0.893497  horse: 0.907991  motorbike: 0.884479  person: 0.849901  pottedplant: 0.504415  sheep: nan  sofa: nan  train: nan  tvmonitor: nan
mean IoU: 0.802692  background: 0.922931  foreground: 0.682453
mean IoU: 0.649458  background: 0.922931  aeroplane: 0.882492  bicycle: 0.366217  bird: 0.750082  boat: 0.677465  bottle: 0.544301  bus: 0.866592  car: 0.482784  cat: 0.876744  chair: 0.301335  cow: 0.818815  diningtable: 0.433459  dog: 0.842966  horse: 0.806880  motorbike: 0.845757  person: 0.821862  pottedplant: 0.226943  sheep: 0.756396  sofa: 0.251450  train: 0.806126  tvmonitor: 0.357016

epoch [97]
mean IoU: 0.889959  background: 0.960349  foreground: 0.819569
mean IoU: 0.801886  background: 0.960349  aeroplane: 0.954909  bicycle: 0.614160  bird: 0.895396  boat: 0.853697  bottle: 0.676312  bus: 0.910265  car: 0.758036  cat: 0.960321  chair: 0.409377  cow: 0.913126  diningtable: 0.643962  dog: 0.898919  horse: 0.913368  motorbike: 0.892374  person: 0.854247  pottedplant: 0.523245  sheep: nan  sofa: nan  train: nan  tvmonitor: nan
mean IoU: 0.801619  background: 0.923564  foreground: 0.679675
mean IoU: 0.642107  background: 0.923564  aeroplane: 0.869752  bicycle: 0.370842  bird: 0.712071  boat: 0.663332  bottle: 0.594959  bus: 0.849648  car: 0.513206  cat: 0.863858  chair: 0.266493  cow: 0.835936  diningtable: 0.430571  dog: 0.845790  horse: 0.803335  motorbike: 0.843282  person: 0.813351  pottedplant: 0.174987  sheep: 0.795301  sofa: 0.148939  train: 0.825638  tvmonitor: 0.339383

epoch [98]
mean IoU: 0.896677  background: 0.962953  foreground: 0.830402
mean IoU: 0.811696  background: 0.962953  aeroplane: 0.952137  bicycle: 0.618815  bird: 0.899634  boat: 0.867620  bottle: 0.686817  bus: 0.925995  car: 0.757950  cat: 0.959552  chair: 0.461879  cow: 0.921592  diningtable: 0.651347  dog: 0.918106  horse: 0.910036  motorbike: 0.904371  person: 0.859680  pottedplant: 0.540354  sheep: nan  sofa: nan  train: nan  tvmonitor: nan
mean IoU: 0.803046  background: 0.921804  foreground: 0.684287
mean IoU: 0.651963  background: 0.921804  aeroplane: 0.885010  bicycle: 0.426441  bird: 0.733559  boat: 0.681366  bottle: 0.546368  bus: 0.857172  car: 0.529695  cat: 0.866754  chair: 0.255694  cow: 0.816851  diningtable: 0.428658  dog: 0.842470  horse: 0.815845  motorbike: 0.853864  person: 0.827172  pottedplant: 0.230902  sheep: 0.800113  sofa: 0.181813  train: 0.824912  tvmonitor: 0.364768

epoch [98] has the best iou: 0.684287
epoch [99]
mean IoU: 0.894102  background: 0.962016  foreground: 0.826188
mean IoU: 0.808833  background: 0.962016  aeroplane: 0.949792  bicycle: 0.620701  bird: 0.902224  boat: 0.875835  bottle: 0.662699  bus: 0.919850  car: 0.748429  cat: 0.962806  chair: 0.473460  cow: 0.924707  diningtable: 0.628001  dog: 0.901793  horse: 0.914409  motorbike: 0.906776  person: 0.860621  pottedplant: 0.536048  sheep: nan  sofa: nan  train: nan  tvmonitor: nan
mean IoU: 0.807749  background: 0.925807  foreground: 0.689691
mean IoU: 0.647111  background: 0.925807  aeroplane: 0.869607  bicycle: 0.382629  bird: 0.745205  boat: 0.657461  bottle: 0.570768  bus: 0.852798  car: 0.558872  cat: 0.846818  chair: 0.267749  cow: 0.840302  diningtable: 0.435497  dog: 0.851717  horse: 0.828699  motorbike: 0.840428  person: 0.832551  pottedplant: 0.218898  sheep: 0.758350  sofa: 0.170419  train: 0.814529  tvmonitor: 0.320228

epoch [99] has the best iou: 0.689691
